Virtual User Script started at : 22/05/2014 16:12:04	[MsgId: MMSG-15967]
Starting action vuser_init.	[MsgId: MMSG-15919]
Web Turbo Replay of LoadRunner 12.0.0 for Windows 8; build 1362 (Feb  2 2014 23:20:03)  	[MsgId: MMSG-27143]
Run mode: HTML  	[MsgId: MMSG-26993]
Run-Time Settings file: "C:\Users\Richard\AppData\Local\Temp\lr5tmpdiriIm.338\lrcfgj3w.339\cfgYW6.346"  	[MsgId: MMSG-27141]
Ending action vuser_init.	[MsgId: MMSG-15918]
Running Vuser...	[MsgId: MMSG-15964]
Starting iteration 1.	[MsgId: MMSG-15968]
Maximum number of concurrent connections per server: 2  	[MsgId: MMSG-26000]
Starting action Action.	[MsgId: MMSG-15919]
Action.c(18): Notify: Transaction "RegisterNew_GetData" started.	[MsgId: MMSG-16999]
Action.c(25): Notify: Transaction "RegisterNew_GetData" ended with "Pass" status (Duration: 0.0060 Wasted Time: 0.0059).	[MsgId: MMSG-16871]
Melina Orizabal Registered as a new customer
Action.c(72): lr_think_time: 5.82 seconds (recorded think time was 5.00 seconds).	[MsgId: MMSG-15947]
Action.c(46): Notify: Transaction "RegisterNew_WriteData" started.	[MsgId: MMSG-16999]
Action.c(53): Notify: Transaction "RegisterNew_WriteData" ended with "Pass" status (Duration: 0.0038 Wasted Time: 0.0037).	[MsgId: MMSG-16871]
New Customer Melina Orizabal is now awaiting approval
Action.c(79): lr_think_time: 5.43 seconds (recorded think time was 5.00 seconds).	[MsgId: MMSG-15947]
Ending action Action.	[MsgId: MMSG-15918]
Ending iteration 1.	[MsgId: MMSG-15965]
Starting iteration 2.	[MsgId: MMSG-15968]
Starting action Action.	[MsgId: MMSG-15919]
Action.c(18): Notify: Transaction "RegisterNew_GetData" started.	[MsgId: MMSG-16999]
Action.c(25): Notify: Transaction "RegisterNew_GetData" ended with "Pass" status (Duration: 0.0050 Wasted Time: 0.0050).	[MsgId: MMSG-16871]
Tina Clapham Registered as a new customer
Action.c(72): lr_think_time: 4.73 seconds (recorded think time was 5.00 seconds).	[MsgId: MMSG-15947]
Action.c(46): Notify: Transaction "RegisterNew_WriteData" started.	[MsgId: MMSG-16999]
Action.c(53): Notify: Transaction "RegisterNew_WriteData" ended with "Pass" status (Duration: 0.0042 Wasted Time: 0.0041).	[MsgId: MMSG-16871]
New Customer Tina Clapham is now awaiting approval
Action.c(79): lr_think_time: 4.96 seconds (recorded think time was 5.00 seconds).	[MsgId: MMSG-15947]
Ending action Action.	[MsgId: MMSG-15918]
Ending iteration 2.	[MsgId: MMSG-15965]
Starting iteration 3.	[MsgId: MMSG-15968]
Starting action Action.	[MsgId: MMSG-15919]
Action.c(18): Notify: Transaction "RegisterNew_GetData" started.	[MsgId: MMSG-16999]
Action.c(25): Notify: Transaction "RegisterNew_GetData" ended with "Pass" status (Duration: 0.0041 Wasted Time: 0.0041).	[MsgId: MMSG-16871]
Luisa Devereux Registered as a new customer
Action.c(72): lr_think_time: 5.63 seconds (recorded think time was 5.00 seconds).	[MsgId: MMSG-15947]
Action.c(46): Notify: Transaction "RegisterNew_WriteData" started.	[MsgId: MMSG-16999]
Action.c(53): Notify: Transaction "RegisterNew_WriteData" ended with "Pass" status (Duration: 0.0027 Wasted Time: 0.0027).	[MsgId: MMSG-16871]
New Customer Luisa Devereux is now awaiting approval
Action.c(79): lr_think_time: 4.34 seconds (recorded think time was 5.00 seconds).	[MsgId: MMSG-15947]
Ending action Action.	[MsgId: MMSG-15918]
Ending iteration 3.	[MsgId: MMSG-15965]
Starting iteration 4.	[MsgId: MMSG-15968]
Starting action Action.	[MsgId: MMSG-15919]
Action.c(18): Notify: Transaction "RegisterNew_GetData" started.	[MsgId: MMSG-16999]
Action.c(25): Notify: Transaction "RegisterNew_GetData" ended with "Pass" status (Duration: 0.0056 Wasted Time: 0.0055).	[MsgId: MMSG-16871]
Pedro Aschoff Registered as a new customer
Action.c(72): lr_think_time: 4.44 seconds (recorded think time was 5.00 seconds).	[MsgId: MMSG-15947]
Action.c(46): Notify: Transaction "RegisterNew_WriteData" started.	[MsgId: MMSG-16999]
Action.c(53): Notify: Transaction "RegisterNew_WriteData" ended with "Pass" status (Duration: 0.0054 Wasted Time: 0.0054).	[MsgId: MMSG-16871]
New Customer Pedro Aschoff is now awaiting approval
Action.c(79): lr_think_time: 5.57 seconds (recorded think time was 5.00 seconds).	[MsgId: MMSG-15947]
Ending action Action.	[MsgId: MMSG-15918]
Ending iteration 4.	[MsgId: MMSG-15965]
Starting iteration 5.	[MsgId: MMSG-15968]
Starting action Action.	[MsgId: MMSG-15919]
Action.c(18): Notify: Transaction "RegisterNew_GetData" started.	[MsgId: MMSG-16999]
Action.c(25): Notify: Transaction "RegisterNew_GetData" ended with "Pass" status (Duration: 0.0066 Wasted Time: 0.0066).	[MsgId: MMSG-16871]
Carrol Kunimitsu Registered as a new customer
Action.c(72): lr_think_time: 4.99 seconds (recorded think time was 5.00 seconds).	[MsgId: MMSG-15947]
Action.c(46): Notify: Transaction "RegisterNew_WriteData" started.	[MsgId: MMSG-16999]
Action.c(53): Notify: Transaction "RegisterNew_WriteData" ended with "Pass" status (Duration: 0.0050 Wasted Time: 0.0050).	[MsgId: MMSG-16871]
New Customer Carrol Kunimitsu is now awaiting approval
Action.c(79): lr_think_time: 4.58 seconds (recorded think time was 5.00 seconds).	[MsgId: MMSG-15947]
Ending action Action.	[MsgId: MMSG-15918]
Ending iteration 5.	[MsgId: MMSG-15965]
Starting iteration 6.	[MsgId: MMSG-15968]
Starting action Action.	[MsgId: MMSG-15919]
Action.c(18): Notify: Transaction "RegisterNew_GetData" started.	[MsgId: MMSG-16999]
Action.c(25): Notify: Transaction "RegisterNew_GetData" ended with "Pass" status (Duration: 0.0067 Wasted Time: 0.0067).	[MsgId: MMSG-16871]
Alba Mosseri Registered as a new customer
Action.c(72): lr_think_time: 5.69 seconds (recorded think time was 5.00 seconds).	[MsgId: MMSG-15947]
Action.c(46): Notify: Transaction "RegisterNew_WriteData" started.	[MsgId: MMSG-16999]
Action.c(53): Notify: Transaction "RegisterNew_WriteData" ended with "Pass" status (Duration: 0.0030 Wasted Time: 0.0030).	[MsgId: MMSG-16871]
New Customer Alba Mosseri is now awaiting approval
Action.c(79): lr_think_time: 5.40 seconds (recorded think time was 5.00 seconds).	[MsgId: MMSG-15947]
Ending action Action.	[MsgId: MMSG-15918]
Ending iteration 6.	[MsgId: MMSG-15965]
Starting iteration 7.	[MsgId: MMSG-15968]
Starting action Action.	[MsgId: MMSG-15919]
Action.c(18): Notify: Transaction "RegisterNew_GetData" started.	[MsgId: MMSG-16999]
Action.c(25): Notify: Transaction "RegisterNew_GetData" ended with "Pass" status (Duration: 0.0058 Wasted Time: 0.0057).	[MsgId: MMSG-16871]
Domonique Sandlin Registered as a new customer
Action.c(72): lr_think_time: 5.13 seconds (recorded think time was 5.00 seconds).	[MsgId: MMSG-15947]
Action.c(46): Notify: Transaction "RegisterNew_WriteData" started.	[MsgId: MMSG-16999]
Action.c(53): Notify: Transaction "RegisterNew_WriteData" ended with "Pass" status (Duration: 0.0072 Wasted Time: 0.0071).	[MsgId: MMSG-16871]
New Customer Domonique Sandlin is now awaiting approval
Action.c(79): lr_think_time: 5.09 seconds (recorded think time was 5.00 seconds).	[MsgId: MMSG-15947]
Ending action Action.	[MsgId: MMSG-15918]
Ending iteration 7.	[MsgId: MMSG-15965]
Starting iteration 8.	[MsgId: MMSG-15968]
Starting action Action.	[MsgId: MMSG-15919]
Action.c(18): Notify: Transaction "RegisterNew_GetData" started.	[MsgId: MMSG-16999]
Action.c(25): Notify: Transaction "RegisterNew_GetData" ended with "Pass" status (Duration: 0.0029 Wasted Time: 0.0029).	[MsgId: MMSG-16871]
Rory Neufville Registered as a new customer
Action.c(72): lr_think_time: 4.72 seconds (recorded think time was 5.00 seconds).	[MsgId: MMSG-15947]
Action.c(46): Notify: Transaction "RegisterNew_WriteData" started.	[MsgId: MMSG-16999]
Action.c(53): Notify: Transaction "RegisterNew_WriteData" ended with "Pass" status (Duration: 0.0068 Wasted Time: 0.0067).	[MsgId: MMSG-16871]
New Customer Rory Neufville is now awaiting approval
Action.c(79): lr_think_time: 5.79 seconds (recorded think time was 5.00 seconds).	[MsgId: MMSG-15947]
Ending action Action.	[MsgId: MMSG-15918]
Ending iteration 8.	[MsgId: MMSG-15965]
Starting iteration 9.	[MsgId: MMSG-15968]
Starting action Action.	[MsgId: MMSG-15919]
Action.c(18): Notify: Transaction "RegisterNew_GetData" started.	[MsgId: MMSG-16999]
Action.c(25): Notify: Transaction "RegisterNew_GetData" ended with "Pass" status (Duration: 0.0060 Wasted Time: 0.0060).	[MsgId: MMSG-16871]
Dustin Klingaman Registered as a new customer
Action.c(72): lr_think_time: 5.33 seconds (recorded think time was 5.00 seconds).	[MsgId: MMSG-15947]
Action.c(46): Notify: Transaction "RegisterNew_WriteData" started.	[MsgId: MMSG-16999]
Action.c(53): Notify: Transaction "RegisterNew_WriteData" ended with "Pass" status (Duration: 0.0331 Wasted Time: 0.0330).	[MsgId: MMSG-16871]
New Customer Dustin Klingaman is now awaiting approval
Action.c(79): lr_think_time: 4.78 seconds (recorded think time was 5.00 seconds).	[MsgId: MMSG-15947]
Ending action Action.	[MsgId: MMSG-15918]
Ending iteration 9.	[MsgId: MMSG-15965]
Starting iteration 10.	[MsgId: MMSG-15968]
Starting action Action.	[MsgId: MMSG-15919]
Action.c(18): Notify: Transaction "RegisterNew_GetData" started.	[MsgId: MMSG-16999]
Action.c(25): Notify: Transaction "RegisterNew_GetData" ended with "Pass" status (Duration: 0.0056 Wasted Time: 0.0055).	[MsgId: MMSG-16871]
Lyndia Moonshower Registered as a new customer
Action.c(72): lr_think_time: 4.47 seconds (recorded think time was 5.00 seconds).	[MsgId: MMSG-15947]
Action.c(46): Notify: Transaction "RegisterNew_WriteData" started.	[MsgId: MMSG-16999]
Action.c(53): Notify: Transaction "RegisterNew_WriteData" ended with "Pass" status (Duration: 0.0038 Wasted Time: 0.0037).	[MsgId: MMSG-16871]
New Customer Lyndia Moonshower is now awaiting approval
Action.c(79): lr_think_time: 4.26 seconds (recorded think time was 5.00 seconds).	[MsgId: MMSG-15947]
Ending action Action.	[MsgId: MMSG-15918]
Ending iteration 10.	[MsgId: MMSG-15965]
Starting iteration 11.	[MsgId: MMSG-15968]
Starting action Action.	[MsgId: MMSG-15919]
Action.c(18): Notify: Transaction "RegisterNew_GetData" started.	[MsgId: MMSG-16999]
Action.c(25): Notify: Transaction "RegisterNew_GetData" ended with "Pass" status (Duration: 0.0057 Wasted Time: 0.0056).	[MsgId: MMSG-16871]
Jules Hiltner Registered as a new customer
Action.c(72): lr_think_time: 4.10 seconds (recorded think time was 5.00 seconds).	[MsgId: MMSG-15947]
Action.c(46): Notify: Transaction "RegisterNew_WriteData" started.	[MsgId: MMSG-16999]
Action.c(53): Notify: Transaction "RegisterNew_WriteData" ended with "Pass" status (Duration: 0.0036 Wasted Time: 0.0035).	[MsgId: MMSG-16871]
New Customer Jules Hiltner is now awaiting approval
Action.c(79): lr_think_time: 4.43 seconds (recorded think time was 5.00 seconds).	[MsgId: MMSG-15947]
Ending action Action.	[MsgId: MMSG-15918]
Ending iteration 11.	[MsgId: MMSG-15965]
Starting iteration 12.	[MsgId: MMSG-15968]
Starting action Action.	[MsgId: MMSG-15919]
Action.c(18): Notify: Transaction "RegisterNew_GetData" started.	[MsgId: MMSG-16999]
Action.c(25): Notify: Transaction "RegisterNew_GetData" ended with "Pass" status (Duration: 0.0074 Wasted Time: 0.0073).	[MsgId: MMSG-16871]
Dong Kopczynski Registered as a new customer
Action.c(72): lr_think_time: 4.42 seconds (recorded think time was 5.00 seconds).	[MsgId: MMSG-15947]
Action.c(46): Notify: Transaction "RegisterNew_WriteData" started.	[MsgId: MMSG-16999]
Action.c(53): Notify: Transaction "RegisterNew_WriteData" ended with "Pass" status (Duration: 0.0056 Wasted Time: 0.0055).	[MsgId: MMSG-16871]
New Customer Dong Kopczynski is now awaiting approval
Action.c(79): lr_think_time: 4.05 seconds (recorded think time was 5.00 seconds).	[MsgId: MMSG-15947]
Ending action Action.	[MsgId: MMSG-15918]
Ending iteration 12.	[MsgId: MMSG-15965]
Starting iteration 13.	[MsgId: MMSG-15968]
Starting action Action.	[MsgId: MMSG-15919]
Action.c(18): Notify: Transaction "RegisterNew_GetData" started.	[MsgId: MMSG-16999]
Action.c(25): Notify: Transaction "RegisterNew_GetData" ended with "Pass" status (Duration: 0.0039 Wasted Time: 0.0039).	[MsgId: MMSG-16871]
Justine Salta Registered as a new customer
Action.c(72): lr_think_time: 5.11 seconds (recorded think time was 5.00 seconds).	[MsgId: MMSG-15947]
Action.c(46): Notify: Transaction "RegisterNew_WriteData" started.	[MsgId: MMSG-16999]
Action.c(53): Notify: Transaction "RegisterNew_WriteData" ended with "Pass" status (Duration: 0.0067 Wasted Time: 0.0067).	[MsgId: MMSG-16871]
New Customer Justine Salta is now awaiting approval
Action.c(79): lr_think_time: 4.12 seconds (recorded think time was 5.00 seconds).	[MsgId: MMSG-15947]
Ending action Action.	[MsgId: MMSG-15918]
Ending Vuser...	[MsgId: MMSG-15966]
Starting action vuser_end.	[MsgId: MMSG-15919]
Ending action vuser_end.	[MsgId: MMSG-15918]
Vuser Terminated.	[MsgId: MMSG-15963]
