Virtual User Script started at : 6/3/2014 2:58:53 PM	[MsgId: MMSG-15967]
Starting action vuser_init.	[MsgId: MMSG-15919]
Web Turbo Replay of LoadRunner 12.0.0 for Windows 8; build 1362 (Feb  2 2014 23:20:03)  	[MsgId: MMSG-27143]
Run mode: HTML  	[MsgId: MMSG-26993]
Run-Time Settings file: "C:\Users\gordona.TRUSTIV\AppData\Local\Temp\lr5tmpdirobg.912\lrcfgrtS.913\cfgP9O.926"  	[MsgId: MMSG-27141]
Ending action vuser_init.	[MsgId: MMSG-15918]
Running Vuser...	[MsgId: MMSG-15964]
Starting iteration 1.	[MsgId: MMSG-15968]
Maximum number of concurrent connections per server: 2  	[MsgId: MMSG-26000]
Starting action Action.	[MsgId: MMSG-15919]
Action.c(18): Notify: Transaction "BP1_RegisterNew_GetData" started.	[MsgId: MMSG-16999]
Action.c(22): Notify: Saving Parameter "first_name = Aleshia".	[MsgId: MMSG-13798]
Action.c(22): Notify: Saving Parameter "last_name = Tomkiewicz".	[MsgId: MMSG-13798]
Action.c(22): Notify: Saving Parameter "company_name = Alan D Rosenburg Cpa Pc".	[MsgId: MMSG-13798]
Action.c(22): Notify: Saving Parameter "address = 14 Taylor St".	[MsgId: MMSG-13798]
Action.c(22): Notify: Saving Parameter "city = St. Stephens Ward".	[MsgId: MMSG-13798]
Action.c(22): Notify: Saving Parameter "county = Kent".	[MsgId: MMSG-13798]
Action.c(22): Notify: Saving Parameter "postal = CT2 7PP".	[MsgId: MMSG-13798]
Action.c(22): Notify: Saving Parameter "phone1 = 01835-703597".	[MsgId: MMSG-13798]
Action.c(22): Notify: Saving Parameter "phone2 = 01944-369967".	[MsgId: MMSG-13798]
Action.c(22): Notify: Saving Parameter "email = atomkiewicz@hotmail.com".	[MsgId: MMSG-13798]
Action.c(22): Notify: Saving Parameter "web = http://www.alandrosenburgcpapc.co.uk".	[MsgId: MMSG-13798]
Action.c(25): Notify: Transaction "BP1_RegisterNew_GetData" ended with "Pass" status (Duration: 0.2857 Wasted Time: 0.2856).	[MsgId: MMSG-16871]
Action.c(69): Notify: Parameter Substitution: parameter "first_name" =  "Aleshia"	[MsgId: MMSG-13992]
Action.c(72): Notify: Parameter Substitution: parameter "first_name" =  "Aleshia"	[MsgId: MMSG-13992]
Action.c(72): Notify: Parameter Substitution: parameter "last_name" =  "Tomkiewicz"	[MsgId: MMSG-13992]
Action.c(72): Aleshia Tomkiewicz Registered as a new customer	[MsgId: MMSG-17999]
Action.c(76): lr_think_time: 5.00 seconds.	[MsgId: MMSG-15948]
Action.c(45): Error: lrvtc_connect: Failed to connect server. Please check the server name, port number, network connectivity or whether server above 11.52 version is started.	[MsgId: MERR-18999]
Abort was called from an action.	[MsgId: MMSG-10447]
Ending Vuser...	[MsgId: MMSG-15966]
Starting action vuser_end.	[MsgId: MMSG-15919]
Ending action vuser_end.	[MsgId: MMSG-15918]
Vuser Terminated.	[MsgId: MMSG-15963]
Vuser 0 (thread 920), ended OK."	[MsgId: MMSG-10695]
