Virtual User Script started at : 6/3/2014 4:48:56 PM	[MsgId: MMSG-15967]
Starting action vuser_init.	[MsgId: MMSG-15919]
Web Turbo Replay of LoadRunner 12.0.0 for Windows 8; build 1362 (Feb  2 2014 23:20:03)  	[MsgId: MMSG-27143]
Run mode: HTML  	[MsgId: MMSG-26993]
Run-Time Settings file: "C:\Users\gordona.TRUSTIV\AppData\Local\Temp\lr5tmpdirqzc.236\lrcfgvpi.237\cfgnw6.247"  	[MsgId: MMSG-27141]
Ending action vuser_init.	[MsgId: MMSG-15918]
Running Vuser...	[MsgId: MMSG-15964]
Starting iteration 1.	[MsgId: MMSG-15968]
Maximum number of concurrent connections per server: 2  	[MsgId: MMSG-26000]
Starting action Action.	[MsgId: MMSG-15919]
Action.c(20): Notify: Transaction "BP1_RegisterNew_GetData" started.	[MsgId: MMSG-16999]
Action.c(36): Notify: Saving Parameter "first_name = France".	[MsgId: MMSG-13798]
Action.c(36): Notify: Saving Parameter "last_name = Andrade".	[MsgId: MMSG-13798]
Action.c(36): Notify: Saving Parameter "company_name = Elliott, John W Esq".	[MsgId: MMSG-13798]
Action.c(36): Notify: Saving Parameter "address = 8 Moor Place".	[MsgId: MMSG-13798]
Action.c(36): Notify: Saving Parameter "city = East Southbourne and Tuckton W".	[MsgId: MMSG-13798]
Action.c(36): Notify: Saving Parameter "county = Bournemouth".	[MsgId: MMSG-13798]
Action.c(36): Notify: Saving Parameter "postal = BH6 3BE".	[MsgId: MMSG-13798]
Action.c(36): Notify: Saving Parameter "phone1 = 01347-368222".	[MsgId: MMSG-13798]
Action.c(36): Notify: Saving Parameter "phone2 = 01935-821636".	[MsgId: MMSG-13798]
Action.c(36): Notify: Saving Parameter "email = france.andrade@hotmail.com".	[MsgId: MMSG-13798]
Action.c(36): Notify: Saving Parameter "web = http://www.elliottjohnwesq.co.uk".	[MsgId: MMSG-13798]
Action.c(39): Notify: Transaction "BP1_RegisterNew_GetData" ended with "Pass" status (Duration: 0.0040 Wasted Time: 0.0034).	[MsgId: MMSG-16871]
Action.c(86): Notify: Parameter Substitution: parameter "first_name" =  "France"	[MsgId: MMSG-13992]
Action.c(89): Notify: Parameter Substitution: parameter "first_name" =  "France"	[MsgId: MMSG-13992]
Action.c(89): Notify: Parameter Substitution: parameter "last_name" =  "Andrade"	[MsgId: MMSG-13992]
Action.c(89): France Andrade Registered as a new customer	[MsgId: MMSG-17999]
Action.c(93): lr_think_time: 5.00 seconds.	[MsgId: MMSG-15948]
Action.c(62): Notify: Transaction "BP2_RegisterNew_WriteData" started.	[MsgId: MMSG-16999]
Action.c(65): Notify: Parameter Substitution: parameter "pVuserID" =  "10"	[MsgId: MMSG-13992]
Action.c(65): Notify: Parameter Substitution: parameter "pTimeStamp" =  "03-Jun-2014 16:49:01.509"	[MsgId: MMSG-13992]
Action.c(65): Notify: Parameter Substitution: parameter "first_name" =  "France"	[MsgId: MMSG-13992]
Action.c(65): Notify: Parameter Substitution: parameter "last_name" =  "Andrade"	[MsgId: MMSG-13992]
Action.c(65): Notify: Parameter Substitution: parameter "company_name" =  "Elliott, John W Esq"	[MsgId: MMSG-13992]
Action.c(65): Notify: Parameter Substitution: parameter "address" =  "8 Moor Place"	[MsgId: MMSG-13992]
Action.c(65): Notify: Parameter Substitution: parameter "city" =  "East Southbourne and Tuckton W"	[MsgId: MMSG-13992]
Action.c(65): Notify: Parameter Substitution: parameter "county" =  "Bournemouth"	[MsgId: MMSG-13992]
Action.c(65): Notify: Parameter Substitution: parameter "postal" =  "BH6 3BE"	[MsgId: MMSG-13992]
Action.c(65): Notify: Parameter Substitution: parameter "phone1" =  "01347-368222"	[MsgId: MMSG-13992]
Action.c(65): Notify: Parameter Substitution: parameter "phone2" =  "01935-821636"	[MsgId: MMSG-13992]
Action.c(65): Notify: Parameter Substitution: parameter "email" =  "france.andrade@hotmail.com"	[MsgId: MMSG-13992]
Action.c(65): Notify: Parameter Substitution: parameter "web" =  "http://www.elliottjohnwesq.co.uk"	[MsgId: MMSG-13992]
Action.c(72): Notify: Transaction "BP2_RegisterNew_WriteData" ended with "Pass" status (Duration: 0.0041 Wasted Time: 0.0041).	[MsgId: MMSG-16871]
Action.c(96): Notify: Parameter Substitution: parameter "first_name" =  "France"	[MsgId: MMSG-13992]
Action.c(96): Notify: Parameter Substitution: parameter "last_name" =  "Andrade"	[MsgId: MMSG-13992]
Action.c(96): New Customer France Andrade is now awaiting approval	[MsgId: MMSG-17999]
Action.c(100): lr_think_time: 5.00 seconds.	[MsgId: MMSG-15948]
Ending action Action.	[MsgId: MMSG-15918]
Ending iteration 1.	[MsgId: MMSG-15965]
Starting iteration 2.	[MsgId: MMSG-15968]
Starting action Action.	[MsgId: MMSG-15919]
Action.c(20): Notify: Transaction "BP1_RegisterNew_GetData" started.	[MsgId: MMSG-16999]
Action.c(36): Notify: Saving Parameter "first_name = Ulysses".	[MsgId: MMSG-13798]
Action.c(36): Notify: Saving Parameter "last_name = Mcwalters".	[MsgId: MMSG-13798]
Action.c(36): Notify: Saving Parameter "company_name = Mcmahan, Ben L".	[MsgId: MMSG-13798]
Action.c(36): Notify: Saving Parameter "address = 505 Exeter Rd".	[MsgId: MMSG-13798]
Action.c(36): Notify: Saving Parameter "city = Hawerby cum Beesby".	[MsgId: MMSG-13798]
Action.c(36): Notify: Saving Parameter "county = Lincolnshire".	[MsgId: MMSG-13798]
Action.c(36): Notify: Saving Parameter "postal = DN36 5RP".	[MsgId: MMSG-13798]
Action.c(36): Notify: Saving Parameter "phone1 = 01912-771311".	[MsgId: MMSG-13798]
Action.c(36): Notify: Saving Parameter "phone2 = 01302-601380".	[MsgId: MMSG-13798]
Action.c(36): Notify: Saving Parameter "email = ulysses@hotmail.com".	[MsgId: MMSG-13798]
Action.c(36): Notify: Saving Parameter "web = http://www.mcmahanbenl.co.uk".	[MsgId: MMSG-13798]
Action.c(39): Notify: Transaction "BP1_RegisterNew_GetData" ended with "Pass" status (Duration: 0.0048 Wasted Time: 0.0043).	[MsgId: MMSG-16871]
Action.c(86): Notify: Parameter Substitution: parameter "first_name" =  "Ulysses"	[MsgId: MMSG-13992]
Action.c(89): Notify: Parameter Substitution: parameter "first_name" =  "Ulysses"	[MsgId: MMSG-13992]
Action.c(89): Notify: Parameter Substitution: parameter "last_name" =  "Mcwalters"	[MsgId: MMSG-13992]
Action.c(89): Ulysses Mcwalters Registered as a new customer	[MsgId: MMSG-17999]
Action.c(93): lr_think_time: 5.00 seconds.	[MsgId: MMSG-15948]
Action.c(62): Notify: Transaction "BP2_RegisterNew_WriteData" started.	[MsgId: MMSG-16999]
Action.c(65): Notify: Parameter Substitution: parameter "pVuserID" =  "10"	[MsgId: MMSG-13992]
Action.c(65): Notify: Parameter Substitution: parameter "pTimeStamp" =  "03-Jun-2014 16:49:11.540"	[MsgId: MMSG-13992]
Action.c(65): Notify: Parameter Substitution: parameter "first_name" =  "Ulysses"	[MsgId: MMSG-13992]
Action.c(65): Notify: Parameter Substitution: parameter "last_name" =  "Mcwalters"	[MsgId: MMSG-13992]
Action.c(65): Notify: Parameter Substitution: parameter "company_name" =  "Mcmahan, Ben L"	[MsgId: MMSG-13992]
Action.c(65): Notify: Parameter Substitution: parameter "address" =  "505 Exeter Rd"	[MsgId: MMSG-13992]
Action.c(65): Notify: Parameter Substitution: parameter "city" =  "Hawerby cum Beesby"	[MsgId: MMSG-13992]
Action.c(65): Notify: Parameter Substitution: parameter "county" =  "Lincolnshire"	[MsgId: MMSG-13992]
Action.c(65): Notify: Parameter Substitution: parameter "postal" =  "DN36 5RP"	[MsgId: MMSG-13992]
Action.c(65): Notify: Parameter Substitution: parameter "phone1" =  "01912-771311"	[MsgId: MMSG-13992]
Action.c(65): Notify: Parameter Substitution: parameter "phone2" =  "01302-601380"	[MsgId: MMSG-13992]
Action.c(65): Notify: Parameter Substitution: parameter "email" =  "ulysses@hotmail.com"	[MsgId: MMSG-13992]
Action.c(65): Notify: Parameter Substitution: parameter "web" =  "http://www.mcmahanbenl.co.uk"	[MsgId: MMSG-13992]
Action.c(72): Notify: Transaction "BP2_RegisterNew_WriteData" ended with "Pass" status (Duration: 0.0034 Wasted Time: 0.0033).	[MsgId: MMSG-16871]
Action.c(96): Notify: Parameter Substitution: parameter "first_name" =  "Ulysses"	[MsgId: MMSG-13992]
Action.c(96): Notify: Parameter Substitution: parameter "last_name" =  "Mcwalters"	[MsgId: MMSG-13992]
Action.c(96): New Customer Ulysses Mcwalters is now awaiting approval	[MsgId: MMSG-17999]
Action.c(100): lr_think_time: 5.00 seconds.	[MsgId: MMSG-15948]
Ending action Action.	[MsgId: MMSG-15918]
Ending iteration 2.	[MsgId: MMSG-15965]
Starting iteration 3.	[MsgId: MMSG-15968]
Starting action Action.	[MsgId: MMSG-15919]
Action.c(20): Notify: Transaction "BP1_RegisterNew_GetData" started.	[MsgId: MMSG-16999]
Action.c(36): Notify: Saving Parameter "first_name = Tyisha".	[MsgId: MMSG-13798]
Action.c(36): Notify: Saving Parameter "last_name = Veness".	[MsgId: MMSG-13798]
Action.c(36): Notify: Saving Parameter "company_name = Champagne Room".	[MsgId: MMSG-13798]
Action.c(36): Notify: Saving Parameter "address = 5396 Forth Street".	[MsgId: MMSG-13798]
Action.c(36): Notify: Saving Parameter "city = Greets Green and Lyng Ward".	[MsgId: MMSG-13798]
Action.c(36): Notify: Saving Parameter "county = West Midlands".	[MsgId: MMSG-13798]
Action.c(36): Notify: Saving Parameter "postal = B70 9DT".	[MsgId: MMSG-13798]
Action.c(36): Notify: Saving Parameter "phone1 = 01547-429341".	[MsgId: MMSG-13798]
Action.c(36): Notify: Saving Parameter "phone2 = 01290-367248".	[MsgId: MMSG-13798]
Action.c(36): Notify: Saving Parameter "email = tyisha.veness@hotmail.com".	[MsgId: MMSG-13798]
Action.c(36): Notify: Saving Parameter "web = http://www.champagneroom.co.uk".	[MsgId: MMSG-13798]
Action.c(39): Notify: Transaction "BP1_RegisterNew_GetData" ended with "Pass" status (Duration: 0.0041 Wasted Time: 0.0036).	[MsgId: MMSG-16871]
Action.c(86): Notify: Parameter Substitution: parameter "first_name" =  "Tyisha"	[MsgId: MMSG-13992]
Action.c(89): Notify: Parameter Substitution: parameter "first_name" =  "Tyisha"	[MsgId: MMSG-13992]
Action.c(89): Notify: Parameter Substitution: parameter "last_name" =  "Veness"	[MsgId: MMSG-13992]
Action.c(89): Tyisha Veness Registered as a new customer	[MsgId: MMSG-17999]
Action.c(93): lr_think_time: 5.00 seconds.	[MsgId: MMSG-15948]
Action.c(62): Notify: Transaction "BP2_RegisterNew_WriteData" started.	[MsgId: MMSG-16999]
Action.c(65): Notify: Parameter Substitution: parameter "pVuserID" =  "10"	[MsgId: MMSG-13992]
Action.c(65): Notify: Parameter Substitution: parameter "pTimeStamp" =  "03-Jun-2014 16:49:21.575"	[MsgId: MMSG-13992]
Action.c(65): Notify: Parameter Substitution: parameter "first_name" =  "Tyisha"	[MsgId: MMSG-13992]
Action.c(65): Notify: Parameter Substitution: parameter "last_name" =  "Veness"	[MsgId: MMSG-13992]
Action.c(65): Notify: Parameter Substitution: parameter "company_name" =  "Champagne Room"	[MsgId: MMSG-13992]
Action.c(65): Notify: Parameter Substitution: parameter "address" =  "5396 Forth Street"	[MsgId: MMSG-13992]
Action.c(65): Notify: Parameter Substitution: parameter "city" =  "Greets Green and Lyng Ward"	[MsgId: MMSG-13992]
Action.c(65): Notify: Parameter Substitution: parameter "county" =  "West Midlands"	[MsgId: MMSG-13992]
Action.c(65): Notify: Parameter Substitution: parameter "postal" =  "B70 9DT"	[MsgId: MMSG-13992]
Action.c(65): Notify: Parameter Substitution: parameter "phone1" =  "01547-429341"	[MsgId: MMSG-13992]
Action.c(65): Notify: Parameter Substitution: parameter "phone2" =  "01290-367248"	[MsgId: MMSG-13992]
Action.c(65): Notify: Parameter Substitution: parameter "email" =  "tyisha.veness@hotmail.com"	[MsgId: MMSG-13992]
Action.c(65): Notify: Parameter Substitution: parameter "web" =  "http://www.champagneroom.co.uk"	[MsgId: MMSG-13992]
Action.c(72): Notify: Transaction "BP2_RegisterNew_WriteData" ended with "Pass" status (Duration: 0.0044 Wasted Time: 0.0044).	[MsgId: MMSG-16871]
Action.c(96): Notify: Parameter Substitution: parameter "first_name" =  "Tyisha"	[MsgId: MMSG-13992]
Action.c(96): Notify: Parameter Substitution: parameter "last_name" =  "Veness"	[MsgId: MMSG-13992]
Action.c(96): New Customer Tyisha Veness is now awaiting approval	[MsgId: MMSG-17999]
Action.c(100): lr_think_time: 5.00 seconds.	[MsgId: MMSG-15948]
Ending action Action.	[MsgId: MMSG-15918]
Ending iteration 3.	[MsgId: MMSG-15965]
Starting iteration 4.	[MsgId: MMSG-15968]
Starting action Action.	[MsgId: MMSG-15919]
Action.c(20): Notify: Transaction "BP1_RegisterNew_GetData" started.	[MsgId: MMSG-16999]
Action.c(36): Notify: Saving Parameter "first_name = Eric".	[MsgId: MMSG-13798]
Action.c(36): Notify: Saving Parameter "last_name = Rampy".	[MsgId: MMSG-13798]
Action.c(36): Notify: Saving Parameter "company_name = Thompson, Michael C Esq".	[MsgId: MMSG-13798]
Action.c(36): Notify: Saving Parameter "address = 9472 Lind St".	[MsgId: MMSG-13798]
Action.c(36): Notify: Saving Parameter "city = Desborough".	[MsgId: MMSG-13798]
Action.c(36): Notify: Saving Parameter "county = Northamptonshire".	[MsgId: MMSG-13798]
Action.c(36): Notify: Saving Parameter "postal = NN14 2GH".	[MsgId: MMSG-13798]
Action.c(36): Notify: Saving Parameter "phone1 = 01969-886290".	[MsgId: MMSG-13798]
Action.c(36): Notify: Saving Parameter "phone2 = 01545-817375".	[MsgId: MMSG-13798]
Action.c(36): Notify: Saving Parameter "email = erampy@rampy.co.uk".	[MsgId: MMSG-13798]
Action.c(36): Notify: Saving Parameter "web = http://www.thompsonmichaelcesq.co.uk".	[MsgId: MMSG-13798]
Action.c(39): Notify: Transaction "BP1_RegisterNew_GetData" ended with "Pass" status (Duration: 0.0052 Wasted Time: 0.0045).	[MsgId: MMSG-16871]
Action.c(86): Notify: Parameter Substitution: parameter "first_name" =  "Eric"	[MsgId: MMSG-13992]
Action.c(89): Notify: Parameter Substitution: parameter "first_name" =  "Eric"	[MsgId: MMSG-13992]
Action.c(89): Notify: Parameter Substitution: parameter "last_name" =  "Rampy"	[MsgId: MMSG-13992]
Action.c(89): Eric Rampy Registered as a new customer	[MsgId: MMSG-17999]
Action.c(93): lr_think_time: 5.00 seconds.	[MsgId: MMSG-15948]
Action.c(62): Notify: Transaction "BP2_RegisterNew_WriteData" started.	[MsgId: MMSG-16999]
Action.c(65): Notify: Parameter Substitution: parameter "pVuserID" =  "10"	[MsgId: MMSG-13992]
Action.c(65): Notify: Parameter Substitution: parameter "pTimeStamp" =  "03-Jun-2014 16:49:31.611"	[MsgId: MMSG-13992]
Action.c(65): Notify: Parameter Substitution: parameter "first_name" =  "Eric"	[MsgId: MMSG-13992]
Action.c(65): Notify: Parameter Substitution: parameter "last_name" =  "Rampy"	[MsgId: MMSG-13992]
Action.c(65): Notify: Parameter Substitution: parameter "company_name" =  "Thompson, Michael C Esq"	[MsgId: MMSG-13992]
Action.c(65): Notify: Parameter Substitution: parameter "address" =  "9472 Lind St"	[MsgId: MMSG-13992]
Action.c(65): Notify: Parameter Substitution: parameter "city" =  "Desborough"	[MsgId: MMSG-13992]
Action.c(65): Notify: Parameter Substitution: parameter "county" =  "Northamptonshire"	[MsgId: MMSG-13992]
Action.c(65): Notify: Parameter Substitution: parameter "postal" =  "NN14 2GH"	[MsgId: MMSG-13992]
Action.c(65): Notify: Parameter Substitution: parameter "phone1" =  "01969-886290"	[MsgId: MMSG-13992]
Action.c(65): Notify: Parameter Substitution: parameter "phone2" =  "01545-817375"	[MsgId: MMSG-13992]
Action.c(65): Notify: Parameter Substitution: parameter "email" =  "erampy@rampy.co.uk"	[MsgId: MMSG-13992]
Action.c(65): Notify: Parameter Substitution: parameter "web" =  "http://www.thompsonmichaelcesq.co.uk"	[MsgId: MMSG-13992]
Action.c(72): Notify: Transaction "BP2_RegisterNew_WriteData" ended with "Pass" status (Duration: 0.0039 Wasted Time: 0.0039).	[MsgId: MMSG-16871]
Action.c(96): Notify: Parameter Substitution: parameter "first_name" =  "Eric"	[MsgId: MMSG-13992]
Action.c(96): Notify: Parameter Substitution: parameter "last_name" =  "Rampy"	[MsgId: MMSG-13992]
Action.c(96): New Customer Eric Rampy is now awaiting approval	[MsgId: MMSG-17999]
Action.c(100): lr_think_time: 5.00 seconds.	[MsgId: MMSG-15948]
Ending action Action.	[MsgId: MMSG-15918]
Ending iteration 4.	[MsgId: MMSG-15965]
Starting iteration 5.	[MsgId: MMSG-15968]
Starting action Action.	[MsgId: MMSG-15919]
Action.c(20): Notify: Transaction "BP1_RegisterNew_GetData" started.	[MsgId: MMSG-16999]
Action.c(36): Notify: Saving Parameter "first_name = Marg".	[MsgId: MMSG-13798]
Action.c(36): Notify: Saving Parameter "last_name = Grasmick".	[MsgId: MMSG-13798]
Action.c(36): Notify: Saving Parameter "company_name = Wrangle Hill Auto Auct & Slvg".	[MsgId: MMSG-13798]
Action.c(36): Notify: Saving Parameter "address = 7457 Cowl St #70".	[MsgId: MMSG-13798]
Action.c(36): Notify: Saving Parameter "city = Bargate Ward".	[MsgId: MMSG-13798]
Action.c(36): Notify: Saving Parameter "county = Southampton".	[MsgId: MMSG-13798]
Action.c(36): Notify: Saving Parameter "postal = SO14 3TY".	[MsgId: MMSG-13798]
Action.c(36): Notify: Saving Parameter "phone1 = 01865-582516".	[MsgId: MMSG-13798]
Action.c(36): Notify: Saving Parameter "phone2 = 01362-620532".	[MsgId: MMSG-13798]
Action.c(36): Notify: Saving Parameter "email = marg@hotmail.com".	[MsgId: MMSG-13798]
Action.c(36): Notify: Saving Parameter "web = http://www.wranglehillautoauctslvg.co.uk".	[MsgId: MMSG-13798]
Action.c(39): Notify: Transaction "BP1_RegisterNew_GetData" ended with "Pass" status (Duration: 0.0049 Wasted Time: 0.0042).	[MsgId: MMSG-16871]
Action.c(86): Notify: Parameter Substitution: parameter "first_name" =  "Marg"	[MsgId: MMSG-13992]
Action.c(89): Notify: Parameter Substitution: parameter "first_name" =  "Marg"	[MsgId: MMSG-13992]
Action.c(89): Notify: Parameter Substitution: parameter "last_name" =  "Grasmick"	[MsgId: MMSG-13992]
Action.c(89): Marg Grasmick Registered as a new customer	[MsgId: MMSG-17999]
Action.c(93): lr_think_time: 5.00 seconds.	[MsgId: MMSG-15948]
Action.c(62): Notify: Transaction "BP2_RegisterNew_WriteData" started.	[MsgId: MMSG-16999]
Action.c(65): Notify: Parameter Substitution: parameter "pVuserID" =  "10"	[MsgId: MMSG-13992]
Action.c(65): Notify: Parameter Substitution: parameter "pTimeStamp" =  "03-Jun-2014 16:49:41.636"	[MsgId: MMSG-13992]
Action.c(65): Notify: Parameter Substitution: parameter "first_name" =  "Marg"	[MsgId: MMSG-13992]
Action.c(65): Notify: Parameter Substitution: parameter "last_name" =  "Grasmick"	[MsgId: MMSG-13992]
Action.c(65): Notify: Parameter Substitution: parameter "company_name" =  "Wrangle Hill Auto Auct & Slvg"	[MsgId: MMSG-13992]
Action.c(65): Notify: Parameter Substitution: parameter "address" =  "7457 Cowl St #70"	[MsgId: MMSG-13992]
Action.c(65): Notify: Parameter Substitution: parameter "city" =  "Bargate Ward"	[MsgId: MMSG-13992]
Action.c(65): Notify: Parameter Substitution: parameter "county" =  "Southampton"	[MsgId: MMSG-13992]
Action.c(65): Notify: Parameter Substitution: parameter "postal" =  "SO14 3TY"	[MsgId: MMSG-13992]
Action.c(65): Notify: Parameter Substitution: parameter "phone1" =  "01865-582516"	[MsgId: MMSG-13992]
Action.c(65): Notify: Parameter Substitution: parameter "phone2" =  "01362-620532"	[MsgId: MMSG-13992]
Action.c(65): Notify: Parameter Substitution: parameter "email" =  "marg@hotmail.com"	[MsgId: MMSG-13992]
Action.c(65): Notify: Parameter Substitution: parameter "web" =  "http://www.wranglehillautoauctslvg.co.uk"	[MsgId: MMSG-13992]
Action.c(72): Notify: Transaction "BP2_RegisterNew_WriteData" ended with "Pass" status (Duration: 0.0041 Wasted Time: 0.0040).	[MsgId: MMSG-16871]
Action.c(96): Notify: Parameter Substitution: parameter "first_name" =  "Marg"	[MsgId: MMSG-13992]
Action.c(96): Notify: Parameter Substitution: parameter "last_name" =  "Grasmick"	[MsgId: MMSG-13992]
Action.c(96): New Customer Marg Grasmick is now awaiting approval	[MsgId: MMSG-17999]
Action.c(100): lr_think_time: 5.00 seconds.	[MsgId: MMSG-15948]
Ending action Action.	[MsgId: MMSG-15918]
Ending iteration 5.	[MsgId: MMSG-15965]
Starting iteration 6.	[MsgId: MMSG-15968]
Starting action Action.	[MsgId: MMSG-15919]
Action.c(20): Notify: Transaction "BP1_RegisterNew_GetData" started.	[MsgId: MMSG-16999]
Action.c(36): Notify: Saving Parameter "first_name = Laquita".	[MsgId: MMSG-13798]
Action.c(36): Notify: Saving Parameter "last_name = Hisaw".	[MsgId: MMSG-13798]
Action.c(36): Notify: Saving Parameter "company_name = In Communications Inc".	[MsgId: MMSG-13798]
Action.c(36): Notify: Saving Parameter "address = 20 Gloucester Pl #96".	[MsgId: MMSG-13798]
Action.c(36): Notify: Saving Parameter "city = Chirton Ward".	[MsgId: MMSG-13798]
Action.c(36): Notify: Saving Parameter "county = Tyne & Wear".	[MsgId: MMSG-13798]
Action.c(36): Notify: Saving Parameter "postal = NE29 7AD".	[MsgId: MMSG-13798]
Action.c(36): Notify: Saving Parameter "phone1 = 01746-394243".	[MsgId: MMSG-13798]
Action.c(36): Notify: Saving Parameter "phone2 = 01590-982428".	[MsgId: MMSG-13798]
Action.c(36): Notify: Saving Parameter "email = laquita@yahoo.com".	[MsgId: MMSG-13798]
Action.c(36): Notify: Saving Parameter "web = http://www.incommunicationsinc.co.uk".	[MsgId: MMSG-13798]
Action.c(39): Notify: Transaction "BP1_RegisterNew_GetData" ended with "Pass" status (Duration: 0.0059 Wasted Time: 0.0050).	[MsgId: MMSG-16871]
Action.c(86): Notify: Parameter Substitution: parameter "first_name" =  "Laquita"	[MsgId: MMSG-13992]
Action.c(89): Notify: Parameter Substitution: parameter "first_name" =  "Laquita"	[MsgId: MMSG-13992]
Action.c(89): Notify: Parameter Substitution: parameter "last_name" =  "Hisaw"	[MsgId: MMSG-13992]
Action.c(89): Laquita Hisaw Registered as a new customer	[MsgId: MMSG-17999]
Action.c(93): lr_think_time: 5.00 seconds.	[MsgId: MMSG-15948]
Action.c(62): Notify: Transaction "BP2_RegisterNew_WriteData" started.	[MsgId: MMSG-16999]
Action.c(65): Notify: Parameter Substitution: parameter "pVuserID" =  "10"	[MsgId: MMSG-13992]
Action.c(65): Notify: Parameter Substitution: parameter "pTimeStamp" =  "03-Jun-2014 16:49:51.671"	[MsgId: MMSG-13992]
Action.c(65): Notify: Parameter Substitution: parameter "first_name" =  "Laquita"	[MsgId: MMSG-13992]
Action.c(65): Notify: Parameter Substitution: parameter "last_name" =  "Hisaw"	[MsgId: MMSG-13992]
Action.c(65): Notify: Parameter Substitution: parameter "company_name" =  "In Communications Inc"	[MsgId: MMSG-13992]
Action.c(65): Notify: Parameter Substitution: parameter "address" =  "20 Gloucester Pl #96"	[MsgId: MMSG-13992]
Action.c(65): Notify: Parameter Substitution: parameter "city" =  "Chirton Ward"	[MsgId: MMSG-13992]
Action.c(65): Notify: Parameter Substitution: parameter "county" =  "Tyne & Wear"	[MsgId: MMSG-13992]
Action.c(65): Notify: Parameter Substitution: parameter "postal" =  "NE29 7AD"	[MsgId: MMSG-13992]
Action.c(65): Notify: Parameter Substitution: parameter "phone1" =  "01746-394243"	[MsgId: MMSG-13992]
Action.c(65): Notify: Parameter Substitution: parameter "phone2" =  "01590-982428"	[MsgId: MMSG-13992]
Action.c(65): Notify: Parameter Substitution: parameter "email" =  "laquita@yahoo.com"	[MsgId: MMSG-13992]
Action.c(65): Notify: Parameter Substitution: parameter "web" =  "http://www.incommunicationsinc.co.uk"	[MsgId: MMSG-13992]
Action.c(72): Notify: Transaction "BP2_RegisterNew_WriteData" ended with "Pass" status (Duration: 0.0039 Wasted Time: 0.0038).	[MsgId: MMSG-16871]
Action.c(96): Notify: Parameter Substitution: parameter "first_name" =  "Laquita"	[MsgId: MMSG-13992]
Action.c(96): Notify: Parameter Substitution: parameter "last_name" =  "Hisaw"	[MsgId: MMSG-13992]
Action.c(96): New Customer Laquita Hisaw is now awaiting approval	[MsgId: MMSG-17999]
Action.c(100): lr_think_time: 5.00 seconds.	[MsgId: MMSG-15948]
Ending action Action.	[MsgId: MMSG-15918]
Ending iteration 6.	[MsgId: MMSG-15965]
Starting iteration 7.	[MsgId: MMSG-15968]
Starting action Action.	[MsgId: MMSG-15919]
Action.c(20): Notify: Transaction "BP1_RegisterNew_GetData" started.	[MsgId: MMSG-16999]
Action.c(36): Notify: Saving Parameter "first_name = Lura".	[MsgId: MMSG-13798]
Action.c(36): Notify: Saving Parameter "last_name = Manzella".	[MsgId: MMSG-13798]
Action.c(36): Notify: Saving Parameter "company_name = Bizerba Usa Inc".	[MsgId: MMSG-13798]
Action.c(36): Notify: Saving Parameter "address = 929 Augustine St".	[MsgId: MMSG-13798]
Action.c(36): Notify: Saving Parameter "city = Staple Hill Ward".	[MsgId: MMSG-13798]
Action.c(36): Notify: Saving Parameter "county = South Gloucestershire".	[MsgId: MMSG-13798]
Action.c(36): Notify: Saving Parameter "postal = BS16 4LL".	[MsgId: MMSG-13798]
Action.c(36): Notify: Saving Parameter "phone1 = 01907-538509".	[MsgId: MMSG-13798]
Action.c(36): Notify: Saving Parameter "phone2 = 01340-713951".	[MsgId: MMSG-13798]
Action.c(36): Notify: Saving Parameter "email = lura@hotmail.com".	[MsgId: MMSG-13798]
Action.c(36): Notify: Saving Parameter "web = http://www.bizerbausainc.co.uk".	[MsgId: MMSG-13798]
Action.c(39): Notify: Transaction "BP1_RegisterNew_GetData" ended with "Pass" status (Duration: 0.0050 Wasted Time: 0.0044).	[MsgId: MMSG-16871]
Action.c(86): Notify: Parameter Substitution: parameter "first_name" =  "Lura"	[MsgId: MMSG-13992]
Action.c(89): Notify: Parameter Substitution: parameter "first_name" =  "Lura"	[MsgId: MMSG-13992]
Action.c(89): Notify: Parameter Substitution: parameter "last_name" =  "Manzella"	[MsgId: MMSG-13992]
Action.c(89): Lura Manzella Registered as a new customer	[MsgId: MMSG-17999]
Action.c(93): lr_think_time: 5.00 seconds.	[MsgId: MMSG-15948]
Action.c(62): Notify: Transaction "BP2_RegisterNew_WriteData" started.	[MsgId: MMSG-16999]
Action.c(65): Notify: Parameter Substitution: parameter "pVuserID" =  "10"	[MsgId: MMSG-13992]
Action.c(65): Notify: Parameter Substitution: parameter "pTimeStamp" =  "03-Jun-2014 16:50:01.768"	[MsgId: MMSG-13992]
Action.c(65): Notify: Parameter Substitution: parameter "first_name" =  "Lura"	[MsgId: MMSG-13992]
Action.c(65): Notify: Parameter Substitution: parameter "last_name" =  "Manzella"	[MsgId: MMSG-13992]
Action.c(65): Notify: Parameter Substitution: parameter "company_name" =  "Bizerba Usa Inc"	[MsgId: MMSG-13992]
Action.c(65): Notify: Parameter Substitution: parameter "address" =  "929 Augustine St"	[MsgId: MMSG-13992]
Action.c(65): Notify: Parameter Substitution: parameter "city" =  "Staple Hill Ward"	[MsgId: MMSG-13992]
Action.c(65): Notify: Parameter Substitution: parameter "county" =  "South Gloucestershire"	[MsgId: MMSG-13992]
Action.c(65): Notify: Parameter Substitution: parameter "postal" =  "BS16 4LL"	[MsgId: MMSG-13992]
Action.c(65): Notify: Parameter Substitution: parameter "phone1" =  "01907-538509"	[MsgId: MMSG-13992]
Action.c(65): Notify: Parameter Substitution: parameter "phone2" =  "01340-713951"	[MsgId: MMSG-13992]
Action.c(65): Notify: Parameter Substitution: parameter "email" =  "lura@hotmail.com"	[MsgId: MMSG-13992]
Action.c(65): Notify: Parameter Substitution: parameter "web" =  "http://www.bizerbausainc.co.uk"	[MsgId: MMSG-13992]
Action.c(72): Notify: Transaction "BP2_RegisterNew_WriteData" ended with "Pass" status (Duration: 0.0029 Wasted Time: 0.0029).	[MsgId: MMSG-16871]
Action.c(96): Notify: Parameter Substitution: parameter "first_name" =  "Lura"	[MsgId: MMSG-13992]
Action.c(96): Notify: Parameter Substitution: parameter "last_name" =  "Manzella"	[MsgId: MMSG-13992]
Action.c(96): New Customer Lura Manzella is now awaiting approval	[MsgId: MMSG-17999]
Action.c(100): lr_think_time: 5.00 seconds.	[MsgId: MMSG-15948]
Ending action Action.	[MsgId: MMSG-15918]
Ending iteration 7.	[MsgId: MMSG-15965]
Starting iteration 8.	[MsgId: MMSG-15968]
Starting action Action.	[MsgId: MMSG-15919]
Action.c(20): Notify: Transaction "BP1_RegisterNew_GetData" started.	[MsgId: MMSG-16999]
Action.c(36): Notify: Saving Parameter "first_name = Yuette".	[MsgId: MMSG-13798]
Action.c(36): Notify: Saving Parameter "last_name = Klapec".	[MsgId: MMSG-13798]
Action.c(36): Notify: Saving Parameter "company_name = Max Video".	[MsgId: MMSG-13798]
Action.c(36): Notify: Saving Parameter "address = 45 Bradfield St #166".	[MsgId: MMSG-13798]
Action.c(36): Notify: Saving Parameter "city = Parwich".	[MsgId: MMSG-13798]
Action.c(36): Notify: Saving Parameter "county = Derbyshire".	[MsgId: MMSG-13798]
Action.c(36): Notify: Saving Parameter "postal = DE6 1QN".	[MsgId: MMSG-13798]
Action.c(36): Notify: Saving Parameter "phone1 = 01903-649460".	[MsgId: MMSG-13798]
Action.c(36): Notify: Saving Parameter "phone2 = 01933-512513".	[MsgId: MMSG-13798]
Action.c(36): Notify: Saving Parameter "email = yuette.klapec@klapec.co.uk".	[MsgId: MMSG-13798]
Action.c(36): Notify: Saving Parameter "web = http://www.maxvideo.co.uk".	[MsgId: MMSG-13798]
Action.c(39): Notify: Transaction "BP1_RegisterNew_GetData" ended with "Pass" status (Duration: 0.0033 Wasted Time: 0.0028).	[MsgId: MMSG-16871]
Action.c(86): Notify: Parameter Substitution: parameter "first_name" =  "Yuette"	[MsgId: MMSG-13992]
Action.c(89): Notify: Parameter Substitution: parameter "first_name" =  "Yuette"	[MsgId: MMSG-13992]
Action.c(89): Notify: Parameter Substitution: parameter "last_name" =  "Klapec"	[MsgId: MMSG-13992]
Action.c(89): Yuette Klapec Registered as a new customer	[MsgId: MMSG-17999]
Action.c(93): lr_think_time: 5.00 seconds.	[MsgId: MMSG-15948]
Action.c(62): Notify: Transaction "BP2_RegisterNew_WriteData" started.	[MsgId: MMSG-16999]
Action.c(65): Notify: Parameter Substitution: parameter "pVuserID" =  "10"	[MsgId: MMSG-13992]
Action.c(65): Notify: Parameter Substitution: parameter "pTimeStamp" =  "03-Jun-2014 16:50:11.797"	[MsgId: MMSG-13992]
Action.c(65): Notify: Parameter Substitution: parameter "first_name" =  "Yuette"	[MsgId: MMSG-13992]
Action.c(65): Notify: Parameter Substitution: parameter "last_name" =  "Klapec"	[MsgId: MMSG-13992]
Action.c(65): Notify: Parameter Substitution: parameter "company_name" =  "Max Video"	[MsgId: MMSG-13992]
Action.c(65): Notify: Parameter Substitution: parameter "address" =  "45 Bradfield St #166"	[MsgId: MMSG-13992]
Action.c(65): Notify: Parameter Substitution: parameter "city" =  "Parwich"	[MsgId: MMSG-13992]
Action.c(65): Notify: Parameter Substitution: parameter "county" =  "Derbyshire"	[MsgId: MMSG-13992]
Action.c(65): Notify: Parameter Substitution: parameter "postal" =  "DE6 1QN"	[MsgId: MMSG-13992]
Action.c(65): Notify: Parameter Substitution: parameter "phone1" =  "01903-649460"	[MsgId: MMSG-13992]
Action.c(65): Notify: Parameter Substitution: parameter "phone2" =  "01933-512513"	[MsgId: MMSG-13992]
Action.c(65): Notify: Parameter Substitution: parameter "email" =  "yuette.klapec@klapec.co.uk"	[MsgId: MMSG-13992]
Action.c(65): Notify: Parameter Substitution: parameter "web" =  "http://www.maxvideo.co.uk"	[MsgId: MMSG-13992]
Action.c(72): Notify: Transaction "BP2_RegisterNew_WriteData" ended with "Pass" status (Duration: 0.0032 Wasted Time: 0.0031).	[MsgId: MMSG-16871]
Action.c(96): Notify: Parameter Substitution: parameter "first_name" =  "Yuette"	[MsgId: MMSG-13992]
Action.c(96): Notify: Parameter Substitution: parameter "last_name" =  "Klapec"	[MsgId: MMSG-13992]
Action.c(96): New Customer Yuette Klapec is now awaiting approval	[MsgId: MMSG-17999]
Action.c(100): lr_think_time: 5.00 seconds.	[MsgId: MMSG-15948]
Ending action Action.	[MsgId: MMSG-15918]
Ending iteration 8.	[MsgId: MMSG-15965]
Starting iteration 9.	[MsgId: MMSG-15968]
Starting action Action.	[MsgId: MMSG-15919]
Action.c(20): Notify: Transaction "BP1_RegisterNew_GetData" started.	[MsgId: MMSG-16999]
Action.c(36): Notify: Saving Parameter "first_name = Fernanda".	[MsgId: MMSG-13798]
Action.c(36): Notify: Saving Parameter "last_name = Writer".	[MsgId: MMSG-13798]
Action.c(36): Notify: Saving Parameter "company_name = K & R Associates Inc".	[MsgId: MMSG-13798]
Action.c(36): Notify: Saving Parameter "address = 620 Northampton St".	[MsgId: MMSG-13798]
Action.c(36): Notify: Saving Parameter "city = Wilmington".	[MsgId: MMSG-13798]
Action.c(36): Notify: Saving Parameter "county = Kent".	[MsgId: MMSG-13798]
Action.c(36): Notify: Saving Parameter "postal = DA2 7PP".	[MsgId: MMSG-13798]
Action.c(36): Notify: Saving Parameter "phone1 = 01630-202053".	[MsgId: MMSG-13798]
Action.c(36): Notify: Saving Parameter "phone2 = 01687-879391".	[MsgId: MMSG-13798]
Action.c(36): Notify: Saving Parameter "email = fernanda@writer.co.uk".	[MsgId: MMSG-13798]
Action.c(36): Notify: Saving Parameter "web = http://www.krassociatesinc.co.uk".	[MsgId: MMSG-13798]
Action.c(39): Notify: Transaction "BP1_RegisterNew_GetData" ended with "Pass" status (Duration: 0.0035 Wasted Time: 0.0029).	[MsgId: MMSG-16871]
Action.c(86): Notify: Parameter Substitution: parameter "first_name" =  "Fernanda"	[MsgId: MMSG-13992]
Action.c(89): Notify: Parameter Substitution: parameter "first_name" =  "Fernanda"	[MsgId: MMSG-13992]
Action.c(89): Notify: Parameter Substitution: parameter "last_name" =  "Writer"	[MsgId: MMSG-13992]
Action.c(89): Fernanda Writer Registered as a new customer	[MsgId: MMSG-17999]
Action.c(93): lr_think_time: 5.00 seconds.	[MsgId: MMSG-15948]
Abort was called from an action.	[MsgId: MMSG-10447]
Ending Vuser...	[MsgId: MMSG-15966]
Starting action vuser_end.	[MsgId: MMSG-15919]
Ending action vuser_end.	[MsgId: MMSG-15918]
Vuser Terminated.	[MsgId: MMSG-15963]
Vuser 0 (thread 4456), ended OK."	[MsgId: MMSG-10695]
