Virtual User Script started at : 6/3/2014 4:59:43 PM	[MsgId: MMSG-15967]
Starting action vuser_init.	[MsgId: MMSG-15919]
Web Turbo Replay of LoadRunner 12.0.0 for Windows 8; build 1362 (Feb  2 2014 23:20:03)  	[MsgId: MMSG-27143]
Run mode: HTML  	[MsgId: MMSG-26993]
Run-Time Settings file: "C:\Users\gordona.TRUSTIV\AppData\Local\Temp\lr5tmpdirqzc.236\lrcfgvpi.237\cfghvq.253"  	[MsgId: MMSG-27141]
Ending action vuser_init.	[MsgId: MMSG-15918]
Running Vuser...	[MsgId: MMSG-15964]
Starting iteration 1.	[MsgId: MMSG-15968]
Maximum number of concurrent connections per server: 2  	[MsgId: MMSG-26000]
Starting action Action.	[MsgId: MMSG-15919]
Action.c(20): Notify: Transaction "BP3_ApproveNew_GetData" started.	[MsgId: MMSG-16999]
Action.c(36): Notify: Saving Parameter "address = ".	[MsgId: MMSG-13798]
Action.c(36): Notify: Saving Parameter "first_name = ".	[MsgId: MMSG-13798]
Action.c(36): Notify: Saving Parameter "postal = ".	[MsgId: MMSG-13798]
Action.c(36): Notify: Saving Parameter "_VTS_ID = ".	[MsgId: MMSG-13798]
Action.c(36): Notify: Saving Parameter "last_name = ".	[MsgId: MMSG-13798]
Action.c(36): Notify: Saving Parameter "company_name = ".	[MsgId: MMSG-13798]
Action.c(36): Notify: Saving Parameter "city = ".	[MsgId: MMSG-13798]
Action.c(36): Notify: Saving Parameter "county = ".	[MsgId: MMSG-13798]
Action.c(36): Notify: Saving Parameter "phone1 = ".	[MsgId: MMSG-13798]
Action.c(36): Notify: Saving Parameter "email = ".	[MsgId: MMSG-13798]
Action.c(36): Notify: Saving Parameter "phone2 = ".	[MsgId: MMSG-13798]
Action.c(36): Notify: Saving Parameter "web = ".	[MsgId: MMSG-13798]
Action.c(39): Notify: Transaction "BP3_ApproveNew_GetData" ended with "Pass" status (Duration: 0.0038 Wasted Time: 0.0032).	[MsgId: MMSG-16871]
Action.c(79): Notify: Parameter Substitution: parameter "first_name" =  ""	[MsgId: MMSG-13992]
Action.c(101): No data for user approval...waiting for 50 seconds.	[MsgId: MMSG-17999]
Action.c(102): lr_think_time: 50.00 seconds.	[MsgId: MMSG-15948]
Ending action Action.	[MsgId: MMSG-15918]
Ending iteration 1.	[MsgId: MMSG-15965]
Starting iteration 2.	[MsgId: MMSG-15968]
Starting action Action.	[MsgId: MMSG-15919]
Action.c(20): Notify: Transaction "BP3_ApproveNew_GetData" started.	[MsgId: MMSG-16999]
Action.c(36): Notify: Saving Parameter "address = 5 Hygeia St".	[MsgId: MMSG-13798]
Action.c(36): Notify: Saving Parameter "first_name = Charlesetta".	[MsgId: MMSG-13798]
Action.c(36): Notify: Saving Parameter "postal = S40 4LY".	[MsgId: MMSG-13798]
Action.c(36): Notify: Saving Parameter "_VTS_ID = 10_03-Jun-2014 16:59:48.582".	[MsgId: MMSG-13798]
Action.c(36): Notify: Saving Parameter "last_name = Erm".	[MsgId: MMSG-13798]
Action.c(36): Notify: Saving Parameter "company_name = Cain, John M Esq".	[MsgId: MMSG-13798]
Action.c(36): Notify: Saving Parameter "city = Loundsley Green Ward".	[MsgId: MMSG-13798]
Action.c(36): Notify: Saving Parameter "county = Derbyshire".	[MsgId: MMSG-13798]
Action.c(36): Notify: Saving Parameter "phone1 = 01276-816806".	[MsgId: MMSG-13798]
Action.c(36): Notify: Saving Parameter "email = charlesetta_erm@gmail.com".	[MsgId: MMSG-13798]
Action.c(36): Notify: Saving Parameter "phone2 = 01517-624517".	[MsgId: MMSG-13798]
Action.c(36): Notify: Saving Parameter "web = http://www.cainjohnmesq.co.uk".	[MsgId: MMSG-13798]
Action.c(39): Notify: Transaction "BP3_ApproveNew_GetData" ended with "Pass" status (Duration: 0.0045 Wasted Time: 0.0039).	[MsgId: MMSG-16871]
Action.c(79): Notify: Parameter Substitution: parameter "first_name" =  "Charlesetta"	[MsgId: MMSG-13992]
Action.c(82): Notify: Parameter Substitution: parameter "first_name" =  "Charlesetta"	[MsgId: MMSG-13992]
Action.c(82): Notify: Parameter Substitution: parameter "last_name" =  "Erm"	[MsgId: MMSG-13992]
Action.c(82): Charlesetta Erm Awaiting approval	[MsgId: MMSG-17999]
Action.c(86): lr_think_time: 5.00 seconds.	[MsgId: MMSG-15948]
Action.c(57): Notify: Transaction "BP4_ApproveNew_WriteData" started.	[MsgId: MMSG-16999]
Action.c(60): Notify: Parameter Substitution: parameter "_VTS_ID" =  "10_03-Jun-2014 16:59:48.582"	[MsgId: MMSG-13992]
Action.c(60): Notify: Parameter Substitution: parameter "first_name" =  "Charlesetta"	[MsgId: MMSG-13992]
Action.c(60): Notify: Parameter Substitution: parameter "last_name" =  "Erm"	[MsgId: MMSG-13992]
Action.c(60): Notify: Parameter Substitution: parameter "first_name" =  "Charlesetta"	[MsgId: MMSG-13992]
Action.c(60): Notify: Parameter Substitution: parameter "last_name" =  "Erm"	[MsgId: MMSG-13992]
Action.c(60): Notify: Parameter Substitution: parameter "password" =  "2061"	[MsgId: MMSG-13992]
Action.c(65): Notify: Transaction "BP4_ApproveNew_WriteData" ended with "Pass" status (Duration: 0.0046 Wasted Time: 0.0045).	[MsgId: MMSG-16871]
Action.c(89): Notify: Parameter Substitution: parameter "first_name" =  "Charlesetta"	[MsgId: MMSG-13992]
Action.c(89): Notify: Parameter Substitution: parameter "last_name" =  "Erm"	[MsgId: MMSG-13992]
Action.c(89): Notify: Parameter Substitution: parameter "first_name" =  "Charlesetta"	[MsgId: MMSG-13992]
Action.c(89): Notify: Parameter Substitution: parameter "last_name" =  "Erm"	[MsgId: MMSG-13992]
Action.c(89): Charlesetta Erm approved, username is [Charlesetta_Erm]	[MsgId: MMSG-17999]
Action.c(95): lr_think_time: 5.00 seconds.	[MsgId: MMSG-15948]
Ending action Action.	[MsgId: MMSG-15918]
Ending iteration 2.	[MsgId: MMSG-15965]
Starting iteration 3.	[MsgId: MMSG-15968]
Starting action Action.	[MsgId: MMSG-15919]
Action.c(20): Notify: Transaction "BP3_ApproveNew_GetData" started.	[MsgId: MMSG-16999]
Action.c(36): Notify: Saving Parameter "address = 2150 Morley St".	[MsgId: MMSG-13798]
Action.c(36): Notify: Saving Parameter "first_name = Corrinne".	[MsgId: MMSG-13798]
Action.c(36): Notify: Saving Parameter "postal = DG8 7DE".	[MsgId: MMSG-13798]
Action.c(36): Notify: Saving Parameter "_VTS_ID = 10_03-Jun-2014 16:59:58.611".	[MsgId: MMSG-13798]
Action.c(36): Notify: Saving Parameter "last_name = Jaret".	[MsgId: MMSG-13798]
Action.c(36): Notify: Saving Parameter "company_name = Sound Vision Corp".	[MsgId: MMSG-13798]
Action.c(36): Notify: Saving Parameter "city = Dee Ward".	[MsgId: MMSG-13798]
Action.c(36): Notify: Saving Parameter "county = Dumfries and Galloway".	[MsgId: MMSG-13798]
Action.c(36): Notify: Saving Parameter "phone1 = 01625-932209".	[MsgId: MMSG-13798]
Action.c(36): Notify: Saving Parameter "email = corrinne_jaret@gmail.com".	[MsgId: MMSG-13798]
Action.c(36): Notify: Saving Parameter "phone2 = 01642-322954".	[MsgId: MMSG-13798]
Action.c(36): Notify: Saving Parameter "web = http://www.soundvisioncorp.co.uk".	[MsgId: MMSG-13798]
Action.c(39): Notify: Transaction "BP3_ApproveNew_GetData" ended with "Pass" status (Duration: 0.0034 Wasted Time: 0.0029).	[MsgId: MMSG-16871]
Action.c(79): Notify: Parameter Substitution: parameter "first_name" =  "Corrinne"	[MsgId: MMSG-13992]
Action.c(82): Notify: Parameter Substitution: parameter "first_name" =  "Corrinne"	[MsgId: MMSG-13992]
Action.c(82): Notify: Parameter Substitution: parameter "last_name" =  "Jaret"	[MsgId: MMSG-13992]
Action.c(82): Corrinne Jaret Awaiting approval	[MsgId: MMSG-17999]
Action.c(86): lr_think_time: 5.00 seconds.	[MsgId: MMSG-15948]
Action.c(57): Notify: Transaction "BP4_ApproveNew_WriteData" started.	[MsgId: MMSG-16999]
Action.c(60): Notify: Parameter Substitution: parameter "_VTS_ID" =  "10_03-Jun-2014 16:59:58.611"	[MsgId: MMSG-13992]
Action.c(60): Notify: Parameter Substitution: parameter "first_name" =  "Corrinne"	[MsgId: MMSG-13992]
Action.c(60): Notify: Parameter Substitution: parameter "last_name" =  "Jaret"	[MsgId: MMSG-13992]
Action.c(60): Notify: Parameter Substitution: parameter "first_name" =  "Corrinne"	[MsgId: MMSG-13992]
Action.c(60): Notify: Parameter Substitution: parameter "last_name" =  "Jaret"	[MsgId: MMSG-13992]
Action.c(60): Notify: Parameter Substitution: parameter "password" =  "9917"	[MsgId: MMSG-13992]
Action.c(65): Notify: Transaction "BP4_ApproveNew_WriteData" ended with "Pass" status (Duration: 0.0026 Wasted Time: 0.0025).	[MsgId: MMSG-16871]
Action.c(89): Notify: Parameter Substitution: parameter "first_name" =  "Corrinne"	[MsgId: MMSG-13992]
Action.c(89): Notify: Parameter Substitution: parameter "last_name" =  "Jaret"	[MsgId: MMSG-13992]
Action.c(89): Notify: Parameter Substitution: parameter "first_name" =  "Corrinne"	[MsgId: MMSG-13992]
Action.c(89): Notify: Parameter Substitution: parameter "last_name" =  "Jaret"	[MsgId: MMSG-13992]
Action.c(89): Corrinne Jaret approved, username is [Corrinne_Jaret]	[MsgId: MMSG-17999]
Action.c(95): lr_think_time: 5.00 seconds.	[MsgId: MMSG-15948]
Ending action Action.	[MsgId: MMSG-15918]
Ending iteration 3.	[MsgId: MMSG-15965]
Starting iteration 4.	[MsgId: MMSG-15968]
Starting action Action.	[MsgId: MMSG-15919]
Action.c(20): Notify: Transaction "BP3_ApproveNew_GetData" started.	[MsgId: MMSG-16999]
Action.c(36): Notify: Saving Parameter "address = 24 Bolton St".	[MsgId: MMSG-13798]
Action.c(36): Notify: Saving Parameter "first_name = Niesha".	[MsgId: MMSG-13798]
Action.c(36): Notify: Saving Parameter "postal = EH52 5TL".	[MsgId: MMSG-13798]
Action.c(36): Notify: Saving Parameter "_VTS_ID = 10_03-Jun-2014 17:00:08.641".	[MsgId: MMSG-13798]
Action.c(36): Notify: Saving Parameter "last_name = Bruch".	[MsgId: MMSG-13798]
Action.c(36): Notify: Saving Parameter "company_name = Rowley/hansell Petetin".	[MsgId: MMSG-13798]
Action.c(36): Notify: Saving Parameter "city = Broxburn, Uphall and Winchburg".	[MsgId: MMSG-13798]
Action.c(36): Notify: Saving Parameter "county = West Lothian".	[MsgId: MMSG-13798]
Action.c(36): Notify: Saving Parameter "phone1 = 01874-856950".	[MsgId: MMSG-13798]
Action.c(36): Notify: Saving Parameter "email = niesha.bruch@yahoo.com".	[MsgId: MMSG-13798]
Action.c(36): Notify: Saving Parameter "phone2 = 01342-793603".	[MsgId: MMSG-13798]
Action.c(36): Notify: Saving Parameter "web = http://www.rowleyhansellpetetin.co.uk".	[MsgId: MMSG-13798]
Action.c(39): Notify: Transaction "BP3_ApproveNew_GetData" ended with "Pass" status (Duration: 0.0038 Wasted Time: 0.0030).	[MsgId: MMSG-16871]
Action.c(79): Notify: Parameter Substitution: parameter "first_name" =  "Niesha"	[MsgId: MMSG-13992]
Action.c(82): Notify: Parameter Substitution: parameter "first_name" =  "Niesha"	[MsgId: MMSG-13992]
Action.c(82): Notify: Parameter Substitution: parameter "last_name" =  "Bruch"	[MsgId: MMSG-13992]
Action.c(82): Niesha Bruch Awaiting approval	[MsgId: MMSG-17999]
Action.c(86): lr_think_time: 5.00 seconds.	[MsgId: MMSG-15948]
Action.c(57): Notify: Transaction "BP4_ApproveNew_WriteData" started.	[MsgId: MMSG-16999]
Action.c(60): Notify: Parameter Substitution: parameter "_VTS_ID" =  "10_03-Jun-2014 17:00:08.641"	[MsgId: MMSG-13992]
Action.c(60): Notify: Parameter Substitution: parameter "first_name" =  "Niesha"	[MsgId: MMSG-13992]
Action.c(60): Notify: Parameter Substitution: parameter "last_name" =  "Bruch"	[MsgId: MMSG-13992]
Action.c(60): Notify: Parameter Substitution: parameter "first_name" =  "Niesha"	[MsgId: MMSG-13992]
Action.c(60): Notify: Parameter Substitution: parameter "last_name" =  "Bruch"	[MsgId: MMSG-13992]
Action.c(60): Notify: Parameter Substitution: parameter "password" =  "3599"	[MsgId: MMSG-13992]
Action.c(65): Notify: Transaction "BP4_ApproveNew_WriteData" ended with "Pass" status (Duration: 0.0620 Wasted Time: 0.0619).	[MsgId: MMSG-16871]
Action.c(89): Notify: Parameter Substitution: parameter "first_name" =  "Niesha"	[MsgId: MMSG-13992]
Action.c(89): Notify: Parameter Substitution: parameter "last_name" =  "Bruch"	[MsgId: MMSG-13992]
Action.c(89): Notify: Parameter Substitution: parameter "first_name" =  "Niesha"	[MsgId: MMSG-13992]
Action.c(89): Notify: Parameter Substitution: parameter "last_name" =  "Bruch"	[MsgId: MMSG-13992]
Action.c(89): Niesha Bruch approved, username is [Niesha_Bruch]	[MsgId: MMSG-17999]
Action.c(95): lr_think_time: 5.00 seconds.	[MsgId: MMSG-15948]
Ending action Action.	[MsgId: MMSG-15918]
Ending iteration 4.	[MsgId: MMSG-15965]
Starting iteration 5.	[MsgId: MMSG-15968]
Starting action Action.	[MsgId: MMSG-15919]
Action.c(20): Notify: Transaction "BP3_ApproveNew_GetData" started.	[MsgId: MMSG-16999]
Action.c(36): Notify: Saving Parameter "address = 4 Forrest St".	[MsgId: MMSG-13798]
Action.c(36): Notify: Saving Parameter "first_name = Rueben".	[MsgId: MMSG-13798]
Action.c(36): Notify: Saving Parameter "postal = BS23 3HG".	[MsgId: MMSG-13798]
Action.c(36): Notify: Saving Parameter "_VTS_ID = 10_03-Jun-2014 17:00:18.664".	[MsgId: MMSG-13798]
Action.c(36): Notify: Saving Parameter "last_name = Gastellum".	[MsgId: MMSG-13798]
Action.c(36): Notify: Saving Parameter "company_name = Industrial Engineering Assocs".	[MsgId: MMSG-13798]
Action.c(36): Notify: Saving Parameter "city = Weston-Super-Mare".	[MsgId: MMSG-13798]
Action.c(36): Notify: Saving Parameter "county = North Somerset".	[MsgId: MMSG-13798]
Action.c(36): Notify: Saving Parameter "phone1 = 01976-755279".	[MsgId: MMSG-13798]
Action.c(36): Notify: Saving Parameter "email = rueben_gastellum@gastellum.co.uk".	[MsgId: MMSG-13798]
Action.c(36): Notify: Saving Parameter "phone2 = 01956-535511".	[MsgId: MMSG-13798]
Action.c(36): Notify: Saving Parameter "web = http://www.industrialengineeringassocs.co.uk".	[MsgId: MMSG-13798]
Action.c(39): Notify: Transaction "BP3_ApproveNew_GetData" ended with "Pass" status (Duration: 0.0112 Wasted Time: 0.0105).	[MsgId: MMSG-16871]
Action.c(79): Notify: Parameter Substitution: parameter "first_name" =  "Rueben"	[MsgId: MMSG-13992]
Action.c(82): Notify: Parameter Substitution: parameter "first_name" =  "Rueben"	[MsgId: MMSG-13992]
Action.c(82): Notify: Parameter Substitution: parameter "last_name" =  "Gastellum"	[MsgId: MMSG-13992]
Action.c(82): Rueben Gastellum Awaiting approval	[MsgId: MMSG-17999]
Action.c(86): lr_think_time: 5.00 seconds.	[MsgId: MMSG-15948]
Action.c(57): Notify: Transaction "BP4_ApproveNew_WriteData" started.	[MsgId: MMSG-16999]
Action.c(60): Notify: Parameter Substitution: parameter "_VTS_ID" =  "10_03-Jun-2014 17:00:18.664"	[MsgId: MMSG-13992]
Action.c(60): Notify: Parameter Substitution: parameter "first_name" =  "Rueben"	[MsgId: MMSG-13992]
Action.c(60): Notify: Parameter Substitution: parameter "last_name" =  "Gastellum"	[MsgId: MMSG-13992]
Action.c(60): Notify: Parameter Substitution: parameter "first_name" =  "Rueben"	[MsgId: MMSG-13992]
Action.c(60): Notify: Parameter Substitution: parameter "last_name" =  "Gastellum"	[MsgId: MMSG-13992]
Action.c(60): Notify: Parameter Substitution: parameter "password" =  "3713"	[MsgId: MMSG-13992]
Action.c(65): Notify: Transaction "BP4_ApproveNew_WriteData" ended with "Pass" status (Duration: 0.0050 Wasted Time: 0.0050).	[MsgId: MMSG-16871]
Action.c(89): Notify: Parameter Substitution: parameter "first_name" =  "Rueben"	[MsgId: MMSG-13992]
Action.c(89): Notify: Parameter Substitution: parameter "last_name" =  "Gastellum"	[MsgId: MMSG-13992]
Action.c(89): Notify: Parameter Substitution: parameter "first_name" =  "Rueben"	[MsgId: MMSG-13992]
Action.c(89): Notify: Parameter Substitution: parameter "last_name" =  "Gastellum"	[MsgId: MMSG-13992]
Action.c(89): Rueben Gastellum approved, username is [Rueben_Gastellum]	[MsgId: MMSG-17999]
Action.c(95): lr_think_time: 5.00 seconds.	[MsgId: MMSG-15948]
Ending action Action.	[MsgId: MMSG-15918]
Ending iteration 5.	[MsgId: MMSG-15965]
Starting iteration 6.	[MsgId: MMSG-15968]
Starting action Action.	[MsgId: MMSG-15919]
Action.c(20): Notify: Transaction "BP3_ApproveNew_GetData" started.	[MsgId: MMSG-16999]
Action.c(36): Notify: Saving Parameter "address = 89 Noon St".	[MsgId: MMSG-13798]
Action.c(36): Notify: Saving Parameter "first_name = Michell".	[MsgId: MMSG-13798]
Action.c(36): Notify: Saving Parameter "postal = IP25 6JQ".	[MsgId: MMSG-13798]
Action.c(36): Notify: Saving Parameter "_VTS_ID = 10_03-Jun-2014 17:00:28.696".	[MsgId: MMSG-13798]
Action.c(36): Notify: Saving Parameter "last_name = Throssell".	[MsgId: MMSG-13798]
Action.c(36): Notify: Saving Parameter "company_name = Weiss Spirt & Guyer".	[MsgId: MMSG-13798]
Action.c(36): Notify: Saving Parameter "city = Carbrooke".	[MsgId: MMSG-13798]
Action.c(36): Notify: Saving Parameter "county = Norfolk".	[MsgId: MMSG-13798]
Action.c(36): Notify: Saving Parameter "phone1 = 01967-580851".	[MsgId: MMSG-13798]
Action.c(36): Notify: Saving Parameter "email = mthrossell@throssell.co.uk".	[MsgId: MMSG-13798]
Action.c(36): Notify: Saving Parameter "phone2 = 01672-496478".	[MsgId: MMSG-13798]
Action.c(36): Notify: Saving Parameter "web = http://www.weissspirtguyer.co.uk".	[MsgId: MMSG-13798]
Action.c(39): Notify: Transaction "BP3_ApproveNew_GetData" ended with "Pass" status (Duration: 0.0085 Wasted Time: 0.0076).	[MsgId: MMSG-16871]
Action.c(79): Notify: Parameter Substitution: parameter "first_name" =  "Michell"	[MsgId: MMSG-13992]
Action.c(82): Notify: Parameter Substitution: parameter "first_name" =  "Michell"	[MsgId: MMSG-13992]
Action.c(82): Notify: Parameter Substitution: parameter "last_name" =  "Throssell"	[MsgId: MMSG-13992]
Action.c(82): Michell Throssell Awaiting approval	[MsgId: MMSG-17999]
Action.c(86): lr_think_time: 5.00 seconds.	[MsgId: MMSG-15948]
Action.c(57): Notify: Transaction "BP4_ApproveNew_WriteData" started.	[MsgId: MMSG-16999]
Action.c(60): Notify: Parameter Substitution: parameter "_VTS_ID" =  "10_03-Jun-2014 17:00:28.696"	[MsgId: MMSG-13992]
Action.c(60): Notify: Parameter Substitution: parameter "first_name" =  "Michell"	[MsgId: MMSG-13992]
Action.c(60): Notify: Parameter Substitution: parameter "last_name" =  "Throssell"	[MsgId: MMSG-13992]
Action.c(60): Notify: Parameter Substitution: parameter "first_name" =  "Michell"	[MsgId: MMSG-13992]
Action.c(60): Notify: Parameter Substitution: parameter "last_name" =  "Throssell"	[MsgId: MMSG-13992]
Action.c(60): Notify: Parameter Substitution: parameter "password" =  "1704"	[MsgId: MMSG-13992]
Action.c(65): Notify: Transaction "BP4_ApproveNew_WriteData" ended with "Pass" status (Duration: 0.0068 Wasted Time: 0.0067).	[MsgId: MMSG-16871]
Action.c(89): Notify: Parameter Substitution: parameter "first_name" =  "Michell"	[MsgId: MMSG-13992]
Action.c(89): Notify: Parameter Substitution: parameter "last_name" =  "Throssell"	[MsgId: MMSG-13992]
Action.c(89): Notify: Parameter Substitution: parameter "first_name" =  "Michell"	[MsgId: MMSG-13992]
Action.c(89): Notify: Parameter Substitution: parameter "last_name" =  "Throssell"	[MsgId: MMSG-13992]
Action.c(89): Michell Throssell approved, username is [Michell_Throssell]	[MsgId: MMSG-17999]
Action.c(95): lr_think_time: 5.00 seconds.	[MsgId: MMSG-15948]
Ending action Action.	[MsgId: MMSG-15918]
Ending iteration 6.	[MsgId: MMSG-15965]
Starting iteration 7.	[MsgId: MMSG-15968]
Starting action Action.	[MsgId: MMSG-15919]
Action.c(20): Notify: Transaction "BP3_ApproveNew_GetData" started.	[MsgId: MMSG-16999]
Action.c(36): Notify: Saving Parameter "address = 99 Guthrie St".	[MsgId: MMSG-13798]
Action.c(36): Notify: Saving Parameter "first_name = Edgar".	[MsgId: MMSG-13798]
Action.c(36): Notify: Saving Parameter "postal = BH25 5DF".	[MsgId: MMSG-13798]
Action.c(36): Notify: Saving Parameter "_VTS_ID = 10_03-Jun-2014 17:00:38.727".	[MsgId: MMSG-13798]
Action.c(36): Notify: Saving Parameter "last_name = Kanne".	[MsgId: MMSG-13798]
Action.c(36): Notify: Saving Parameter "company_name = Crowan, Kenneth W Esq".	[MsgId: MMSG-13798]
Action.c(36): Notify: Saving Parameter "city = New Milton".	[MsgId: MMSG-13798]
Action.c(36): Notify: Saving Parameter "county = Hampshire".	[MsgId: MMSG-13798]
Action.c(36): Notify: Saving Parameter "phone1 = 01326-532337".	[MsgId: MMSG-13798]
Action.c(36): Notify: Saving Parameter "email = edgar.kanne@yahoo.com".	[MsgId: MMSG-13798]
Action.c(36): Notify: Saving Parameter "phone2 = 01666-638176".	[MsgId: MMSG-13798]
Action.c(36): Notify: Saving Parameter "web = http://www.crowankennethwesq.co.uk".	[MsgId: MMSG-13798]
Action.c(39): Notify: Transaction "BP3_ApproveNew_GetData" ended with "Pass" status (Duration: 0.0038 Wasted Time: 0.0032).	[MsgId: MMSG-16871]
Action.c(79): Notify: Parameter Substitution: parameter "first_name" =  "Edgar"	[MsgId: MMSG-13992]
Action.c(82): Notify: Parameter Substitution: parameter "first_name" =  "Edgar"	[MsgId: MMSG-13992]
Action.c(82): Notify: Parameter Substitution: parameter "last_name" =  "Kanne"	[MsgId: MMSG-13992]
Action.c(82): Edgar Kanne Awaiting approval	[MsgId: MMSG-17999]
Action.c(86): lr_think_time: 5.00 seconds.	[MsgId: MMSG-15948]
Action.c(57): Notify: Transaction "BP4_ApproveNew_WriteData" started.	[MsgId: MMSG-16999]
Action.c(60): Notify: Parameter Substitution: parameter "_VTS_ID" =  "10_03-Jun-2014 17:00:38.727"	[MsgId: MMSG-13992]
Action.c(60): Notify: Parameter Substitution: parameter "first_name" =  "Edgar"	[MsgId: MMSG-13992]
Action.c(60): Notify: Parameter Substitution: parameter "last_name" =  "Kanne"	[MsgId: MMSG-13992]
Action.c(60): Notify: Parameter Substitution: parameter "first_name" =  "Edgar"	[MsgId: MMSG-13992]
Action.c(60): Notify: Parameter Substitution: parameter "last_name" =  "Kanne"	[MsgId: MMSG-13992]
Action.c(60): Notify: Parameter Substitution: parameter "password" =  "6619"	[MsgId: MMSG-13992]
Action.c(65): Notify: Transaction "BP4_ApproveNew_WriteData" ended with "Pass" status (Duration: 0.0031 Wasted Time: 0.0031).	[MsgId: MMSG-16871]
Action.c(89): Notify: Parameter Substitution: parameter "first_name" =  "Edgar"	[MsgId: MMSG-13992]
Action.c(89): Notify: Parameter Substitution: parameter "last_name" =  "Kanne"	[MsgId: MMSG-13992]
Action.c(89): Notify: Parameter Substitution: parameter "first_name" =  "Edgar"	[MsgId: MMSG-13992]
Action.c(89): Notify: Parameter Substitution: parameter "last_name" =  "Kanne"	[MsgId: MMSG-13992]
Action.c(89): Edgar Kanne approved, username is [Edgar_Kanne]	[MsgId: MMSG-17999]
Action.c(95): lr_think_time: 5.00 seconds.	[MsgId: MMSG-15948]
Ending action Action.	[MsgId: MMSG-15918]
Ending iteration 7.	[MsgId: MMSG-15965]
Starting iteration 8.	[MsgId: MMSG-15968]
Starting action Action.	[MsgId: MMSG-15919]
Action.c(20): Notify: Transaction "BP3_ApproveNew_GetData" started.	[MsgId: MMSG-16999]
Action.c(36): Notify: Saving Parameter "address = 7 Richmond St".	[MsgId: MMSG-13798]
Action.c(36): Notify: Saving Parameter "first_name = Dewitt".	[MsgId: MMSG-13798]
Action.c(36): Notify: Saving Parameter "postal = EX39 5DJ".	[MsgId: MMSG-13798]
Action.c(36): Notify: Saving Parameter "_VTS_ID = 10_03-Jun-2014 17:00:48.790".	[MsgId: MMSG-13798]
Action.c(36): Notify: Saving Parameter "last_name = Julio".	[MsgId: MMSG-13798]
Action.c(36): Notify: Saving Parameter "company_name = Rittenhouse Motor Co".	[MsgId: MMSG-13798]
Action.c(36): Notify: Saving Parameter "city = Parkham".	[MsgId: MMSG-13798]
Action.c(36): Notify: Saving Parameter "county = Devon".	[MsgId: MMSG-13798]
Action.c(36): Notify: Saving Parameter "phone1 = 01253-528327".	[MsgId: MMSG-13798]
Action.c(36): Notify: Saving Parameter "email = dewitt.julio@hotmail.com".	[MsgId: MMSG-13798]
Action.c(36): Notify: Saving Parameter "phone2 = 01241-964675".	[MsgId: MMSG-13798]
Action.c(36): Notify: Saving Parameter "web = http://www.rittenhousemotorco.co.uk".	[MsgId: MMSG-13798]
Action.c(39): Notify: Transaction "BP3_ApproveNew_GetData" ended with "Pass" status (Duration: 0.0058 Wasted Time: 0.0052).	[MsgId: MMSG-16871]
Action.c(79): Notify: Parameter Substitution: parameter "first_name" =  "Dewitt"	[MsgId: MMSG-13992]
Action.c(82): Notify: Parameter Substitution: parameter "first_name" =  "Dewitt"	[MsgId: MMSG-13992]
Action.c(82): Notify: Parameter Substitution: parameter "last_name" =  "Julio"	[MsgId: MMSG-13992]
Action.c(82): Dewitt Julio Awaiting approval	[MsgId: MMSG-17999]
Action.c(86): lr_think_time: 5.00 seconds.	[MsgId: MMSG-15948]
Action.c(57): Notify: Transaction "BP4_ApproveNew_WriteData" started.	[MsgId: MMSG-16999]
Action.c(60): Notify: Parameter Substitution: parameter "_VTS_ID" =  "10_03-Jun-2014 17:00:48.790"	[MsgId: MMSG-13992]
Action.c(60): Notify: Parameter Substitution: parameter "first_name" =  "Dewitt"	[MsgId: MMSG-13992]
Action.c(60): Notify: Parameter Substitution: parameter "last_name" =  "Julio"	[MsgId: MMSG-13992]
Action.c(60): Notify: Parameter Substitution: parameter "first_name" =  "Dewitt"	[MsgId: MMSG-13992]
Action.c(60): Notify: Parameter Substitution: parameter "last_name" =  "Julio"	[MsgId: MMSG-13992]
Action.c(60): Notify: Parameter Substitution: parameter "password" =  "3803"	[MsgId: MMSG-13992]
Action.c(65): Notify: Transaction "BP4_ApproveNew_WriteData" ended with "Pass" status (Duration: 0.0029 Wasted Time: 0.0029).	[MsgId: MMSG-16871]
Action.c(89): Notify: Parameter Substitution: parameter "first_name" =  "Dewitt"	[MsgId: MMSG-13992]
Action.c(89): Notify: Parameter Substitution: parameter "last_name" =  "Julio"	[MsgId: MMSG-13992]
Action.c(89): Notify: Parameter Substitution: parameter "first_name" =  "Dewitt"	[MsgId: MMSG-13992]
Action.c(89): Notify: Parameter Substitution: parameter "last_name" =  "Julio"	[MsgId: MMSG-13992]
Action.c(89): Dewitt Julio approved, username is [Dewitt_Julio]	[MsgId: MMSG-17999]
Action.c(95): lr_think_time: 5.00 seconds.	[MsgId: MMSG-15948]
Ending action Action.	[MsgId: MMSG-15918]
Action was aborted.	[MsgId: MMSG-10694]
Ending Vuser...	[MsgId: MMSG-15966]
Starting action vuser_end.	[MsgId: MMSG-15919]
Ending action vuser_end.	[MsgId: MMSG-15918]
Vuser Terminated.	[MsgId: MMSG-15963]
Vuser 0 (thread 3188), ended OK."	[MsgId: MMSG-10695]
