Virtual User Script started at : 6/3/2014 4:44:22 PM	[MsgId: MMSG-15967]
Starting action vuser_init.	[MsgId: MMSG-15919]
Web Turbo Replay of LoadRunner 12.0.0 for Windows 8; build 1362 (Feb  2 2014 23:20:03)  	[MsgId: MMSG-27143]
Run mode: HTML  	[MsgId: MMSG-26993]
Run-Time Settings file: "C:\Users\gordona.TRUSTIV\AppData\Local\Temp\lr5tmpdirqzc.236\lrcfgvpi.237\cfgUuk.240"  	[MsgId: MMSG-27141]
Ending action vuser_init.	[MsgId: MMSG-15918]
Running Vuser...	[MsgId: MMSG-15964]
Starting iteration 1.	[MsgId: MMSG-15968]
Maximum number of concurrent connections per server: 2  	[MsgId: MMSG-26000]
Starting action Action.	[MsgId: MMSG-15919]
Action.c(20): Notify: Transaction "BP3_ApproveNew_GetData" started.	[MsgId: MMSG-16999]
Action.c(36): Notify: Saving Parameter "address = ".	[MsgId: MMSG-13798]
Action.c(36): Notify: Saving Parameter "first_name = ".	[MsgId: MMSG-13798]
Action.c(36): Notify: Saving Parameter "postal = ".	[MsgId: MMSG-13798]
Action.c(36): Notify: Saving Parameter "_VTS_ID = ".	[MsgId: MMSG-13798]
Action.c(36): Notify: Saving Parameter "last_name = ".	[MsgId: MMSG-13798]
Action.c(36): Notify: Saving Parameter "company_name = ".	[MsgId: MMSG-13798]
Action.c(36): Notify: Saving Parameter "city = ".	[MsgId: MMSG-13798]
Action.c(36): Notify: Saving Parameter "county = ".	[MsgId: MMSG-13798]
Action.c(36): Notify: Saving Parameter "phone1 = ".	[MsgId: MMSG-13798]
Action.c(36): Notify: Saving Parameter "email = ".	[MsgId: MMSG-13798]
Action.c(36): Notify: Saving Parameter "phone2 = ".	[MsgId: MMSG-13798]
Action.c(36): Notify: Saving Parameter "web = ".	[MsgId: MMSG-13798]
Action.c(39): Notify: Transaction "BP3_ApproveNew_GetData" ended with "Pass" status (Duration: 0.0124 Wasted Time: 0.0118).	[MsgId: MMSG-16871]
Action.c(79): Notify: Parameter Substitution: parameter "first_name" =  ""	[MsgId: MMSG-13992]
Action.c(101): No data for user approval...waiting for 50 seconds.	[MsgId: MMSG-17999]
Action.c(102): lr_think_time: 50.00 seconds.	[MsgId: MMSG-15948]
Abort was called from an action.	[MsgId: MMSG-10447]
Ending Vuser...	[MsgId: MMSG-15966]
Starting action vuser_end.	[MsgId: MMSG-15919]
Ending action vuser_end.	[MsgId: MMSG-15918]
Vuser Terminated.	[MsgId: MMSG-15963]
Vuser 0 (thread 4272), ended OK."	[MsgId: MMSG-10695]
