Virtual User Script started at : 22/05/2014 16:38:00	[MsgId: MMSG-15967]
Starting action vuser_init.	[MsgId: MMSG-15919]
Web Turbo Replay of LoadRunner 12.0.0 for Windows 8; build 1362 (Feb  2 2014 23:20:03)  	[MsgId: MMSG-27143]
Run mode: HTML  	[MsgId: MMSG-26993]
Run-Time Settings file: "C:\Users\Richard\AppData\Local\Temp\lr5tmpdiriIm.338\lrcfg9ek.353\cfg9xf.356"  	[MsgId: MMSG-27141]
Ending action vuser_init.	[MsgId: MMSG-15918]
Running Vuser...	[MsgId: MMSG-15964]
Starting iteration 1.	[MsgId: MMSG-15968]
Maximum number of concurrent connections per server: 2  	[MsgId: MMSG-26000]
Starting action Action.	[MsgId: MMSG-15919]
Action.c(18): Notify: Transaction "BP3_ApproveNew_GetData" started.	[MsgId: MMSG-16999]
Action.c(25): Notify: Transaction "BP3_ApproveNew_GetData" ended with "Pass" status (Duration: 0.0071 Wasted Time: 0.0070).	[MsgId: MMSG-16871]
Action.c(67): Leota Fletchen Awaiting approval	[MsgId: MMSG-17999]
Action.c(71): lr_think_time: 5.42 seconds (recorded think time was 5.00 seconds).	[MsgId: MMSG-15947]
Action.c(43): Notify: Transaction "BP4_ApproveNew_WriteData" started.	[MsgId: MMSG-16999]
Action.c(50): Notify: Transaction "BP4_ApproveNew_WriteData" ended with "Pass" status (Duration: 0.0040 Wasted Time: 0.0039).	[MsgId: MMSG-16871]
Action.c(74): Leota Fletchen approved, username is [Leota_Fletchen]	[MsgId: MMSG-17999]
Action.c(80): lr_think_time: 4.12 seconds (recorded think time was 5.00 seconds).	[MsgId: MMSG-15947]
Ending action Action.	[MsgId: MMSG-15918]
Ending iteration 1.	[MsgId: MMSG-15965]
Starting iteration 2.	[MsgId: MMSG-15968]
Starting action Action.	[MsgId: MMSG-15919]
Action.c(18): Notify: Transaction "BP3_ApproveNew_GetData" started.	[MsgId: MMSG-16999]
Action.c(25): Notify: Transaction "BP3_ApproveNew_GetData" ended with "Pass" status (Duration: 0.0061 Wasted Time: 0.0061).	[MsgId: MMSG-16871]
Action.c(67): Berry Gutoski Awaiting approval	[MsgId: MMSG-17999]
Action.c(71): lr_think_time: 5.04 seconds (recorded think time was 5.00 seconds).	[MsgId: MMSG-15947]
Action.c(43): Notify: Transaction "BP4_ApproveNew_WriteData" started.	[MsgId: MMSG-16999]
Action.c(50): Notify: Transaction "BP4_ApproveNew_WriteData" ended with "Pass" status (Duration: 0.0041 Wasted Time: 0.0040).	[MsgId: MMSG-16871]
Action.c(74): Berry Gutoski approved, username is [Berry_Gutoski]	[MsgId: MMSG-17999]
Action.c(80): lr_think_time: 4.85 seconds (recorded think time was 5.00 seconds).	[MsgId: MMSG-15947]
Ending action Action.	[MsgId: MMSG-15918]
Ending iteration 2.	[MsgId: MMSG-15965]
Starting iteration 3.	[MsgId: MMSG-15968]
Starting action Action.	[MsgId: MMSG-15919]
Action.c(18): Notify: Transaction "BP3_ApproveNew_GetData" started.	[MsgId: MMSG-16999]
Action.c(25): Notify: Transaction "BP3_ApproveNew_GetData" ended with "Pass" status (Duration: 0.0057 Wasted Time: 0.0057).	[MsgId: MMSG-16871]
Action.c(67): Meghan Riherd Awaiting approval	[MsgId: MMSG-17999]
Action.c(71): lr_think_time: 4.21 seconds (recorded think time was 5.00 seconds).	[MsgId: MMSG-15947]
Action.c(43): Notify: Transaction "BP4_ApproveNew_WriteData" started.	[MsgId: MMSG-16999]
Action.c(50): Notify: Transaction "BP4_ApproveNew_WriteData" ended with "Pass" status (Duration: 0.0036 Wasted Time: 0.0036).	[MsgId: MMSG-16871]
Action.c(74): Meghan Riherd approved, username is [Meghan_Riherd]	[MsgId: MMSG-17999]
Action.c(80): lr_think_time: 4.86 seconds (recorded think time was 5.00 seconds).	[MsgId: MMSG-15947]
Ending action Action.	[MsgId: MMSG-15918]
Ending iteration 3.	[MsgId: MMSG-15965]
Starting iteration 4.	[MsgId: MMSG-15968]
Starting action Action.	[MsgId: MMSG-15919]
Action.c(18): Notify: Transaction "BP3_ApproveNew_GetData" started.	[MsgId: MMSG-16999]
Action.c(25): Notify: Transaction "BP3_ApproveNew_GetData" ended with "Pass" status (Duration: 0.0056 Wasted Time: 0.0056).	[MsgId: MMSG-16871]
Action.c(67): Mike Torner Awaiting approval	[MsgId: MMSG-17999]
Action.c(71): lr_think_time: 5.95 seconds (recorded think time was 5.00 seconds).	[MsgId: MMSG-15947]
Action.c(43): Notify: Transaction "BP4_ApproveNew_WriteData" started.	[MsgId: MMSG-16999]
Action.c(50): Notify: Transaction "BP4_ApproveNew_WriteData" ended with "Pass" status (Duration: 0.0028 Wasted Time: 0.0028).	[MsgId: MMSG-16871]
Action.c(74): Mike Torner approved, username is [Mike_Torner]	[MsgId: MMSG-17999]
Action.c(80): lr_think_time: 4.34 seconds (recorded think time was 5.00 seconds).	[MsgId: MMSG-15947]
Ending action Action.	[MsgId: MMSG-15918]
Ending iteration 4.	[MsgId: MMSG-15965]
Starting iteration 5.	[MsgId: MMSG-15968]
Starting action Action.	[MsgId: MMSG-15919]
Action.c(18): Notify: Transaction "BP3_ApproveNew_GetData" started.	[MsgId: MMSG-16999]
Action.c(25): Notify: Transaction "BP3_ApproveNew_GetData" ended with "Pass" status (Duration: 0.0071 Wasted Time: 0.0070).	[MsgId: MMSG-16871]
Action.c(67): Elsa Delisle Awaiting approval	[MsgId: MMSG-17999]
Action.c(71): lr_think_time: 5.41 seconds (recorded think time was 5.00 seconds).	[MsgId: MMSG-15947]
Action.c(43): Notify: Transaction "BP4_ApproveNew_WriteData" started.	[MsgId: MMSG-16999]
Action.c(50): Notify: Transaction "BP4_ApproveNew_WriteData" ended with "Pass" status (Duration: 0.0037 Wasted Time: 0.0036).	[MsgId: MMSG-16871]
Action.c(74): Elsa Delisle approved, username is [Elsa_Delisle]	[MsgId: MMSG-17999]
Action.c(80): lr_think_time: 5.47 seconds (recorded think time was 5.00 seconds).	[MsgId: MMSG-15947]
Ending action Action.	[MsgId: MMSG-15918]
Ending iteration 5.	[MsgId: MMSG-15965]
Starting iteration 6.	[MsgId: MMSG-15968]
Starting action Action.	[MsgId: MMSG-15919]
Action.c(18): Notify: Transaction "BP3_ApproveNew_GetData" started.	[MsgId: MMSG-16999]
Action.c(25): Notify: Transaction "BP3_ApproveNew_GetData" ended with "Pass" status (Duration: 0.0027 Wasted Time: 0.0027).	[MsgId: MMSG-16871]
Action.c(67): Linwood Rosenlof Awaiting approval	[MsgId: MMSG-17999]
Action.c(71): lr_think_time: 4.92 seconds (recorded think time was 5.00 seconds).	[MsgId: MMSG-15947]
Action.c(43): Notify: Transaction "BP4_ApproveNew_WriteData" started.	[MsgId: MMSG-16999]
Action.c(50): Notify: Transaction "BP4_ApproveNew_WriteData" ended with "Pass" status (Duration: 0.0032 Wasted Time: 0.0032).	[MsgId: MMSG-16871]
Action.c(74): Linwood Rosenlof approved, username is [Linwood_Rosenlof]	[MsgId: MMSG-17999]
Action.c(80): lr_think_time: 5.73 seconds (recorded think time was 5.00 seconds).	[MsgId: MMSG-15947]
Ending action Action.	[MsgId: MMSG-15918]
Ending iteration 6.	[MsgId: MMSG-15965]
Starting iteration 7.	[MsgId: MMSG-15968]
Starting action Action.	[MsgId: MMSG-15919]
Action.c(18): Notify: Transaction "BP3_ApproveNew_GetData" started.	[MsgId: MMSG-16999]
Action.c(25): Notify: Transaction "BP3_ApproveNew_GetData" ended with "Pass" status (Duration: 0.0033 Wasted Time: 0.0032).	[MsgId: MMSG-16871]
Action.c(67): Latosha Alexy Awaiting approval	[MsgId: MMSG-17999]
Action.c(71): lr_think_time: 5.92 seconds (recorded think time was 5.00 seconds).	[MsgId: MMSG-15947]
Action.c(43): Notify: Transaction "BP4_ApproveNew_WriteData" started.	[MsgId: MMSG-16999]
Action.c(50): Notify: Transaction "BP4_ApproveNew_WriteData" ended with "Pass" status (Duration: 0.0044 Wasted Time: 0.0043).	[MsgId: MMSG-16871]
Action.c(74): Latosha Alexy approved, username is [Latosha_Alexy]	[MsgId: MMSG-17999]
Action.c(80): lr_think_time: 5.20 seconds (recorded think time was 5.00 seconds).	[MsgId: MMSG-15947]
Ending action Action.	[MsgId: MMSG-15918]
Ending iteration 7.	[MsgId: MMSG-15965]
Starting iteration 8.	[MsgId: MMSG-15968]
Starting action Action.	[MsgId: MMSG-15919]
Action.c(18): Notify: Transaction "BP3_ApproveNew_GetData" started.	[MsgId: MMSG-16999]
Action.c(25): Notify: Transaction "BP3_ApproveNew_GetData" ended with "Pass" status (Duration: 0.0052 Wasted Time: 0.0051).	[MsgId: MMSG-16871]
Action.c(67): Alexia Meenan Awaiting approval	[MsgId: MMSG-17999]
Action.c(71): lr_think_time: 5.77 seconds (recorded think time was 5.00 seconds).	[MsgId: MMSG-15947]
Action.c(43): Notify: Transaction "BP4_ApproveNew_WriteData" started.	[MsgId: MMSG-16999]
Action.c(50): Notify: Transaction "BP4_ApproveNew_WriteData" ended with "Pass" status (Duration: 0.0041 Wasted Time: 0.0041).	[MsgId: MMSG-16871]
Action.c(74): Alexia Meenan approved, username is [Alexia_Meenan]	[MsgId: MMSG-17999]
Action.c(80): lr_think_time: 4.44 seconds (recorded think time was 5.00 seconds).	[MsgId: MMSG-15947]
Ending action Action.	[MsgId: MMSG-15918]
Ending iteration 8.	[MsgId: MMSG-15965]
Starting iteration 9.	[MsgId: MMSG-15968]
Starting action Action.	[MsgId: MMSG-15919]
Action.c(18): Notify: Transaction "BP3_ApproveNew_GetData" started.	[MsgId: MMSG-16999]
Action.c(25): Notify: Transaction "BP3_ApproveNew_GetData" ended with "Pass" status (Duration: 0.0105 Wasted Time: 0.0089).	[MsgId: MMSG-16871]
Action.c(67): Graham Stanwick Awaiting approval	[MsgId: MMSG-17999]
Action.c(71): lr_think_time: 5.37 seconds (recorded think time was 5.00 seconds).	[MsgId: MMSG-15947]
Action.c(43): Notify: Transaction "BP4_ApproveNew_WriteData" started.	[MsgId: MMSG-16999]
Action.c(50): Notify: Transaction "BP4_ApproveNew_WriteData" ended with "Pass" status (Duration: 0.0046 Wasted Time: 0.0045).	[MsgId: MMSG-16871]
Action.c(74): Graham Stanwick approved, username is [Graham_Stanwick]	[MsgId: MMSG-17999]
Action.c(80): lr_think_time: 5.08 seconds (recorded think time was 5.00 seconds).	[MsgId: MMSG-15947]
Ending action Action.	[MsgId: MMSG-15918]
Ending iteration 9.	[MsgId: MMSG-15965]
Starting iteration 10.	[MsgId: MMSG-15968]
Starting action Action.	[MsgId: MMSG-15919]
Action.c(18): Notify: Transaction "BP3_ApproveNew_GetData" started.	[MsgId: MMSG-16999]
Action.c(25): Notify: Transaction "BP3_ApproveNew_GetData" ended with "Pass" status (Duration: 0.0030 Wasted Time: 0.0030).	[MsgId: MMSG-16871]
Action.c(67): Elinore Fulda Awaiting approval	[MsgId: MMSG-17999]
Action.c(71): lr_think_time: 5.03 seconds (recorded think time was 5.00 seconds).	[MsgId: MMSG-15947]
Action.c(43): Notify: Transaction "BP4_ApproveNew_WriteData" started.	[MsgId: MMSG-16999]
Action.c(50): Notify: Transaction "BP4_ApproveNew_WriteData" ended with "Pass" status (Duration: 0.0026 Wasted Time: 0.0025).	[MsgId: MMSG-16871]
Action.c(74): Elinore Fulda approved, username is [Elinore_Fulda]	[MsgId: MMSG-17999]
Action.c(80): lr_think_time: 4.23 seconds (recorded think time was 5.00 seconds).	[MsgId: MMSG-15947]
Ending action Action.	[MsgId: MMSG-15918]
Ending iteration 10.	[MsgId: MMSG-15965]
Starting iteration 11.	[MsgId: MMSG-15968]
Starting action Action.	[MsgId: MMSG-15919]
Action.c(18): Notify: Transaction "BP3_ApproveNew_GetData" started.	[MsgId: MMSG-16999]
Action.c(25): Notify: Transaction "BP3_ApproveNew_GetData" ended with "Pass" status (Duration: 0.0081 Wasted Time: 0.0080).	[MsgId: MMSG-16871]
Action.c(67): Lisbeth Creecy Awaiting approval	[MsgId: MMSG-17999]
Action.c(71): lr_think_time: 5.89 seconds (recorded think time was 5.00 seconds).	[MsgId: MMSG-15947]
Action.c(43): Notify: Transaction "BP4_ApproveNew_WriteData" started.	[MsgId: MMSG-16999]
Action.c(50): Notify: Transaction "BP4_ApproveNew_WriteData" ended with "Pass" status (Duration: 0.0038 Wasted Time: 0.0037).	[MsgId: MMSG-16871]
Action.c(74): Lisbeth Creecy approved, username is [Lisbeth_Creecy]	[MsgId: MMSG-17999]
Action.c(80): lr_think_time: 5.52 seconds (recorded think time was 5.00 seconds).	[MsgId: MMSG-15947]
Ending action Action.	[MsgId: MMSG-15918]
Ending iteration 11.	[MsgId: MMSG-15965]
Starting iteration 12.	[MsgId: MMSG-15968]
Starting action Action.	[MsgId: MMSG-15919]
Action.c(18): Notify: Transaction "BP3_ApproveNew_GetData" started.	[MsgId: MMSG-16999]
Action.c(25): Notify: Transaction "BP3_ApproveNew_GetData" ended with "Pass" status (Duration: 0.0022 Wasted Time: 0.0022).	[MsgId: MMSG-16871]
Action.c(67): Lisbeth Creecy Awaiting approval	[MsgId: MMSG-17999]
Action.c(71): lr_think_time: 5.33 seconds (recorded think time was 5.00 seconds).	[MsgId: MMSG-15947]
Action.c(43): Notify: Transaction "BP4_ApproveNew_WriteData" started.	[MsgId: MMSG-16999]
Action.c(50): Notify: Transaction "BP4_ApproveNew_WriteData" ended with "Pass" status (Duration: 0.0043 Wasted Time: 0.0043).	[MsgId: MMSG-16871]
Action.c(74): Lisbeth Creecy approved, username is [Lisbeth_Creecy]	[MsgId: MMSG-17999]
Action.c(80): lr_think_time: 5.12 seconds (recorded think time was 5.00 seconds).	[MsgId: MMSG-15947]
Ending action Action.	[MsgId: MMSG-15918]
Ending iteration 12.	[MsgId: MMSG-15965]
Starting iteration 13.	[MsgId: MMSG-15968]
Starting action Action.	[MsgId: MMSG-15919]
Action.c(18): Notify: Transaction "BP3_ApproveNew_GetData" started.	[MsgId: MMSG-16999]
Action.c(25): Notify: Transaction "BP3_ApproveNew_GetData" ended with "Pass" status (Duration: 0.0061 Wasted Time: 0.0061).	[MsgId: MMSG-16871]
Action.c(67): Val Cellucci Awaiting approval	[MsgId: MMSG-17999]
Action.c(71): lr_think_time: 5.44 seconds (recorded think time was 5.00 seconds).	[MsgId: MMSG-15947]
Action.c(43): Notify: Transaction "BP4_ApproveNew_WriteData" started.	[MsgId: MMSG-16999]
Action.c(50): Notify: Transaction "BP4_ApproveNew_WriteData" ended with "Pass" status (Duration: 0.0021 Wasted Time: 0.0021).	[MsgId: MMSG-16871]
Action.c(74): Val Cellucci approved, username is [Val_Cellucci]	[MsgId: MMSG-17999]
Action.c(80): lr_think_time: 6.00 seconds (recorded think time was 5.00 seconds).	[MsgId: MMSG-15947]
Ending action Action.	[MsgId: MMSG-15918]
Ending iteration 13.	[MsgId: MMSG-15965]
Starting iteration 14.	[MsgId: MMSG-15968]
Starting action Action.	[MsgId: MMSG-15919]
Action.c(18): Notify: Transaction "BP3_ApproveNew_GetData" started.	[MsgId: MMSG-16999]
Action.c(25): Notify: Transaction "BP3_ApproveNew_GetData" ended with "Pass" status (Duration: 0.0069 Wasted Time: 0.0068).	[MsgId: MMSG-16871]
Action.c(67): Horace Knapp Awaiting approval	[MsgId: MMSG-17999]
Action.c(71): lr_think_time: 5.80 seconds (recorded think time was 5.00 seconds).	[MsgId: MMSG-15947]
Action.c(43): Notify: Transaction "BP4_ApproveNew_WriteData" started.	[MsgId: MMSG-16999]
Action.c(50): Notify: Transaction "BP4_ApproveNew_WriteData" ended with "Pass" status (Duration: 0.0045 Wasted Time: 0.0044).	[MsgId: MMSG-16871]
Action.c(74): Horace Knapp approved, username is [Horace_Knapp]	[MsgId: MMSG-17999]
Action.c(80): lr_think_time: 5.68 seconds (recorded think time was 5.00 seconds).	[MsgId: MMSG-15947]
Ending action Action.	[MsgId: MMSG-15918]
Ending iteration 14.	[MsgId: MMSG-15965]
Starting iteration 15.	[MsgId: MMSG-15968]
Starting action Action.	[MsgId: MMSG-15919]
Action.c(18): Notify: Transaction "BP3_ApproveNew_GetData" started.	[MsgId: MMSG-16999]
Action.c(25): Notify: Transaction "BP3_ApproveNew_GetData" ended with "Pass" status (Duration: 0.0050 Wasted Time: 0.0050).	[MsgId: MMSG-16871]
Action.c(67): Joana Reinecke Awaiting approval	[MsgId: MMSG-17999]
Action.c(71): lr_think_time: 5.16 seconds (recorded think time was 5.00 seconds).	[MsgId: MMSG-15947]
Action.c(43): Notify: Transaction "BP4_ApproveNew_WriteData" started.	[MsgId: MMSG-16999]
Action.c(50): Notify: Transaction "BP4_ApproveNew_WriteData" ended with "Pass" status (Duration: 0.0047 Wasted Time: 0.0046).	[MsgId: MMSG-16871]
Action.c(74): Joana Reinecke approved, username is [Joana_Reinecke]	[MsgId: MMSG-17999]
Action.c(80): lr_think_time: 4.49 seconds (recorded think time was 5.00 seconds).	[MsgId: MMSG-15947]
Ending action Action.	[MsgId: MMSG-15918]
Ending iteration 15.	[MsgId: MMSG-15965]
Starting iteration 16.	[MsgId: MMSG-15968]
Starting action Action.	[MsgId: MMSG-15919]
Action.c(18): Notify: Transaction "BP3_ApproveNew_GetData" started.	[MsgId: MMSG-16999]
Action.c(25): Notify: Transaction "BP3_ApproveNew_GetData" ended with "Pass" status (Duration: 0.0128 Wasted Time: 0.0127).	[MsgId: MMSG-16871]
Action.c(67): Tiara Schlichter Awaiting approval	[MsgId: MMSG-17999]
Action.c(71): lr_think_time: 4.73 seconds (recorded think time was 5.00 seconds).	[MsgId: MMSG-15947]
Action.c(43): Notify: Transaction "BP4_ApproveNew_WriteData" started.	[MsgId: MMSG-16999]
Action.c(50): Notify: Transaction "BP4_ApproveNew_WriteData" ended with "Pass" status (Duration: 0.0057 Wasted Time: 0.0056).	[MsgId: MMSG-16871]
Action.c(74): Tiara Schlichter approved, username is [Tiara_Schlichter]	[MsgId: MMSG-17999]
Action.c(80): lr_think_time: 4.31 seconds (recorded think time was 5.00 seconds).	[MsgId: MMSG-15947]
Ending action Action.	[MsgId: MMSG-15918]
Ending iteration 16.	[MsgId: MMSG-15965]
Starting iteration 17.	[MsgId: MMSG-15968]
Starting action Action.	[MsgId: MMSG-15919]
Action.c(18): Notify: Transaction "BP3_ApproveNew_GetData" started.	[MsgId: MMSG-16999]
Action.c(25): Notify: Transaction "BP3_ApproveNew_GetData" ended with "Pass" status (Duration: 0.0168 Wasted Time: 0.0167).	[MsgId: MMSG-16871]
Action.c(67): Dacia Swaisgood Awaiting approval	[MsgId: MMSG-17999]
Action.c(71): lr_think_time: 4.79 seconds (recorded think time was 5.00 seconds).	[MsgId: MMSG-15947]
Action.c(43): Notify: Transaction "BP4_ApproveNew_WriteData" started.	[MsgId: MMSG-16999]
Action.c(50): Notify: Transaction "BP4_ApproveNew_WriteData" ended with "Pass" status (Duration: 0.0038 Wasted Time: 0.0038).	[MsgId: MMSG-16871]
Action.c(74): Dacia Swaisgood approved, username is [Dacia_Swaisgood]	[MsgId: MMSG-17999]
Action.c(80): lr_think_time: 5.99 seconds (recorded think time was 5.00 seconds).	[MsgId: MMSG-15947]
Ending action Action.	[MsgId: MMSG-15918]
Ending iteration 17.	[MsgId: MMSG-15965]
Starting iteration 18.	[MsgId: MMSG-15968]
Starting action Action.	[MsgId: MMSG-15919]
Action.c(18): Notify: Transaction "BP3_ApproveNew_GetData" started.	[MsgId: MMSG-16999]
Action.c(25): Notify: Transaction "BP3_ApproveNew_GetData" ended with "Pass" status (Duration: 0.0043 Wasted Time: 0.0042).	[MsgId: MMSG-16871]
Action.c(67): Myong Babineaux Awaiting approval	[MsgId: MMSG-17999]
Action.c(71): lr_think_time: 4.21 seconds (recorded think time was 5.00 seconds).	[MsgId: MMSG-15947]
Action.c(43): Notify: Transaction "BP4_ApproveNew_WriteData" started.	[MsgId: MMSG-16999]
Action.c(50): Notify: Transaction "BP4_ApproveNew_WriteData" ended with "Pass" status (Duration: 0.0035 Wasted Time: 0.0035).	[MsgId: MMSG-16871]
Action.c(74): Myong Babineaux approved, username is [Myong_Babineaux]	[MsgId: MMSG-17999]
Action.c(80): lr_think_time: 5.04 seconds (recorded think time was 5.00 seconds).	[MsgId: MMSG-15947]
Ending action Action.	[MsgId: MMSG-15918]
Ending iteration 18.	[MsgId: MMSG-15965]
Starting iteration 19.	[MsgId: MMSG-15968]
Starting action Action.	[MsgId: MMSG-15919]
Action.c(18): Notify: Transaction "BP3_ApproveNew_GetData" started.	[MsgId: MMSG-16999]
Action.c(25): Notify: Transaction "BP3_ApproveNew_GetData" ended with "Pass" status (Duration: 0.0047 Wasted Time: 0.0047).	[MsgId: MMSG-16871]
Action.c(67): Gene Bleile Awaiting approval	[MsgId: MMSG-17999]
Action.c(71): lr_think_time: 5.37 seconds (recorded think time was 5.00 seconds).	[MsgId: MMSG-15947]
Action.c(43): Notify: Transaction "BP4_ApproveNew_WriteData" started.	[MsgId: MMSG-16999]
Action.c(50): Notify: Transaction "BP4_ApproveNew_WriteData" ended with "Pass" status (Duration: 0.0033 Wasted Time: 0.0033).	[MsgId: MMSG-16871]
Action.c(74): Gene Bleile approved, username is [Gene_Bleile]	[MsgId: MMSG-17999]
Action.c(80): lr_think_time: 4.72 seconds (recorded think time was 5.00 seconds).	[MsgId: MMSG-15947]
Ending action Action.	[MsgId: MMSG-15918]
Ending iteration 19.	[MsgId: MMSG-15965]
Starting iteration 20.	[MsgId: MMSG-15968]
Starting action Action.	[MsgId: MMSG-15919]
Action.c(18): Notify: Transaction "BP3_ApproveNew_GetData" started.	[MsgId: MMSG-16999]
Action.c(25): Notify: Transaction "BP3_ApproveNew_GetData" ended with "Pass" status (Duration: 0.0043 Wasted Time: 0.0043).	[MsgId: MMSG-16871]
Action.c(67): Kanisha Difiora Awaiting approval	[MsgId: MMSG-17999]
Action.c(71): lr_think_time: 4.09 seconds (recorded think time was 5.00 seconds).	[MsgId: MMSG-15947]
Action.c(43): Notify: Transaction "BP4_ApproveNew_WriteData" started.	[MsgId: MMSG-16999]
Action.c(50): Notify: Transaction "BP4_ApproveNew_WriteData" ended with "Pass" status (Duration: 0.0043 Wasted Time: 0.0043).	[MsgId: MMSG-16871]
Action.c(74): Kanisha Difiora approved, username is [Kanisha_Difiora]	[MsgId: MMSG-17999]
Action.c(80): lr_think_time: 4.21 seconds (recorded think time was 5.00 seconds).	[MsgId: MMSG-15947]
Ending action Action.	[MsgId: MMSG-15918]
Ending iteration 20.	[MsgId: MMSG-15965]
Starting iteration 21.	[MsgId: MMSG-15968]
Starting action Action.	[MsgId: MMSG-15919]
Action.c(18): Notify: Transaction "BP3_ApproveNew_GetData" started.	[MsgId: MMSG-16999]
Action.c(25): Notify: Transaction "BP3_ApproveNew_GetData" ended with "Pass" status (Duration: 0.0032 Wasted Time: 0.0032).	[MsgId: MMSG-16871]
Action.c(67): Ayesha Moeder Awaiting approval	[MsgId: MMSG-17999]
Action.c(71): lr_think_time: 5.69 seconds (recorded think time was 5.00 seconds).	[MsgId: MMSG-15947]
Action.c(43): Notify: Transaction "BP4_ApproveNew_WriteData" started.	[MsgId: MMSG-16999]
Action.c(50): Notify: Transaction "BP4_ApproveNew_WriteData" ended with "Pass" status (Duration: 0.0021 Wasted Time: 0.0021).	[MsgId: MMSG-16871]
Action.c(74): Ayesha Moeder approved, username is [Ayesha_Moeder]	[MsgId: MMSG-17999]
Action.c(80): lr_think_time: 5.94 seconds (recorded think time was 5.00 seconds).	[MsgId: MMSG-15947]
Ending action Action.	[MsgId: MMSG-15918]
Ending iteration 21.	[MsgId: MMSG-15965]
Starting iteration 22.	[MsgId: MMSG-15968]
Starting action Action.	[MsgId: MMSG-15919]
Action.c(18): Notify: Transaction "BP3_ApproveNew_GetData" started.	[MsgId: MMSG-16999]
Action.c(25): Notify: Transaction "BP3_ApproveNew_GetData" ended with "Pass" status (Duration: 0.0089 Wasted Time: 0.0088).	[MsgId: MMSG-16871]
Action.c(67): Lanie Smalarz Awaiting approval	[MsgId: MMSG-17999]
Action.c(71): lr_think_time: 4.50 seconds (recorded think time was 5.00 seconds).	[MsgId: MMSG-15947]
Action.c(43): Notify: Transaction "BP4_ApproveNew_WriteData" started.	[MsgId: MMSG-16999]
Action.c(50): Notify: Transaction "BP4_ApproveNew_WriteData" ended with "Pass" status (Duration: 0.0036 Wasted Time: 0.0036).	[MsgId: MMSG-16871]
Action.c(74): Lanie Smalarz approved, username is [Lanie_Smalarz]	[MsgId: MMSG-17999]
Action.c(80): lr_think_time: 5.85 seconds (recorded think time was 5.00 seconds).	[MsgId: MMSG-15947]
Ending action Action.	[MsgId: MMSG-15918]
Ending iteration 22.	[MsgId: MMSG-15965]
Starting iteration 23.	[MsgId: MMSG-15968]
Starting action Action.	[MsgId: MMSG-15919]
Action.c(18): Notify: Transaction "BP3_ApproveNew_GetData" started.	[MsgId: MMSG-16999]
Action.c(25): Notify: Transaction "BP3_ApproveNew_GetData" ended with "Pass" status (Duration: 0.0029 Wasted Time: 0.0029).	[MsgId: MMSG-16871]
Action.c(67): Jaleesa Polintan Awaiting approval	[MsgId: MMSG-17999]
Action.c(71): lr_think_time: 5.93 seconds (recorded think time was 5.00 seconds).	[MsgId: MMSG-15947]
Action.c(43): Notify: Transaction "BP4_ApproveNew_WriteData" started.	[MsgId: MMSG-16999]
Action.c(50): Notify: Transaction "BP4_ApproveNew_WriteData" ended with "Pass" status (Duration: 0.0044 Wasted Time: 0.0044).	[MsgId: MMSG-16871]
Action.c(74): Jaleesa Polintan approved, username is [Jaleesa_Polintan]	[MsgId: MMSG-17999]
Action.c(80): lr_think_time: 5.63 seconds (recorded think time was 5.00 seconds).	[MsgId: MMSG-15947]
Ending action Action.	[MsgId: MMSG-15918]
Ending iteration 23.	[MsgId: MMSG-15965]
Starting iteration 24.	[MsgId: MMSG-15968]
Starting action Action.	[MsgId: MMSG-15919]
Action.c(18): Notify: Transaction "BP3_ApproveNew_GetData" started.	[MsgId: MMSG-16999]
Action.c(25): Notify: Transaction "BP3_ApproveNew_GetData" ended with "Pass" status (Duration: 0.0068 Wasted Time: 0.0062).	[MsgId: MMSG-16871]
Action.c(67): Tamekia Flotow Awaiting approval	[MsgId: MMSG-17999]
Action.c(71): lr_think_time: 5.88 seconds (recorded think time was 5.00 seconds).	[MsgId: MMSG-15947]
Action.c(43): Notify: Transaction "BP4_ApproveNew_WriteData" started.	[MsgId: MMSG-16999]
Action.c(50): Notify: Transaction "BP4_ApproveNew_WriteData" ended with "Pass" status (Duration: 0.0021 Wasted Time: 0.0020).	[MsgId: MMSG-16871]
Action.c(74): Tamekia Flotow approved, username is [Tamekia_Flotow]	[MsgId: MMSG-17999]
Action.c(80): lr_think_time: 4.31 seconds (recorded think time was 5.00 seconds).	[MsgId: MMSG-15947]
Ending action Action.	[MsgId: MMSG-15918]
Ending iteration 24.	[MsgId: MMSG-15965]
Starting iteration 25.	[MsgId: MMSG-15968]
Starting action Action.	[MsgId: MMSG-15919]
Action.c(18): Notify: Transaction "BP3_ApproveNew_GetData" started.	[MsgId: MMSG-16999]
Action.c(25): Notify: Transaction "BP3_ApproveNew_GetData" ended with "Pass" status (Duration: 0.0024 Wasted Time: 0.0024).	[MsgId: MMSG-16871]
Action.c(67): Ula Otey Awaiting approval	[MsgId: MMSG-17999]
Action.c(71): lr_think_time: 5.62 seconds (recorded think time was 5.00 seconds).	[MsgId: MMSG-15947]
Action.c(43): Notify: Transaction "BP4_ApproveNew_WriteData" started.	[MsgId: MMSG-16999]
Action.c(50): Notify: Transaction "BP4_ApproveNew_WriteData" ended with "Pass" status (Duration: 0.0027 Wasted Time: 0.0026).	[MsgId: MMSG-16871]
Action.c(74): Ula Otey approved, username is [Ula_Otey]	[MsgId: MMSG-17999]
Action.c(80): lr_think_time: 4.12 seconds (recorded think time was 5.00 seconds).	[MsgId: MMSG-15947]
Ending action Action.	[MsgId: MMSG-15918]
Ending iteration 25.	[MsgId: MMSG-15965]
Starting iteration 26.	[MsgId: MMSG-15968]
Starting action Action.	[MsgId: MMSG-15919]
Action.c(18): Notify: Transaction "BP3_ApproveNew_GetData" started.	[MsgId: MMSG-16999]
Action.c(25): Notify: Transaction "BP3_ApproveNew_GetData" ended with "Pass" status (Duration: 0.0053 Wasted Time: 0.0053).	[MsgId: MMSG-16871]
Action.c(67): Rosendo Ratel Awaiting approval	[MsgId: MMSG-17999]
Action.c(71): lr_think_time: 4.82 seconds (recorded think time was 5.00 seconds).	[MsgId: MMSG-15947]
Action.c(43): Notify: Transaction "BP4_ApproveNew_WriteData" started.	[MsgId: MMSG-16999]
Action.c(50): Notify: Transaction "BP4_ApproveNew_WriteData" ended with "Pass" status (Duration: 0.0030 Wasted Time: 0.0029).	[MsgId: MMSG-16871]
Action.c(74): Rosendo Ratel approved, username is [Rosendo_Ratel]	[MsgId: MMSG-17999]
Action.c(80): lr_think_time: 4.39 seconds (recorded think time was 5.00 seconds).	[MsgId: MMSG-15947]
Ending action Action.	[MsgId: MMSG-15918]
Ending iteration 26.	[MsgId: MMSG-15965]
Starting iteration 27.	[MsgId: MMSG-15968]
Starting action Action.	[MsgId: MMSG-15919]
Action.c(18): Notify: Transaction "BP3_ApproveNew_GetData" started.	[MsgId: MMSG-16999]
Action.c(25): Notify: Transaction "BP3_ApproveNew_GetData" ended with "Pass" status (Duration: 0.0062 Wasted Time: 0.0061).	[MsgId: MMSG-16871]
Action.c(67): Timmy Lintner Awaiting approval	[MsgId: MMSG-17999]
Action.c(71): lr_think_time: 5.15 seconds (recorded think time was 5.00 seconds).	[MsgId: MMSG-15947]
Action.c(43): Notify: Transaction "BP4_ApproveNew_WriteData" started.	[MsgId: MMSG-16999]
Action.c(50): Notify: Transaction "BP4_ApproveNew_WriteData" ended with "Pass" status (Duration: 0.0044 Wasted Time: 0.0043).	[MsgId: MMSG-16871]
Action.c(74): Timmy Lintner approved, username is [Timmy_Lintner]	[MsgId: MMSG-17999]
Action.c(80): lr_think_time: 4.23 seconds (recorded think time was 5.00 seconds).	[MsgId: MMSG-15947]
Ending action Action.	[MsgId: MMSG-15918]
Ending iteration 27.	[MsgId: MMSG-15965]
Starting iteration 28.	[MsgId: MMSG-15968]
Starting action Action.	[MsgId: MMSG-15919]
Action.c(18): Notify: Transaction "BP3_ApproveNew_GetData" started.	[MsgId: MMSG-16999]
Action.c(25): Notify: Transaction "BP3_ApproveNew_GetData" ended with "Pass" status (Duration: 0.0041 Wasted Time: 0.0040).	[MsgId: MMSG-16871]
Action.c(67): Zita Speltz Awaiting approval	[MsgId: MMSG-17999]
Action.c(71): lr_think_time: 5.07 seconds (recorded think time was 5.00 seconds).	[MsgId: MMSG-15947]
Action.c(43): Notify: Transaction "BP4_ApproveNew_WriteData" started.	[MsgId: MMSG-16999]
Action.c(50): Notify: Transaction "BP4_ApproveNew_WriteData" ended with "Pass" status (Duration: 0.0036 Wasted Time: 0.0036).	[MsgId: MMSG-16871]
Action.c(74): Zita Speltz approved, username is [Zita_Speltz]	[MsgId: MMSG-17999]
Action.c(80): lr_think_time: 4.57 seconds (recorded think time was 5.00 seconds).	[MsgId: MMSG-15947]
Ending action Action.	[MsgId: MMSG-15918]
Ending iteration 28.	[MsgId: MMSG-15965]
Starting iteration 29.	[MsgId: MMSG-15968]
Starting action Action.	[MsgId: MMSG-15919]
Action.c(18): Notify: Transaction "BP3_ApproveNew_GetData" started.	[MsgId: MMSG-16999]
Action.c(25): Notify: Transaction "BP3_ApproveNew_GetData" ended with "Pass" status (Duration: 0.0059 Wasted Time: 0.0059).	[MsgId: MMSG-16871]
Action.c(67): Aleisha Lemm Awaiting approval	[MsgId: MMSG-17999]
Action.c(71): lr_think_time: 5.58 seconds (recorded think time was 5.00 seconds).	[MsgId: MMSG-15947]
Action.c(43): Notify: Transaction "BP4_ApproveNew_WriteData" started.	[MsgId: MMSG-16999]
Action.c(50): Notify: Transaction "BP4_ApproveNew_WriteData" ended with "Pass" status (Duration: 0.0028 Wasted Time: 0.0028).	[MsgId: MMSG-16871]
Action.c(74): Aleisha Lemm approved, username is [Aleisha_Lemm]	[MsgId: MMSG-17999]
Action.c(80): lr_think_time: 5.74 seconds (recorded think time was 5.00 seconds).	[MsgId: MMSG-15947]
Ending action Action.	[MsgId: MMSG-15918]
Ending iteration 29.	[MsgId: MMSG-15965]
Starting iteration 30.	[MsgId: MMSG-15968]
Starting action Action.	[MsgId: MMSG-15919]
Action.c(18): Notify: Transaction "BP3_ApproveNew_GetData" started.	[MsgId: MMSG-16999]
Action.c(25): Notify: Transaction "BP3_ApproveNew_GetData" ended with "Pass" status (Duration: 0.0059 Wasted Time: 0.0058).	[MsgId: MMSG-16871]
Action.c(67): Naomi Lavezzo Awaiting approval	[MsgId: MMSG-17999]
Action.c(71): lr_think_time: 4.92 seconds (recorded think time was 5.00 seconds).	[MsgId: MMSG-15947]
Action.c(43): Notify: Transaction "BP4_ApproveNew_WriteData" started.	[MsgId: MMSG-16999]
Action.c(50): Notify: Transaction "BP4_ApproveNew_WriteData" ended with "Pass" status (Duration: 0.0025 Wasted Time: 0.0024).	[MsgId: MMSG-16871]
Action.c(74): Naomi Lavezzo approved, username is [Naomi_Lavezzo]	[MsgId: MMSG-17999]
Action.c(80): lr_think_time: 4.29 seconds (recorded think time was 5.00 seconds).	[MsgId: MMSG-15947]
Ending action Action.	[MsgId: MMSG-15918]
Ending iteration 30.	[MsgId: MMSG-15965]
Starting iteration 31.	[MsgId: MMSG-15968]
Starting action Action.	[MsgId: MMSG-15919]
Action.c(18): Notify: Transaction "BP3_ApproveNew_GetData" started.	[MsgId: MMSG-16999]
Action.c(25): Notify: Transaction "BP3_ApproveNew_GetData" ended with "Pass" status (Duration: 0.0025 Wasted Time: 0.0025).	[MsgId: MMSG-16871]
Action.c(67): Aretha Bowling Awaiting approval	[MsgId: MMSG-17999]
Action.c(71): lr_think_time: 5.46 seconds (recorded think time was 5.00 seconds).	[MsgId: MMSG-15947]
Action.c(43): Notify: Transaction "BP4_ApproveNew_WriteData" started.	[MsgId: MMSG-16999]
Action.c(50): Notify: Transaction "BP4_ApproveNew_WriteData" ended with "Pass" status (Duration: 0.0039 Wasted Time: 0.0039).	[MsgId: MMSG-16871]
Action.c(74): Aretha Bowling approved, username is [Aretha_Bowling]	[MsgId: MMSG-17999]
Action.c(80): lr_think_time: 5.53 seconds (recorded think time was 5.00 seconds).	[MsgId: MMSG-15947]
Ending action Action.	[MsgId: MMSG-15918]
Ending iteration 31.	[MsgId: MMSG-15965]
Starting iteration 32.	[MsgId: MMSG-15968]
Starting action Action.	[MsgId: MMSG-15919]
Action.c(18): Notify: Transaction "BP3_ApproveNew_GetData" started.	[MsgId: MMSG-16999]
Action.c(25): Notify: Transaction "BP3_ApproveNew_GetData" ended with "Pass" status (Duration: 0.0039 Wasted Time: 0.0038).	[MsgId: MMSG-16871]
Action.c(67): Mila Figuera Awaiting approval	[MsgId: MMSG-17999]
Action.c(71): lr_think_time: 5.01 seconds (recorded think time was 5.00 seconds).	[MsgId: MMSG-15947]
Action.c(43): Notify: Transaction "BP4_ApproveNew_WriteData" started.	[MsgId: MMSG-16999]
Action.c(50): Notify: Transaction "BP4_ApproveNew_WriteData" ended with "Pass" status (Duration: 0.0050 Wasted Time: 0.0049).	[MsgId: MMSG-16871]
Action.c(74): Mila Figuera approved, username is [Mila_Figuera]	[MsgId: MMSG-17999]
Action.c(80): lr_think_time: 4.81 seconds (recorded think time was 5.00 seconds).	[MsgId: MMSG-15947]
Ending action Action.	[MsgId: MMSG-15918]
Ending iteration 32.	[MsgId: MMSG-15965]
Starting iteration 33.	[MsgId: MMSG-15968]
Starting action Action.	[MsgId: MMSG-15919]
Action.c(18): Notify: Transaction "BP3_ApproveNew_GetData" started.	[MsgId: MMSG-16999]
Action.c(25): Notify: Transaction "BP3_ApproveNew_GetData" ended with "Pass" status (Duration: 0.0045 Wasted Time: 0.0045).	[MsgId: MMSG-16871]
Action.c(67): Orville Zuehl Awaiting approval	[MsgId: MMSG-17999]
Action.c(71): lr_think_time: 4.06 seconds (recorded think time was 5.00 seconds).	[MsgId: MMSG-15947]
Action.c(43): Notify: Transaction "BP4_ApproveNew_WriteData" started.	[MsgId: MMSG-16999]
Action.c(50): Notify: Transaction "BP4_ApproveNew_WriteData" ended with "Pass" status (Duration: 0.0053 Wasted Time: 0.0052).	[MsgId: MMSG-16871]
Action.c(74): Orville Zuehl approved, username is [Orville_Zuehl]	[MsgId: MMSG-17999]
Action.c(80): lr_think_time: 5.95 seconds (recorded think time was 5.00 seconds).	[MsgId: MMSG-15947]
Ending action Action.	[MsgId: MMSG-15918]
Ending iteration 33.	[MsgId: MMSG-15965]
Starting iteration 34.	[MsgId: MMSG-15968]
Starting action Action.	[MsgId: MMSG-15919]
Action.c(18): Notify: Transaction "BP3_ApproveNew_GetData" started.	[MsgId: MMSG-16999]
Action.c(25): Notify: Transaction "BP3_ApproveNew_GetData" ended with "Pass" status (Duration: 0.0061 Wasted Time: 0.0060).	[MsgId: MMSG-16871]
Action.c(67): Gabriele Geschke Awaiting approval	[MsgId: MMSG-17999]
Action.c(71): lr_think_time: 5.45 seconds (recorded think time was 5.00 seconds).	[MsgId: MMSG-15947]
Action.c(43): Notify: Transaction "BP4_ApproveNew_WriteData" started.	[MsgId: MMSG-16999]
Action.c(50): Notify: Transaction "BP4_ApproveNew_WriteData" ended with "Pass" status (Duration: 0.0031 Wasted Time: 0.0030).	[MsgId: MMSG-16871]
Action.c(74): Gabriele Geschke approved, username is [Gabriele_Geschke]	[MsgId: MMSG-17999]
Action.c(80): lr_think_time: 4.15 seconds (recorded think time was 5.00 seconds).	[MsgId: MMSG-15947]
Ending action Action.	[MsgId: MMSG-15918]
Ending iteration 34.	[MsgId: MMSG-15965]
Starting iteration 35.	[MsgId: MMSG-15968]
Starting action Action.	[MsgId: MMSG-15919]
Action.c(18): Notify: Transaction "BP3_ApproveNew_GetData" started.	[MsgId: MMSG-16999]
Action.c(25): Notify: Transaction "BP3_ApproveNew_GetData" ended with "Pass" status (Duration: 0.0032 Wasted Time: 0.0031).	[MsgId: MMSG-16871]
Action.c(67): Kara Jaquish Awaiting approval	[MsgId: MMSG-17999]
Action.c(71): lr_think_time: 4.22 seconds (recorded think time was 5.00 seconds).	[MsgId: MMSG-15947]
Action.c(43): Notify: Transaction "BP4_ApproveNew_WriteData" started.	[MsgId: MMSG-16999]
Action.c(50): Notify: Transaction "BP4_ApproveNew_WriteData" ended with "Pass" status (Duration: 0.0042 Wasted Time: 0.0040).	[MsgId: MMSG-16871]
Action.c(74): Kara Jaquish approved, username is [Kara_Jaquish]	[MsgId: MMSG-17999]
Action.c(80): lr_think_time: 4.76 seconds (recorded think time was 5.00 seconds).	[MsgId: MMSG-15947]
Ending action Action.	[MsgId: MMSG-15918]
Ending iteration 35.	[MsgId: MMSG-15965]
Starting iteration 36.	[MsgId: MMSG-15968]
Starting action Action.	[MsgId: MMSG-15919]
Action.c(18): Notify: Transaction "BP3_ApproveNew_GetData" started.	[MsgId: MMSG-16999]
Action.c(25): Notify: Transaction "BP3_ApproveNew_GetData" ended with "Pass" status (Duration: 0.0072 Wasted Time: 0.0071).	[MsgId: MMSG-16871]
Action.c(67): Kenny Lin Awaiting approval	[MsgId: MMSG-17999]
Action.c(71): lr_think_time: 5.23 seconds (recorded think time was 5.00 seconds).	[MsgId: MMSG-15947]
Action.c(43): Notify: Transaction "BP4_ApproveNew_WriteData" started.	[MsgId: MMSG-16999]
Action.c(50): Notify: Transaction "BP4_ApproveNew_WriteData" ended with "Pass" status (Duration: 0.0061 Wasted Time: 0.0055).	[MsgId: MMSG-16871]
Action.c(74): Kenny Lin approved, username is [Kenny_Lin]	[MsgId: MMSG-17999]
Action.c(80): lr_think_time: 4.36 seconds (recorded think time was 5.00 seconds).	[MsgId: MMSG-15947]
Ending action Action.	[MsgId: MMSG-15918]
Ending Vuser...	[MsgId: MMSG-15966]
Starting action vuser_end.	[MsgId: MMSG-15919]
Ending action vuser_end.	[MsgId: MMSG-15918]
Vuser Terminated.	[MsgId: MMSG-15963]
