Virtual User Script started at : 22/05/2014 16:12:04	[MsgId: MMSG-15967]
Starting action vuser_init.	[MsgId: MMSG-15919]
Web Turbo Replay of LoadRunner 12.0.0 for Windows 8; build 1362 (Feb  2 2014 23:20:03)  	[MsgId: MMSG-27143]
Run mode: HTML  	[MsgId: MMSG-26993]
Run-Time Settings file: "C:\Users\Richard\AppData\Local\Temp\lr5tmpdiriIm.338\lrcfgj3w.339\cfgmkk.348"  	[MsgId: MMSG-27141]
Ending action vuser_init.	[MsgId: MMSG-15918]
Running Vuser...	[MsgId: MMSG-15964]
Starting iteration 1.	[MsgId: MMSG-15968]
Maximum number of concurrent connections per server: 2  	[MsgId: MMSG-26000]
Starting action Action.	[MsgId: MMSG-15919]
Action.c(18): Notify: Transaction "ApproveNew_GetData" started.	[MsgId: MMSG-16999]
Action.c(25): Notify: Transaction "ApproveNew_GetData" ended with "Pass" status (Duration: 0.0025 Wasted Time: 0.0024).	[MsgId: MMSG-16871]
No data for user approval...waiting for 50 seconds.
Action.c(83): lr_think_time: 48.65 seconds (recorded think time was 50.00 seconds).	[MsgId: MMSG-15947]
Ending action Action.	[MsgId: MMSG-15918]
Ending iteration 1.	[MsgId: MMSG-15965]
Starting iteration 2.	[MsgId: MMSG-15968]
Starting action Action.	[MsgId: MMSG-15919]
Action.c(18): Notify: Transaction "ApproveNew_GetData" started.	[MsgId: MMSG-16999]
Action.c(25): Notify: Transaction "ApproveNew_GetData" ended with "Pass" status (Duration: 0.0031 Wasted Time: 0.0031).	[MsgId: MMSG-16871]
Melina Orizabal Awaiting approval
Action.c(67): lr_think_time: 5.56 seconds (recorded think time was 5.00 seconds).	[MsgId: MMSG-15947]
Action.c(41): Notify: Transaction "ApproveNew_WriteData" started.	[MsgId: MMSG-16999]
Action.c(48): Notify: Transaction "ApproveNew_WriteData" ended with "Pass" status (Duration: 0.0069 Wasted Time: 0.0068).	[MsgId: MMSG-16871]
Melina Orizabal approved, username is [Melina_Orizabal]
Action.c(76): lr_think_time: 4.94 seconds (recorded think time was 5.00 seconds).	[MsgId: MMSG-15947]
Ending action Action.	[MsgId: MMSG-15918]
Ending iteration 2.	[MsgId: MMSG-15965]
Starting iteration 3.	[MsgId: MMSG-15968]
Starting action Action.	[MsgId: MMSG-15919]
Action.c(18): Notify: Transaction "ApproveNew_GetData" started.	[MsgId: MMSG-16999]
Action.c(25): Notify: Transaction "ApproveNew_GetData" ended with "Pass" status (Duration: 0.0043 Wasted Time: 0.0042).	[MsgId: MMSG-16871]
Tina Clapham Awaiting approval
Action.c(67): lr_think_time: 5.34 seconds (recorded think time was 5.00 seconds).	[MsgId: MMSG-15947]
Action.c(41): Notify: Transaction "ApproveNew_WriteData" started.	[MsgId: MMSG-16999]
Action.c(48): Notify: Transaction "ApproveNew_WriteData" ended with "Pass" status (Duration: 0.0051 Wasted Time: 0.0051).	[MsgId: MMSG-16871]
Tina Clapham approved, username is [Tina_Clapham]
Action.c(76): lr_think_time: 5.53 seconds (recorded think time was 5.00 seconds).	[MsgId: MMSG-15947]
Ending action Action.	[MsgId: MMSG-15918]
Ending iteration 3.	[MsgId: MMSG-15965]
Starting iteration 4.	[MsgId: MMSG-15968]
Starting action Action.	[MsgId: MMSG-15919]
Action.c(18): Notify: Transaction "ApproveNew_GetData" started.	[MsgId: MMSG-16999]
Action.c(25): Notify: Transaction "ApproveNew_GetData" ended with "Pass" status (Duration: 0.0064 Wasted Time: 0.0063).	[MsgId: MMSG-16871]
Luisa Devereux Awaiting approval
Action.c(67): lr_think_time: 4.66 seconds (recorded think time was 5.00 seconds).	[MsgId: MMSG-15947]
Action.c(41): Notify: Transaction "ApproveNew_WriteData" started.	[MsgId: MMSG-16999]
Action.c(48): Notify: Transaction "ApproveNew_WriteData" ended with "Pass" status (Duration: 0.0081 Wasted Time: 0.0080).	[MsgId: MMSG-16871]
Luisa Devereux approved, username is [Luisa_Devereux]
Action.c(76): lr_think_time: 4.84 seconds (recorded think time was 5.00 seconds).	[MsgId: MMSG-15947]
Ending action Action.	[MsgId: MMSG-15918]
Ending iteration 4.	[MsgId: MMSG-15965]
Starting iteration 5.	[MsgId: MMSG-15968]
Starting action Action.	[MsgId: MMSG-15919]
Action.c(18): Notify: Transaction "ApproveNew_GetData" started.	[MsgId: MMSG-16999]
Action.c(25): Notify: Transaction "ApproveNew_GetData" ended with "Pass" status (Duration: 0.0035 Wasted Time: 0.0035).	[MsgId: MMSG-16871]
Pedro Aschoff Awaiting approval
Action.c(67): lr_think_time: 4.89 seconds (recorded think time was 5.00 seconds).	[MsgId: MMSG-15947]
Action.c(41): Notify: Transaction "ApproveNew_WriteData" started.	[MsgId: MMSG-16999]
Action.c(48): Notify: Transaction "ApproveNew_WriteData" ended with "Pass" status (Duration: 0.0307 Wasted Time: 0.0306).	[MsgId: MMSG-16871]
Pedro Aschoff approved, username is [Pedro_Aschoff]
Action.c(76): lr_think_time: 5.08 seconds (recorded think time was 5.00 seconds).	[MsgId: MMSG-15947]
Ending action Action.	[MsgId: MMSG-15918]
Ending iteration 5.	[MsgId: MMSG-15965]
Starting iteration 6.	[MsgId: MMSG-15968]
Starting action Action.	[MsgId: MMSG-15919]
Action.c(18): Notify: Transaction "ApproveNew_GetData" started.	[MsgId: MMSG-16999]
Action.c(25): Notify: Transaction "ApproveNew_GetData" ended with "Pass" status (Duration: 0.0059 Wasted Time: 0.0059).	[MsgId: MMSG-16871]
Carrol Kunimitsu Awaiting approval
Action.c(67): lr_think_time: 4.60 seconds (recorded think time was 5.00 seconds).	[MsgId: MMSG-15947]
Action.c(41): Notify: Transaction "ApproveNew_WriteData" started.	[MsgId: MMSG-16999]
Action.c(48): Notify: Transaction "ApproveNew_WriteData" ended with "Pass" status (Duration: 0.0042 Wasted Time: 0.0042).	[MsgId: MMSG-16871]
Carrol Kunimitsu approved, username is [Carrol_Kunimitsu]
Action.c(76): lr_think_time: 5.28 seconds (recorded think time was 5.00 seconds).	[MsgId: MMSG-15947]
Ending action Action.	[MsgId: MMSG-15918]
Ending iteration 6.	[MsgId: MMSG-15965]
Starting iteration 7.	[MsgId: MMSG-15968]
Starting action Action.	[MsgId: MMSG-15919]
Action.c(18): Notify: Transaction "ApproveNew_GetData" started.	[MsgId: MMSG-16999]
Action.c(25): Notify: Transaction "ApproveNew_GetData" ended with "Pass" status (Duration: 0.0045 Wasted Time: 0.0045).	[MsgId: MMSG-16871]
Alba Mosseri Awaiting approval
Action.c(67): lr_think_time: 5.89 seconds (recorded think time was 5.00 seconds).	[MsgId: MMSG-15947]
Action.c(41): Notify: Transaction "ApproveNew_WriteData" started.	[MsgId: MMSG-16999]
Action.c(48): Notify: Transaction "ApproveNew_WriteData" ended with "Pass" status (Duration: 0.0035 Wasted Time: 0.0034).	[MsgId: MMSG-16871]
Alba Mosseri approved, username is [Alba_Mosseri]
Action.c(76): lr_think_time: 5.27 seconds (recorded think time was 5.00 seconds).	[MsgId: MMSG-15947]
Ending action Action.	[MsgId: MMSG-15918]
Ending iteration 7.	[MsgId: MMSG-15965]
Starting iteration 8.	[MsgId: MMSG-15968]
Starting action Action.	[MsgId: MMSG-15919]
Action.c(18): Notify: Transaction "ApproveNew_GetData" started.	[MsgId: MMSG-16999]
Action.c(25): Notify: Transaction "ApproveNew_GetData" ended with "Pass" status (Duration: 0.0192 Wasted Time: 0.0192).	[MsgId: MMSG-16871]
Domonique Sandlin Awaiting approval
Action.c(67): lr_think_time: 5.59 seconds (recorded think time was 5.00 seconds).	[MsgId: MMSG-15947]
Action.c(41): Notify: Transaction "ApproveNew_WriteData" started.	[MsgId: MMSG-16999]
Action.c(48): Notify: Transaction "ApproveNew_WriteData" ended with "Pass" status (Duration: 0.0037 Wasted Time: 0.0036).	[MsgId: MMSG-16871]
Domonique Sandlin approved, username is [Domonique_Sandlin]
Action.c(76): lr_think_time: 4.36 seconds (recorded think time was 5.00 seconds).	[MsgId: MMSG-15947]
Ending action Action.	[MsgId: MMSG-15918]
Ending iteration 8.	[MsgId: MMSG-15965]
Starting iteration 9.	[MsgId: MMSG-15968]
Starting action Action.	[MsgId: MMSG-15919]
Action.c(18): Notify: Transaction "ApproveNew_GetData" started.	[MsgId: MMSG-16999]
Action.c(25): Notify: Transaction "ApproveNew_GetData" ended with "Pass" status (Duration: 0.0052 Wasted Time: 0.0051).	[MsgId: MMSG-16871]
Rory Neufville Awaiting approval
Action.c(67): lr_think_time: 4.54 seconds (recorded think time was 5.00 seconds).	[MsgId: MMSG-15947]
Action.c(41): Notify: Transaction "ApproveNew_WriteData" started.	[MsgId: MMSG-16999]
Action.c(48): Notify: Transaction "ApproveNew_WriteData" ended with "Pass" status (Duration: 0.0024 Wasted Time: 0.0024).	[MsgId: MMSG-16871]
Rory Neufville approved, username is [Rory_Neufville]
Action.c(76): lr_think_time: 5.90 seconds (recorded think time was 5.00 seconds).	[MsgId: MMSG-15947]
Ending action Action.	[MsgId: MMSG-15918]
Ending Vuser...	[MsgId: MMSG-15966]
Starting action vuser_end.	[MsgId: MMSG-15919]
Ending action vuser_end.	[MsgId: MMSG-15918]
Vuser Terminated.	[MsgId: MMSG-15963]
