Virtual User Script started at : 22/05/2014 15:53:27	[MsgId: MMSG-15967]
Starting action vuser_init.	[MsgId: MMSG-15919]
Web Turbo Replay of LoadRunner 12.0.0 for Windows 8; build 1362 (Feb  2 2014 23:20:03)  	[MsgId: MMSG-27143]
Run mode: HTML  	[MsgId: MMSG-26993]
Run-Time Settings file: "C:\Users\Richard\AppData\Local\Temp\lr5tmpdiriIm.338\lrcfgj3w.339\cfgrjZ.350"  	[MsgId: MMSG-27141]
Ending action vuser_init.	[MsgId: MMSG-15918]
Running Vuser...	[MsgId: MMSG-15964]
Starting iteration 1.	[MsgId: MMSG-15968]
Maximum number of concurrent connections per server: 2  	[MsgId: MMSG-26000]
Starting action Action.	[MsgId: MMSG-15919]
Action.c(16): pvci=0
	[MsgId: MMSG-17999]
Action.c(18): Notify: Transaction "GetSourceData_VTS2" started.	[MsgId: MMSG-16999]
Action.c(23): Row retrieval ret=0
	[MsgId: MMSG-17999]
Action.c(25): Notify: Transaction "GetSourceData_VTS2" ended with "Pass" status (Duration: 0.0021 Wasted Time: 0.0019).	[MsgId: MMSG-16871]
No data for user login...waiting for 50 seconds.
Action.c(58): lr_think_time: 46.21 seconds (recorded think time was 50.00 seconds).	[MsgId: MMSG-15947]
Ending action Action.	[MsgId: MMSG-15918]
Ending iteration 1.	[MsgId: MMSG-15965]
Starting iteration 2.	[MsgId: MMSG-15968]
Starting action Action.	[MsgId: MMSG-15919]
Action.c(16): pvci=0
	[MsgId: MMSG-17999]
Action.c(18): Notify: Transaction "GetSourceData_VTS2" started.	[MsgId: MMSG-16999]
Action.c(23): Row retrieval ret=0
	[MsgId: MMSG-17999]
Action.c(25): Notify: Transaction "GetSourceData_VTS2" ended with "Pass" status (Duration: 0.0028 Wasted Time: 0.0026).	[MsgId: MMSG-16871]
Milly Savidge Loggedin using username [Milly_Savidge] and password [9296]
Action.c(51): lr_think_time: 4.74 seconds (recorded think time was 5.00 seconds).	[MsgId: MMSG-15947]
Ending action Action.	[MsgId: MMSG-15918]
Ending iteration 2.	[MsgId: MMSG-15965]
Starting iteration 3.	[MsgId: MMSG-15968]
Starting action Action.	[MsgId: MMSG-15919]
Action.c(16): pvci=0
	[MsgId: MMSG-17999]
Action.c(18): Notify: Transaction "GetSourceData_VTS2" started.	[MsgId: MMSG-16999]
Action.c(23): Row retrieval ret=0
	[MsgId: MMSG-17999]
Action.c(25): Notify: Transaction "GetSourceData_VTS2" ended with "Pass" status (Duration: 0.0045 Wasted Time: 0.0042).	[MsgId: MMSG-16871]
Luis Ear Loggedin using username [Luis_Ear] and password [4896]
Action.c(51): lr_think_time: 5.63 seconds (recorded think time was 5.00 seconds).	[MsgId: MMSG-15947]
Ending action Action.	[MsgId: MMSG-15918]
Ending iteration 3.	[MsgId: MMSG-15965]
Starting iteration 4.	[MsgId: MMSG-15968]
Starting action Action.	[MsgId: MMSG-15919]
Action.c(16): pvci=0
	[MsgId: MMSG-17999]
Action.c(18): Notify: Transaction "GetSourceData_VTS2" started.	[MsgId: MMSG-16999]
Action.c(23): Row retrieval ret=0
	[MsgId: MMSG-17999]
Action.c(25): Notify: Transaction "GetSourceData_VTS2" ended with "Pass" status (Duration: 0.0031 Wasted Time: 0.0029).	[MsgId: MMSG-16871]
Ciara Cobbley Loggedin using username [Ciara_Cobbley] and password [3364]
Action.c(51): lr_think_time: 5.31 seconds (recorded think time was 5.00 seconds).	[MsgId: MMSG-15947]
Ending action Action.	[MsgId: MMSG-15918]
Ending iteration 4.	[MsgId: MMSG-15965]
Starting iteration 5.	[MsgId: MMSG-15968]
Starting action Action.	[MsgId: MMSG-15919]
Action.c(16): pvci=0
	[MsgId: MMSG-17999]
Action.c(18): Notify: Transaction "GetSourceData_VTS2" started.	[MsgId: MMSG-16999]
Action.c(23): Row retrieval ret=0
	[MsgId: MMSG-17999]
Action.c(25): Notify: Transaction "GetSourceData_VTS2" ended with "Pass" status (Duration: 0.0063 Wasted Time: 0.0059).	[MsgId: MMSG-16871]
Alethea Mould Loggedin using username [Alethea_Mould] and password [6564]
Action.c(51): lr_think_time: 4.88 seconds (recorded think time was 5.00 seconds).	[MsgId: MMSG-15947]
Ending action Action.	[MsgId: MMSG-15918]
Ending iteration 5.	[MsgId: MMSG-15965]
Starting iteration 6.	[MsgId: MMSG-15968]
Starting action Action.	[MsgId: MMSG-15919]
Action.c(16): pvci=0
	[MsgId: MMSG-17999]
Action.c(18): Notify: Transaction "GetSourceData_VTS2" started.	[MsgId: MMSG-16999]
Action.c(23): Row retrieval ret=0
	[MsgId: MMSG-17999]
Action.c(25): Notify: Transaction "GetSourceData_VTS2" ended with "Pass" status (Duration: 0.0040 Wasted Time: 0.0037).	[MsgId: MMSG-16871]
Margurite Loperfido Loggedin using username [Margurite_Loperfido] and password [1408]
Action.c(51): lr_think_time: 4.15 seconds (recorded think time was 5.00 seconds).	[MsgId: MMSG-15947]
Ending action Action.	[MsgId: MMSG-15918]
Ending iteration 6.	[MsgId: MMSG-15965]
Starting iteration 7.	[MsgId: MMSG-15968]
Starting action Action.	[MsgId: MMSG-15919]
Action.c(16): pvci=0
	[MsgId: MMSG-17999]
Action.c(18): Notify: Transaction "GetSourceData_VTS2" started.	[MsgId: MMSG-16999]
Action.c(23): Row retrieval ret=0
	[MsgId: MMSG-17999]
Action.c(25): Notify: Transaction "GetSourceData_VTS2" ended with "Pass" status (Duration: 0.0053 Wasted Time: 0.0050).	[MsgId: MMSG-16871]
Vernice Sperazza Loggedin using username [Vernice_Sperazza] and password [2386]
Action.c(51): lr_think_time: 4.94 seconds (recorded think time was 5.00 seconds).	[MsgId: MMSG-15947]
Ending action Action.	[MsgId: MMSG-15918]
Ending iteration 7.	[MsgId: MMSG-15965]
Starting iteration 8.	[MsgId: MMSG-15968]
Starting action Action.	[MsgId: MMSG-15919]
Action.c(16): pvci=0
	[MsgId: MMSG-17999]
Action.c(18): Notify: Transaction "GetSourceData_VTS2" started.	[MsgId: MMSG-16999]
Action.c(23): Row retrieval ret=0
	[MsgId: MMSG-17999]
Action.c(25): Notify: Transaction "GetSourceData_VTS2" ended with "Pass" status (Duration: 0.0044 Wasted Time: 0.0040).	[MsgId: MMSG-16871]
Vicente Rawicki Loggedin using username [Vicente_Rawicki] and password [2936]
Action.c(51): lr_think_time: 4.11 seconds (recorded think time was 5.00 seconds).	[MsgId: MMSG-15947]
Ending action Action.	[MsgId: MMSG-15918]
Ending iteration 8.	[MsgId: MMSG-15965]
Starting iteration 9.	[MsgId: MMSG-15968]
Starting action Action.	[MsgId: MMSG-15919]
Action.c(16): pvci=0
	[MsgId: MMSG-17999]
Action.c(18): Notify: Transaction "GetSourceData_VTS2" started.	[MsgId: MMSG-16999]
Action.c(23): Row retrieval ret=0
	[MsgId: MMSG-17999]
Action.c(25): Notify: Transaction "GetSourceData_VTS2" ended with "Pass" status (Duration: 0.0075 Wasted Time: 0.0071).	[MsgId: MMSG-16871]
Craig Cua Loggedin using username [Craig_Cua] and password [4154]
Action.c(51): lr_think_time: 5.63 seconds (recorded think time was 5.00 seconds).	[MsgId: MMSG-15947]
Ending action Action.	[MsgId: MMSG-15918]
Ending iteration 9.	[MsgId: MMSG-15965]
Starting iteration 10.	[MsgId: MMSG-15968]
Starting action Action.	[MsgId: MMSG-15919]
Action.c(16): pvci=0
	[MsgId: MMSG-17999]
Action.c(18): Notify: Transaction "GetSourceData_VTS2" started.	[MsgId: MMSG-16999]
Action.c(23): Row retrieval ret=0
	[MsgId: MMSG-17999]
Action.c(25): Notify: Transaction "GetSourceData_VTS2" ended with "Pass" status (Duration: 0.0029 Wasted Time: 0.0027).	[MsgId: MMSG-16871]
Jenise Dulle Loggedin using username [Jenise_Dulle] and password [1682]
Action.c(51): lr_think_time: 4.19 seconds (recorded think time was 5.00 seconds).	[MsgId: MMSG-15947]
Ending action Action.	[MsgId: MMSG-15918]
Ending iteration 10.	[MsgId: MMSG-15965]
Starting iteration 11.	[MsgId: MMSG-15968]
Starting action Action.	[MsgId: MMSG-15919]
Action.c(16): pvci=0
	[MsgId: MMSG-17999]
Action.c(18): Notify: Transaction "GetSourceData_VTS2" started.	[MsgId: MMSG-16999]
Action.c(23): Row retrieval ret=0
	[MsgId: MMSG-17999]
Action.c(25): Notify: Transaction "GetSourceData_VTS2" ended with "Pass" status (Duration: 0.0019 Wasted Time: 0.0018).	[MsgId: MMSG-16871]
No data for user login...waiting for 50 seconds.
Action.c(58): lr_think_time: 56.45 seconds (recorded think time was 50.00 seconds).	[MsgId: MMSG-15947]
Ending action Action.	[MsgId: MMSG-15918]
Ending Vuser...	[MsgId: MMSG-15966]
Starting action vuser_end.	[MsgId: MMSG-15919]
Ending action vuser_end.	[MsgId: MMSG-15918]
Vuser Terminated.	[MsgId: MMSG-15963]
