Virtual User Script started at : 22/05/2014 16:20:43	[MsgId: MMSG-15967]
Starting action vuser_init.	[MsgId: MMSG-15919]
Web Turbo Replay of LoadRunner 12.0.0 for Windows 8; build 1362 (Feb  2 2014 23:20:03)  	[MsgId: MMSG-27143]
Run mode: HTML  	[MsgId: MMSG-26993]
Run-Time Settings file: "C:\Users\Richard\AppData\Local\Temp\lr5tmpdiriIm.338\lrcfg9ek.353\cfgSX1.358"  	[MsgId: MMSG-27141]
Ending action vuser_init.	[MsgId: MMSG-15918]
Running Vuser...	[MsgId: MMSG-15964]
Starting iteration 1.	[MsgId: MMSG-15968]
Maximum number of concurrent connections per server: 2  	[MsgId: MMSG-26000]
Starting action Action.	[MsgId: MMSG-15919]
Action.c(18): Notify: Transaction "BP5_LoginNew_GetData" started.	[MsgId: MMSG-16999]
Action.c(25): Notify: Transaction "BP5_LoginNew_GetData" ended with "Pass" status (Duration: 0.0029 Wasted Time: 0.0028).	[MsgId: MMSG-16871]
Action.c(45): Dong Kopczynski Loggedin using username [Dong_Kopczynski] and password [3125]	[MsgId: MMSG-17999]
Action.c(51): lr_think_time: 5.14 seconds (recorded think time was 5.00 seconds).	[MsgId: MMSG-15947]
Ending action Action.	[MsgId: MMSG-15918]
Ending iteration 1.	[MsgId: MMSG-15965]
Starting iteration 2.	[MsgId: MMSG-15968]
Starting action Action.	[MsgId: MMSG-15919]
Action.c(18): Notify: Transaction "BP5_LoginNew_GetData" started.	[MsgId: MMSG-16999]
Action.c(25): Notify: Transaction "BP5_LoginNew_GetData" ended with "Pass" status (Duration: 0.0055 Wasted Time: 0.0053).	[MsgId: MMSG-16871]
Action.c(45): Justine Salta Loggedin using username [Justine_Salta] and password [5296]	[MsgId: MMSG-17999]
Action.c(51): lr_think_time: 4.75 seconds (recorded think time was 5.00 seconds).	[MsgId: MMSG-15947]
Ending action Action.	[MsgId: MMSG-15918]
Ending iteration 2.	[MsgId: MMSG-15965]
Starting iteration 3.	[MsgId: MMSG-15968]
Starting action Action.	[MsgId: MMSG-15919]
Action.c(18): Notify: Transaction "BP5_LoginNew_GetData" started.	[MsgId: MMSG-16999]
Action.c(25): Notify: Transaction "BP5_LoginNew_GetData" ended with "Pass" status (Duration: 0.0051 Wasted Time: 0.0050).	[MsgId: MMSG-16871]
Action.c(45): Chantay Kamens Loggedin using username [Chantay_Kamens] and password [7833]	[MsgId: MMSG-17999]
Action.c(51): lr_think_time: 5.62 seconds (recorded think time was 5.00 seconds).	[MsgId: MMSG-15947]
Ending action Action.	[MsgId: MMSG-15918]
Ending iteration 3.	[MsgId: MMSG-15965]
Starting iteration 4.	[MsgId: MMSG-15968]
Starting action Action.	[MsgId: MMSG-15919]
Action.c(18): Notify: Transaction "BP5_LoginNew_GetData" started.	[MsgId: MMSG-16999]
Action.c(25): Notify: Transaction "BP5_LoginNew_GetData" ended with "Pass" status (Duration: 0.0024 Wasted Time: 0.0024).	[MsgId: MMSG-16871]
Action.c(57): No data for user login...waiting for 50 seconds.	[MsgId: MMSG-17999]
Action.c(58): lr_think_time: 50.65 seconds (recorded think time was 50.00 seconds).	[MsgId: MMSG-15947]
Ending action Action.	[MsgId: MMSG-15918]
Ending iteration 4.	[MsgId: MMSG-15965]
Starting iteration 5.	[MsgId: MMSG-15968]
Starting action Action.	[MsgId: MMSG-15919]
Action.c(18): Notify: Transaction "BP5_LoginNew_GetData" started.	[MsgId: MMSG-16999]
Action.c(25): Notify: Transaction "BP5_LoginNew_GetData" ended with "Pass" status (Duration: 0.0035 Wasted Time: 0.0035).	[MsgId: MMSG-16871]
Action.c(45): Tequila Chisum Loggedin using username [Tequila_Chisum] and password [4076]	[MsgId: MMSG-17999]
Action.c(51): lr_think_time: 5.04 seconds (recorded think time was 5.00 seconds).	[MsgId: MMSG-15947]
Ending action Action.	[MsgId: MMSG-15918]
Ending iteration 5.	[MsgId: MMSG-15965]
Starting iteration 6.	[MsgId: MMSG-15968]
Starting action Action.	[MsgId: MMSG-15919]
Action.c(18): Notify: Transaction "BP5_LoginNew_GetData" started.	[MsgId: MMSG-16999]
Action.c(25): Notify: Transaction "BP5_LoginNew_GetData" ended with "Pass" status (Duration: 0.0041 Wasted Time: 0.0040).	[MsgId: MMSG-16871]
Action.c(45): Maybelle Consolazio Loggedin using username [Maybelle_Consolazio] and password [1033]	[MsgId: MMSG-17999]
Action.c(51): lr_think_time: 4.09 seconds (recorded think time was 5.00 seconds).	[MsgId: MMSG-15947]
Ending action Action.	[MsgId: MMSG-15918]
Ending iteration 6.	[MsgId: MMSG-15965]
Starting iteration 7.	[MsgId: MMSG-15968]
Starting action Action.	[MsgId: MMSG-15919]
Action.c(18): Notify: Transaction "BP5_LoginNew_GetData" started.	[MsgId: MMSG-16999]
Action.c(25): Notify: Transaction "BP5_LoginNew_GetData" ended with "Pass" status (Duration: 0.0050 Wasted Time: 0.0049).	[MsgId: MMSG-16871]
Action.c(45): Margarett Bairo Loggedin using username [Margarett_Bairo] and password [7004]	[MsgId: MMSG-17999]
Action.c(51): lr_think_time: 5.11 seconds (recorded think time was 5.00 seconds).	[MsgId: MMSG-15947]
Ending action Action.	[MsgId: MMSG-15918]
Ending iteration 7.	[MsgId: MMSG-15965]
Starting iteration 8.	[MsgId: MMSG-15968]
Starting action Action.	[MsgId: MMSG-15919]
Action.c(18): Notify: Transaction "BP5_LoginNew_GetData" started.	[MsgId: MMSG-16999]
Action.c(25): Notify: Transaction "BP5_LoginNew_GetData" ended with "Pass" status (Duration: 0.0023 Wasted Time: 0.0023).	[MsgId: MMSG-16871]
Action.c(45): Janessa Noonon Loggedin using username [Janessa_Noonon] and password [8528]	[MsgId: MMSG-17999]
Action.c(51): lr_think_time: 5.62 seconds (recorded think time was 5.00 seconds).	[MsgId: MMSG-15947]
Ending action Action.	[MsgId: MMSG-15918]
Ending iteration 8.	[MsgId: MMSG-15965]
Starting iteration 9.	[MsgId: MMSG-15968]
Starting action Action.	[MsgId: MMSG-15919]
Action.c(18): Notify: Transaction "BP5_LoginNew_GetData" started.	[MsgId: MMSG-16999]
Action.c(25): Notify: Transaction "BP5_LoginNew_GetData" ended with "Pass" status (Duration: 0.0032 Wasted Time: 0.0031).	[MsgId: MMSG-16871]
Action.c(45): Sol Cowser Loggedin using username [Sol_Cowser] and password [1774]	[MsgId: MMSG-17999]
Action.c(51): lr_think_time: 5.22 seconds (recorded think time was 5.00 seconds).	[MsgId: MMSG-15947]
Ending action Action.	[MsgId: MMSG-15918]
Ending iteration 9.	[MsgId: MMSG-15965]
Starting iteration 10.	[MsgId: MMSG-15968]
Starting action Action.	[MsgId: MMSG-15919]
Action.c(18): Notify: Transaction "BP5_LoginNew_GetData" started.	[MsgId: MMSG-16999]
Action.c(25): Notify: Transaction "BP5_LoginNew_GetData" ended with "Pass" status (Duration: 0.0041 Wasted Time: 0.0041).	[MsgId: MMSG-16871]
Action.c(45): Louann Smethers Loggedin using username [Louann_Smethers] and password [548]	[MsgId: MMSG-17999]
Action.c(51): lr_think_time: 4.21 seconds (recorded think time was 5.00 seconds).	[MsgId: MMSG-15947]
Ending action Action.	[MsgId: MMSG-15918]
Ending iteration 10.	[MsgId: MMSG-15965]
Starting iteration 11.	[MsgId: MMSG-15968]
Starting action Action.	[MsgId: MMSG-15919]
Action.c(18): Notify: Transaction "BP5_LoginNew_GetData" started.	[MsgId: MMSG-16999]
Action.c(25): Notify: Transaction "BP5_LoginNew_GetData" ended with "Pass" status (Duration: 0.0038 Wasted Time: 0.0037).	[MsgId: MMSG-16871]
Action.c(45): Lindsay Yadao Loggedin using username [Lindsay_Yadao] and password [608]	[MsgId: MMSG-17999]
Action.c(51): lr_think_time: 5.74 seconds (recorded think time was 5.00 seconds).	[MsgId: MMSG-15947]
Ending action Action.	[MsgId: MMSG-15918]
Ending iteration 11.	[MsgId: MMSG-15965]
Starting iteration 12.	[MsgId: MMSG-15968]
Starting action Action.	[MsgId: MMSG-15919]
Action.c(18): Notify: Transaction "BP5_LoginNew_GetData" started.	[MsgId: MMSG-16999]
Action.c(25): Notify: Transaction "BP5_LoginNew_GetData" ended with "Pass" status (Duration: 0.0018 Wasted Time: 0.0018).	[MsgId: MMSG-16871]
Action.c(45): Malika Hanton Loggedin using username [Malika_Hanton] and password [58]	[MsgId: MMSG-17999]
Action.c(51): lr_think_time: 5.29 seconds (recorded think time was 5.00 seconds).	[MsgId: MMSG-15947]
Ending action Action.	[MsgId: MMSG-15918]
Ending iteration 12.	[MsgId: MMSG-15965]
Starting iteration 13.	[MsgId: MMSG-15968]
Starting action Action.	[MsgId: MMSG-15919]
Action.c(18): Notify: Transaction "BP5_LoginNew_GetData" started.	[MsgId: MMSG-16999]
Action.c(25): Notify: Transaction "BP5_LoginNew_GetData" ended with "Pass" status (Duration: 0.0035 Wasted Time: 0.0034).	[MsgId: MMSG-16871]
Action.c(45): Stefany Ferenz Loggedin using username [Stefany_Ferenz] and password [3704]	[MsgId: MMSG-17999]
Action.c(51): lr_think_time: 4.31 seconds (recorded think time was 5.00 seconds).	[MsgId: MMSG-15947]
Ending action Action.	[MsgId: MMSG-15918]
Ending iteration 13.	[MsgId: MMSG-15965]
Starting iteration 14.	[MsgId: MMSG-15968]
Starting action Action.	[MsgId: MMSG-15919]
Action.c(18): Notify: Transaction "BP5_LoginNew_GetData" started.	[MsgId: MMSG-16999]
Action.c(25): Notify: Transaction "BP5_LoginNew_GetData" ended with "Pass" status (Duration: 0.0054 Wasted Time: 0.0054).	[MsgId: MMSG-16871]
Action.c(45): Abraham Cratch Loggedin using username [Abraham_Cratch] and password [8265]	[MsgId: MMSG-17999]
Action.c(51): lr_think_time: 4.58 seconds (recorded think time was 5.00 seconds).	[MsgId: MMSG-15947]
Ending action Action.	[MsgId: MMSG-15918]
Ending iteration 14.	[MsgId: MMSG-15965]
Starting iteration 15.	[MsgId: MMSG-15968]
Starting action Action.	[MsgId: MMSG-15919]
Action.c(18): Notify: Transaction "BP5_LoginNew_GetData" started.	[MsgId: MMSG-16999]
Action.c(25): Notify: Transaction "BP5_LoginNew_GetData" ended with "Pass" status (Duration: 0.0036 Wasted Time: 0.0035).	[MsgId: MMSG-16871]
Action.c(45): Giuseppe Rohaley Loggedin using username [Giuseppe_Rohaley] and password [6288]	[MsgId: MMSG-17999]
Action.c(51): lr_think_time: 4.98 seconds (recorded think time was 5.00 seconds).	[MsgId: MMSG-15947]
Ending action Action.	[MsgId: MMSG-15918]
Ending iteration 15.	[MsgId: MMSG-15965]
Starting iteration 16.	[MsgId: MMSG-15968]
Starting action Action.	[MsgId: MMSG-15919]
Action.c(18): Notify: Transaction "BP5_LoginNew_GetData" started.	[MsgId: MMSG-16999]
Action.c(25): Notify: Transaction "BP5_LoginNew_GetData" ended with "Pass" status (Duration: 0.0029 Wasted Time: 0.0029).	[MsgId: MMSG-16871]
Action.c(57): No data for user login...waiting for 50 seconds.	[MsgId: MMSG-17999]
Action.c(58): lr_think_time: 58.22 seconds (recorded think time was 50.00 seconds).	[MsgId: MMSG-15947]
Ending action Action.	[MsgId: MMSG-15918]
Ending iteration 16.	[MsgId: MMSG-15965]
Starting iteration 17.	[MsgId: MMSG-15968]
Starting action Action.	[MsgId: MMSG-15919]
Action.c(18): Notify: Transaction "BP5_LoginNew_GetData" started.	[MsgId: MMSG-16999]
Action.c(25): Notify: Transaction "BP5_LoginNew_GetData" ended with "Pass" status (Duration: 0.0039 Wasted Time: 0.0038).	[MsgId: MMSG-16871]
Action.c(45): Kiera Bassil Loggedin using username [Kiera_Bassil] and password [7614]	[MsgId: MMSG-17999]
Action.c(51): lr_think_time: 4.64 seconds (recorded think time was 5.00 seconds).	[MsgId: MMSG-15947]
Ending action Action.	[MsgId: MMSG-15918]
Ending iteration 17.	[MsgId: MMSG-15965]
Starting iteration 18.	[MsgId: MMSG-15968]
Starting action Action.	[MsgId: MMSG-15919]
Action.c(18): Notify: Transaction "BP5_LoginNew_GetData" started.	[MsgId: MMSG-16999]
Action.c(25): Notify: Transaction "BP5_LoginNew_GetData" ended with "Pass" status (Duration: 0.0039 Wasted Time: 0.0039).	[MsgId: MMSG-16871]
Action.c(45): Wendell Rubano Loggedin using username [Wendell_Rubano] and password [5586]	[MsgId: MMSG-17999]
Action.c(51): lr_think_time: 4.58 seconds (recorded think time was 5.00 seconds).	[MsgId: MMSG-15947]
Ending action Action.	[MsgId: MMSG-15918]
Ending iteration 18.	[MsgId: MMSG-15965]
Starting iteration 19.	[MsgId: MMSG-15968]
Starting action Action.	[MsgId: MMSG-15919]
Action.c(18): Notify: Transaction "BP5_LoginNew_GetData" started.	[MsgId: MMSG-16999]
Action.c(25): Notify: Transaction "BP5_LoginNew_GetData" ended with "Pass" status (Duration: 0.0042 Wasted Time: 0.0041).	[MsgId: MMSG-16871]
Action.c(45): Stevie Stifflemire Loggedin using username [Stevie_Stifflemire] and password [1305]	[MsgId: MMSG-17999]
Action.c(51): lr_think_time: 5.38 seconds (recorded think time was 5.00 seconds).	[MsgId: MMSG-15947]
Ending action Action.	[MsgId: MMSG-15918]
Ending iteration 19.	[MsgId: MMSG-15965]
Starting iteration 20.	[MsgId: MMSG-15968]
Starting action Action.	[MsgId: MMSG-15919]
Action.c(18): Notify: Transaction "BP5_LoginNew_GetData" started.	[MsgId: MMSG-16999]
Action.c(25): Notify: Transaction "BP5_LoginNew_GetData" ended with "Pass" status (Duration: 0.0042 Wasted Time: 0.0041).	[MsgId: MMSG-16871]
Action.c(45): Yun Paletta Loggedin using username [Yun_Paletta] and password [598]	[MsgId: MMSG-17999]
Action.c(51): lr_think_time: 5.09 seconds (recorded think time was 5.00 seconds).	[MsgId: MMSG-15947]
Ending action Action.	[MsgId: MMSG-15918]
Ending iteration 20.	[MsgId: MMSG-15965]
Starting iteration 21.	[MsgId: MMSG-15968]
Starting action Action.	[MsgId: MMSG-15919]
Action.c(18): Notify: Transaction "BP5_LoginNew_GetData" started.	[MsgId: MMSG-16999]
Action.c(25): Notify: Transaction "BP5_LoginNew_GetData" ended with "Pass" status (Duration: 0.0025 Wasted Time: 0.0024).	[MsgId: MMSG-16871]
Action.c(45): Brittani Thurm Loggedin using username [Brittani_Thurm] and password [8956]	[MsgId: MMSG-17999]
Action.c(51): lr_think_time: 4.21 seconds (recorded think time was 5.00 seconds).	[MsgId: MMSG-15947]
Ending action Action.	[MsgId: MMSG-15918]
Ending iteration 21.	[MsgId: MMSG-15965]
Starting iteration 22.	[MsgId: MMSG-15968]
Starting action Action.	[MsgId: MMSG-15919]
Action.c(18): Notify: Transaction "BP5_LoginNew_GetData" started.	[MsgId: MMSG-16999]
Action.c(25): Notify: Transaction "BP5_LoginNew_GetData" ended with "Pass" status (Duration: 0.0055 Wasted Time: 0.0054).	[MsgId: MMSG-16871]
Action.c(45): Billy Venus Loggedin using username [Billy_Venus] and password [6026]	[MsgId: MMSG-17999]
Action.c(51): lr_think_time: 4.29 seconds (recorded think time was 5.00 seconds).	[MsgId: MMSG-15947]
Ending action Action.	[MsgId: MMSG-15918]
Ending iteration 22.	[MsgId: MMSG-15965]
Starting iteration 23.	[MsgId: MMSG-15968]
Starting action Action.	[MsgId: MMSG-15919]
Action.c(18): Notify: Transaction "BP5_LoginNew_GetData" started.	[MsgId: MMSG-16999]
Action.c(25): Notify: Transaction "BP5_LoginNew_GetData" ended with "Pass" status (Duration: 0.0042 Wasted Time: 0.0041).	[MsgId: MMSG-16871]
Action.c(45): Brynn Elkan Loggedin using username [Brynn_Elkan] and password [2787]	[MsgId: MMSG-17999]
Action.c(51): lr_think_time: 5.59 seconds (recorded think time was 5.00 seconds).	[MsgId: MMSG-15947]
Ending action Action.	[MsgId: MMSG-15918]
Ending iteration 23.	[MsgId: MMSG-15965]
Starting iteration 24.	[MsgId: MMSG-15968]
Starting action Action.	[MsgId: MMSG-15919]
Action.c(18): Notify: Transaction "BP5_LoginNew_GetData" started.	[MsgId: MMSG-16999]
Action.c(25): Notify: Transaction "BP5_LoginNew_GetData" ended with "Pass" status (Duration: 0.0043 Wasted Time: 0.0042).	[MsgId: MMSG-16871]
Action.c(45): Elroy Piehler Loggedin using username [Elroy_Piehler] and password [3360]	[MsgId: MMSG-17999]
Action.c(51): lr_think_time: 5.37 seconds (recorded think time was 5.00 seconds).	[MsgId: MMSG-15947]
Ending action Action.	[MsgId: MMSG-15918]
Ending iteration 24.	[MsgId: MMSG-15965]
Starting iteration 25.	[MsgId: MMSG-15968]
Starting action Action.	[MsgId: MMSG-15919]
Action.c(18): Notify: Transaction "BP5_LoginNew_GetData" started.	[MsgId: MMSG-16999]
Action.c(25): Notify: Transaction "BP5_LoginNew_GetData" ended with "Pass" status (Duration: 0.0021 Wasted Time: 0.0021).	[MsgId: MMSG-16871]
Action.c(45): Anisha Shulick Loggedin using username [Anisha_Shulick] and password [5994]	[MsgId: MMSG-17999]
Action.c(51): lr_think_time: 4.68 seconds (recorded think time was 5.00 seconds).	[MsgId: MMSG-15947]
Ending action Action.	[MsgId: MMSG-15918]
Ending iteration 25.	[MsgId: MMSG-15965]
Starting iteration 26.	[MsgId: MMSG-15968]
Starting action Action.	[MsgId: MMSG-15919]
Action.c(18): Notify: Transaction "BP5_LoginNew_GetData" started.	[MsgId: MMSG-16999]
Action.c(25): Notify: Transaction "BP5_LoginNew_GetData" ended with "Pass" status (Duration: 0.0037 Wasted Time: 0.0036).	[MsgId: MMSG-16871]
Action.c(45): Bettina Kham Loggedin using username [Bettina_Kham] and password [5285]	[MsgId: MMSG-17999]
Action.c(51): lr_think_time: 4.56 seconds (recorded think time was 5.00 seconds).	[MsgId: MMSG-15947]
Ending action Action.	[MsgId: MMSG-15918]
Ending iteration 26.	[MsgId: MMSG-15965]
Starting iteration 27.	[MsgId: MMSG-15968]
Starting action Action.	[MsgId: MMSG-15919]
Action.c(18): Notify: Transaction "BP5_LoginNew_GetData" started.	[MsgId: MMSG-16999]
Action.c(25): Notify: Transaction "BP5_LoginNew_GetData" ended with "Pass" status (Duration: 0.0032 Wasted Time: 0.0032).	[MsgId: MMSG-16871]
Action.c(57): No data for user login...waiting for 50 seconds.	[MsgId: MMSG-17999]
Action.c(58): lr_think_time: 45.26 seconds (recorded think time was 50.00 seconds).	[MsgId: MMSG-15947]
Ending action Action.	[MsgId: MMSG-15918]
Ending iteration 27.	[MsgId: MMSG-15965]
Starting iteration 28.	[MsgId: MMSG-15968]
Starting action Action.	[MsgId: MMSG-15919]
Action.c(18): Notify: Transaction "BP5_LoginNew_GetData" started.	[MsgId: MMSG-16999]
Action.c(25): Notify: Transaction "BP5_LoginNew_GetData" ended with "Pass" status (Duration: 0.0039 Wasted Time: 0.0039).	[MsgId: MMSG-16871]
Action.c(45): Velda Mancilla Loggedin using username [Velda_Mancilla] and password [977]	[MsgId: MMSG-17999]
Action.c(51): lr_think_time: 4.95 seconds (recorded think time was 5.00 seconds).	[MsgId: MMSG-15947]
Ending action Action.	[MsgId: MMSG-15918]
Ending iteration 28.	[MsgId: MMSG-15965]
Starting iteration 29.	[MsgId: MMSG-15968]
Starting action Action.	[MsgId: MMSG-15919]
Action.c(18): Notify: Transaction "BP5_LoginNew_GetData" started.	[MsgId: MMSG-16999]
Action.c(25): Notify: Transaction "BP5_LoginNew_GetData" ended with "Pass" status (Duration: 0.0048 Wasted Time: 0.0048).	[MsgId: MMSG-16871]
Action.c(45): Marta Brace Loggedin using username [Marta_Brace] and password [249]	[MsgId: MMSG-17999]
Action.c(51): lr_think_time: 5.71 seconds (recorded think time was 5.00 seconds).	[MsgId: MMSG-15947]
Ending action Action.	[MsgId: MMSG-15918]
Ending iteration 29.	[MsgId: MMSG-15965]
Starting iteration 30.	[MsgId: MMSG-15968]
Starting action Action.	[MsgId: MMSG-15919]
Action.c(18): Notify: Transaction "BP5_LoginNew_GetData" started.	[MsgId: MMSG-16999]
Action.c(25): Notify: Transaction "BP5_LoginNew_GetData" ended with "Pass" status (Duration: 0.0048 Wasted Time: 0.0046).	[MsgId: MMSG-16871]
Action.c(45): Juan Vanwyhe Loggedin using username [Juan_Vanwyhe] and password [3611]	[MsgId: MMSG-17999]
Action.c(51): lr_think_time: 5.00 seconds (recorded think time was 5.00 seconds).	[MsgId: MMSG-15947]
Ending action Action.	[MsgId: MMSG-15918]
Ending iteration 30.	[MsgId: MMSG-15965]
Starting iteration 31.	[MsgId: MMSG-15968]
Starting action Action.	[MsgId: MMSG-15919]
Action.c(18): Notify: Transaction "BP5_LoginNew_GetData" started.	[MsgId: MMSG-16999]
Action.c(25): Notify: Transaction "BP5_LoginNew_GetData" ended with "Pass" status (Duration: 0.0057 Wasted Time: 0.0056).	[MsgId: MMSG-16871]
Action.c(45): Lelia Filion Loggedin using username [Lelia_Filion] and password [9304]	[MsgId: MMSG-17999]
Action.c(51): lr_think_time: 5.30 seconds (recorded think time was 5.00 seconds).	[MsgId: MMSG-15947]
Ending action Action.	[MsgId: MMSG-15918]
Ending iteration 31.	[MsgId: MMSG-15965]
Starting iteration 32.	[MsgId: MMSG-15968]
Starting action Action.	[MsgId: MMSG-15919]
Action.c(18): Notify: Transaction "BP5_LoginNew_GetData" started.	[MsgId: MMSG-16999]
Action.c(25): Notify: Transaction "BP5_LoginNew_GetData" ended with "Pass" status (Duration: 0.0066 Wasted Time: 0.0061).	[MsgId: MMSG-16871]
Action.c(45): Una Frankel Loggedin using username [Una_Frankel] and password [2792]	[MsgId: MMSG-17999]
Action.c(51): lr_think_time: 4.99 seconds (recorded think time was 5.00 seconds).	[MsgId: MMSG-15947]
Ending action Action.	[MsgId: MMSG-15918]
Ending iteration 32.	[MsgId: MMSG-15965]
Starting iteration 33.	[MsgId: MMSG-15968]
Starting action Action.	[MsgId: MMSG-15919]
Action.c(18): Notify: Transaction "BP5_LoginNew_GetData" started.	[MsgId: MMSG-16999]
Action.c(25): Notify: Transaction "BP5_LoginNew_GetData" ended with "Pass" status (Duration: 0.0052 Wasted Time: 0.0051).	[MsgId: MMSG-16871]
Action.c(45): Eva Joulwan Loggedin using username [Eva_Joulwan] and password [961]	[MsgId: MMSG-17999]
Action.c(51): lr_think_time: 4.77 seconds (recorded think time was 5.00 seconds).	[MsgId: MMSG-15947]
Ending action Action.	[MsgId: MMSG-15918]
Ending iteration 33.	[MsgId: MMSG-15965]
Starting iteration 34.	[MsgId: MMSG-15968]
Starting action Action.	[MsgId: MMSG-15919]
Action.c(18): Notify: Transaction "BP5_LoginNew_GetData" started.	[MsgId: MMSG-16999]
Action.c(25): Notify: Transaction "BP5_LoginNew_GetData" ended with "Pass" status (Duration: 0.0046 Wasted Time: 0.0045).	[MsgId: MMSG-16871]
Action.c(45): Mammie Dormanen Loggedin using username [Mammie_Dormanen] and password [5446]	[MsgId: MMSG-17999]
Action.c(51): lr_think_time: 5.05 seconds (recorded think time was 5.00 seconds).	[MsgId: MMSG-15947]
Ending action Action.	[MsgId: MMSG-15918]
Ending iteration 34.	[MsgId: MMSG-15965]
Starting iteration 35.	[MsgId: MMSG-15968]
Starting action Action.	[MsgId: MMSG-15919]
Action.c(18): Notify: Transaction "BP5_LoginNew_GetData" started.	[MsgId: MMSG-16999]
Action.c(25): Notify: Transaction "BP5_LoginNew_GetData" ended with "Pass" status (Duration: 0.0058 Wasted Time: 0.0057).	[MsgId: MMSG-16871]
Action.c(45): Jeannetta Coolidge Loggedin using username [Jeannetta_Coolidge] and password [988]	[MsgId: MMSG-17999]
Action.c(51): lr_think_time: 5.83 seconds (recorded think time was 5.00 seconds).	[MsgId: MMSG-15947]
Ending action Action.	[MsgId: MMSG-15918]
Ending iteration 35.	[MsgId: MMSG-15965]
Starting iteration 36.	[MsgId: MMSG-15968]
Starting action Action.	[MsgId: MMSG-15919]
Action.c(18): Notify: Transaction "BP5_LoginNew_GetData" started.	[MsgId: MMSG-16999]
Action.c(25): Notify: Transaction "BP5_LoginNew_GetData" ended with "Pass" status (Duration: 0.0047 Wasted Time: 0.0047).	[MsgId: MMSG-16871]
Action.c(45): Elbert Drawe Loggedin using username [Elbert_Drawe] and password [5642]	[MsgId: MMSG-17999]
Action.c(51): lr_think_time: 5.59 seconds (recorded think time was 5.00 seconds).	[MsgId: MMSG-15947]
Ending action Action.	[MsgId: MMSG-15918]
Ending iteration 36.	[MsgId: MMSG-15965]
Starting iteration 37.	[MsgId: MMSG-15968]
Starting action Action.	[MsgId: MMSG-15919]
Action.c(18): Notify: Transaction "BP5_LoginNew_GetData" started.	[MsgId: MMSG-16999]
Action.c(25): Notify: Transaction "BP5_LoginNew_GetData" ended with "Pass" status (Duration: 0.0036 Wasted Time: 0.0035).	[MsgId: MMSG-16871]
Action.c(57): No data for user login...waiting for 50 seconds.	[MsgId: MMSG-17999]
Action.c(58): lr_think_time: 47.44 seconds (recorded think time was 50.00 seconds).	[MsgId: MMSG-15947]
Ending action Action.	[MsgId: MMSG-15918]
Ending Vuser...	[MsgId: MMSG-15966]
Starting action vuser_end.	[MsgId: MMSG-15919]
Ending action vuser_end.	[MsgId: MMSG-15918]
Vuser Terminated.	[MsgId: MMSG-15963]
