Virtual User Script started at : 22/05/2014 16:12:04	[MsgId: MMSG-15967]
Starting action vuser_init.	[MsgId: MMSG-15919]
Web Turbo Replay of LoadRunner 12.0.0 for Windows 8; build 1362 (Feb  2 2014 23:20:03)  	[MsgId: MMSG-27143]
Run mode: HTML  	[MsgId: MMSG-26993]
Run-Time Settings file: "C:\Users\Richard\AppData\Local\Temp\lr5tmpdiriIm.338\lrcfgj3w.339\cfgrjZ.350"  	[MsgId: MMSG-27141]
Ending action vuser_init.	[MsgId: MMSG-15918]
Running Vuser...	[MsgId: MMSG-15964]
Starting iteration 1.	[MsgId: MMSG-15968]
Maximum number of concurrent connections per server: 2  	[MsgId: MMSG-26000]
Starting action Action.	[MsgId: MMSG-15919]
Action.c(18): Notify: Transaction "GetSourceData_VTS2" started.	[MsgId: MMSG-16999]
Action.c(25): Notify: Transaction "GetSourceData_VTS2" ended with "Pass" status (Duration: 0.0031 Wasted Time: 0.0030).	[MsgId: MMSG-16871]
Marget Gunst Loggedin using username [Marget_Gunst] and password [5788]
Action.c(51): lr_think_time: 5.41 seconds (recorded think time was 5.00 seconds).	[MsgId: MMSG-15947]
Ending action Action.	[MsgId: MMSG-15918]
Ending iteration 1.	[MsgId: MMSG-15965]
Starting iteration 2.	[MsgId: MMSG-15968]
Starting action Action.	[MsgId: MMSG-15919]
Action.c(18): Notify: Transaction "GetSourceData_VTS2" started.	[MsgId: MMSG-16999]
Action.c(25): Notify: Transaction "GetSourceData_VTS2" ended with "Pass" status (Duration: 0.0030 Wasted Time: 0.0030).	[MsgId: MMSG-16871]
Annett Bunselmeyer Loggedin using username [Annett_Bunselmeyer] and password [5339]
Action.c(51): lr_think_time: 4.93 seconds (recorded think time was 5.00 seconds).	[MsgId: MMSG-15947]
Ending action Action.	[MsgId: MMSG-15918]
Ending iteration 2.	[MsgId: MMSG-15965]
Starting iteration 3.	[MsgId: MMSG-15968]
Starting action Action.	[MsgId: MMSG-15919]
Action.c(18): Notify: Transaction "GetSourceData_VTS2" started.	[MsgId: MMSG-16999]
Action.c(25): Notify: Transaction "GetSourceData_VTS2" ended with "Pass" status (Duration: 0.0045 Wasted Time: 0.0044).	[MsgId: MMSG-16871]
Kip Turziano Loggedin using username [Kip_Turziano] and password [9174]
Action.c(51): lr_think_time: 5.42 seconds (recorded think time was 5.00 seconds).	[MsgId: MMSG-15947]
Ending action Action.	[MsgId: MMSG-15918]
Ending iteration 3.	[MsgId: MMSG-15965]
Starting iteration 4.	[MsgId: MMSG-15968]
Starting action Action.	[MsgId: MMSG-15919]
Action.c(18): Notify: Transaction "GetSourceData_VTS2" started.	[MsgId: MMSG-16999]
Action.c(25): Notify: Transaction "GetSourceData_VTS2" ended with "Pass" status (Duration: 0.0025 Wasted Time: 0.0024).	[MsgId: MMSG-16871]
No data for user login...waiting for 50 seconds.
Action.c(58): lr_think_time: 58.29 seconds (recorded think time was 50.00 seconds).	[MsgId: MMSG-15947]
Ending action Action.	[MsgId: MMSG-15918]
Ending iteration 4.	[MsgId: MMSG-15965]
Starting iteration 5.	[MsgId: MMSG-15968]
Starting action Action.	[MsgId: MMSG-15919]
Action.c(18): Notify: Transaction "GetSourceData_VTS2" started.	[MsgId: MMSG-16999]
Action.c(25): Notify: Transaction "GetSourceData_VTS2" ended with "Pass" status (Duration: 0.0084 Wasted Time: 0.0083).	[MsgId: MMSG-16871]
Melina Orizabal Loggedin using username [Melina_Orizabal] and password [3605]
Action.c(51): lr_think_time: 5.69 seconds (recorded think time was 5.00 seconds).	[MsgId: MMSG-15947]
Ending action Action.	[MsgId: MMSG-15918]
Ending iteration 5.	[MsgId: MMSG-15965]
Starting iteration 6.	[MsgId: MMSG-15968]
Starting action Action.	[MsgId: MMSG-15919]
Action.c(18): Notify: Transaction "GetSourceData_VTS2" started.	[MsgId: MMSG-16999]
Action.c(25): Notify: Transaction "GetSourceData_VTS2" ended with "Pass" status (Duration: 0.0031 Wasted Time: 0.0030).	[MsgId: MMSG-16871]
Tina Clapham Loggedin using username [Tina_Clapham] and password [9131]
Action.c(51): lr_think_time: 4.49 seconds (recorded think time was 5.00 seconds).	[MsgId: MMSG-15947]
Ending action Action.	[MsgId: MMSG-15918]
Ending iteration 6.	[MsgId: MMSG-15965]
Starting iteration 7.	[MsgId: MMSG-15968]
Starting action Action.	[MsgId: MMSG-15919]
Action.c(18): Notify: Transaction "GetSourceData_VTS2" started.	[MsgId: MMSG-16999]
Action.c(25): Notify: Transaction "GetSourceData_VTS2" ended with "Pass" status (Duration: 0.0106 Wasted Time: 0.0105).	[MsgId: MMSG-16871]
Luisa Devereux Loggedin using username [Luisa_Devereux] and password [7484]
Action.c(51): lr_think_time: 5.18 seconds (recorded think time was 5.00 seconds).	[MsgId: MMSG-15947]
Ending action Action.	[MsgId: MMSG-15918]
Ending iteration 7.	[MsgId: MMSG-15965]
Starting iteration 8.	[MsgId: MMSG-15968]
Starting action Action.	[MsgId: MMSG-15919]
Action.c(18): Notify: Transaction "GetSourceData_VTS2" started.	[MsgId: MMSG-16999]
Action.c(25): Notify: Transaction "GetSourceData_VTS2" ended with "Pass" status (Duration: 0.0039 Wasted Time: 0.0038).	[MsgId: MMSG-16871]
Pedro Aschoff Loggedin using username [Pedro_Aschoff] and password [1527]
Action.c(51): lr_think_time: 5.94 seconds (recorded think time was 5.00 seconds).	[MsgId: MMSG-15947]
Ending action Action.	[MsgId: MMSG-15918]
Ending iteration 8.	[MsgId: MMSG-15965]
Starting iteration 9.	[MsgId: MMSG-15968]
Starting action Action.	[MsgId: MMSG-15919]
Action.c(18): Notify: Transaction "GetSourceData_VTS2" started.	[MsgId: MMSG-16999]
Action.c(25): Notify: Transaction "GetSourceData_VTS2" ended with "Pass" status (Duration: 0.0070 Wasted Time: 0.0069).	[MsgId: MMSG-16871]
Carrol Kunimitsu Loggedin using username [Carrol_Kunimitsu] and password [9031]
Action.c(51): lr_think_time: 4.54 seconds (recorded think time was 5.00 seconds).	[MsgId: MMSG-15947]
Ending action Action.	[MsgId: MMSG-15918]
Ending iteration 9.	[MsgId: MMSG-15965]
Starting iteration 10.	[MsgId: MMSG-15968]
Starting action Action.	[MsgId: MMSG-15919]
Action.c(18): Notify: Transaction "GetSourceData_VTS2" started.	[MsgId: MMSG-16999]
Action.c(25): Notify: Transaction "GetSourceData_VTS2" ended with "Pass" status (Duration: 0.0030 Wasted Time: 0.0029).	[MsgId: MMSG-16871]
No data for user login...waiting for 50 seconds.
Action.c(58): lr_think_time: 42.64 seconds (recorded think time was 50.00 seconds).	[MsgId: MMSG-15947]
Ending action Action.	[MsgId: MMSG-15918]
Ending Vuser...	[MsgId: MMSG-15966]
Starting action vuser_end.	[MsgId: MMSG-15919]
Ending action vuser_end.	[MsgId: MMSG-15918]
Vuser Terminated.	[MsgId: MMSG-15963]
