Virtual User Script started at : 22/05/2014 16:38:00	[MsgId: MMSG-15967]
Starting action vuser_init.	[MsgId: MMSG-15919]
Web Turbo Replay of LoadRunner 12.0.0 for Windows 8; build 1362 (Feb  2 2014 23:20:03)  	[MsgId: MMSG-27143]
Run mode: HTML  	[MsgId: MMSG-26993]
Run-Time Settings file: "C:\Users\Richard\AppData\Local\Temp\lr5tmpdiriIm.338\lrcfg9ek.353\cfgSX1.358"  	[MsgId: MMSG-27141]
Ending action vuser_init.	[MsgId: MMSG-15918]
Running Vuser...	[MsgId: MMSG-15964]
Starting iteration 1.	[MsgId: MMSG-15968]
Maximum number of concurrent connections per server: 2  	[MsgId: MMSG-26000]
Starting action Action.	[MsgId: MMSG-15919]
Action.c(18): Notify: Transaction "BP5_LoginNew_GetData" started.	[MsgId: MMSG-16999]
Action.c(25): Notify: Transaction "BP5_LoginNew_GetData" ended with "Pass" status (Duration: 0.0136 Wasted Time: 0.0135).	[MsgId: MMSG-16871]
Action.c(47): Lenny Gazzola Loggedin using username [Lenny_Gazzola] and password [5326]	[MsgId: MMSG-17999]
Action.c(53): lr_think_time: 4.90 seconds (recorded think time was 5.00 seconds).	[MsgId: MMSG-15947]
Ending action Action.	[MsgId: MMSG-15918]
Ending iteration 1.	[MsgId: MMSG-15965]
Starting iteration 2.	[MsgId: MMSG-15968]
Starting action Action.	[MsgId: MMSG-15919]
Action.c(18): Notify: Transaction "BP5_LoginNew_GetData" started.	[MsgId: MMSG-16999]
Action.c(25): Notify: Transaction "BP5_LoginNew_GetData" ended with "Pass" status (Duration: 0.0054 Wasted Time: 0.0054).	[MsgId: MMSG-16871]
Action.c(47): Mira Alpheaus Loggedin using username [Mira_Alpheaus] and password [4457]	[MsgId: MMSG-17999]
Action.c(53): lr_think_time: 5.25 seconds (recorded think time was 5.00 seconds).	[MsgId: MMSG-15947]
Ending action Action.	[MsgId: MMSG-15918]
Ending iteration 2.	[MsgId: MMSG-15965]
Starting iteration 3.	[MsgId: MMSG-15968]
Starting action Action.	[MsgId: MMSG-15919]
Action.c(18): Notify: Transaction "BP5_LoginNew_GetData" started.	[MsgId: MMSG-16999]
Action.c(25): Notify: Transaction "BP5_LoginNew_GetData" ended with "Pass" status (Duration: 0.0023 Wasted Time: 0.0023).	[MsgId: MMSG-16871]
Action.c(47): Cathern Ungar Loggedin using username [Cathern_Ungar] and password [9228]	[MsgId: MMSG-17999]
Action.c(53): lr_think_time: 5.88 seconds (recorded think time was 5.00 seconds).	[MsgId: MMSG-15947]
Ending action Action.	[MsgId: MMSG-15918]
Ending iteration 3.	[MsgId: MMSG-15965]
Starting iteration 4.	[MsgId: MMSG-15968]
Starting action Action.	[MsgId: MMSG-15919]
Action.c(18): Notify: Transaction "BP5_LoginNew_GetData" started.	[MsgId: MMSG-16999]
Action.c(25): Notify: Transaction "BP5_LoginNew_GetData" ended with "Pass" status (Duration: 0.0031 Wasted Time: 0.0031).	[MsgId: MMSG-16871]
Action.c(47): Malcom Fleckles Loggedin using username [Malcom_Fleckles] and password [727]	[MsgId: MMSG-17999]
Action.c(53): lr_think_time: 4.41 seconds (recorded think time was 5.00 seconds).	[MsgId: MMSG-15947]
Ending action Action.	[MsgId: MMSG-15918]
Ending iteration 4.	[MsgId: MMSG-15965]
Starting iteration 5.	[MsgId: MMSG-15968]
Starting action Action.	[MsgId: MMSG-15919]
Action.c(18): Notify: Transaction "BP5_LoginNew_GetData" started.	[MsgId: MMSG-16999]
Action.c(25): Notify: Transaction "BP5_LoginNew_GetData" ended with "Pass" status (Duration: 0.0045 Wasted Time: 0.0045).	[MsgId: MMSG-16871]
Action.c(47): Monroe Damato Loggedin using username [Monroe_Damato] and password [7464]	[MsgId: MMSG-17999]
Action.c(53): lr_think_time: 5.13 seconds (recorded think time was 5.00 seconds).	[MsgId: MMSG-15947]
Ending action Action.	[MsgId: MMSG-15918]
Ending iteration 5.	[MsgId: MMSG-15965]
Starting iteration 6.	[MsgId: MMSG-15968]
Starting action Action.	[MsgId: MMSG-15919]
Action.c(18): Notify: Transaction "BP5_LoginNew_GetData" started.	[MsgId: MMSG-16999]
Action.c(25): Notify: Transaction "BP5_LoginNew_GetData" ended with "Pass" status (Duration: 0.0040 Wasted Time: 0.0040).	[MsgId: MMSG-16871]
Action.c(47): Leota Fletchen Loggedin using username [Leota_Fletchen] and password [8311]	[MsgId: MMSG-17999]
Action.c(53): lr_think_time: 4.57 seconds (recorded think time was 5.00 seconds).	[MsgId: MMSG-15947]
Ending action Action.	[MsgId: MMSG-15918]
Ending iteration 6.	[MsgId: MMSG-15965]
Starting iteration 7.	[MsgId: MMSG-15968]
Starting action Action.	[MsgId: MMSG-15919]
Action.c(18): Notify: Transaction "BP5_LoginNew_GetData" started.	[MsgId: MMSG-16999]
Action.c(25): Notify: Transaction "BP5_LoginNew_GetData" ended with "Pass" status (Duration: 0.0045 Wasted Time: 0.0045).	[MsgId: MMSG-16871]
Action.c(47): Berry Gutoski Loggedin using username [Berry_Gutoski] and password [6991]	[MsgId: MMSG-17999]
Action.c(53): lr_think_time: 5.23 seconds (recorded think time was 5.00 seconds).	[MsgId: MMSG-15947]
Ending action Action.	[MsgId: MMSG-15918]
Ending iteration 7.	[MsgId: MMSG-15965]
Starting iteration 8.	[MsgId: MMSG-15968]
Starting action Action.	[MsgId: MMSG-15919]
Action.c(18): Notify: Transaction "BP5_LoginNew_GetData" started.	[MsgId: MMSG-16999]
Action.c(25): Notify: Transaction "BP5_LoginNew_GetData" ended with "Pass" status (Duration: 0.0038 Wasted Time: 0.0037).	[MsgId: MMSG-16871]
Action.c(47): Meghan Riherd Loggedin using username [Meghan_Riherd] and password [8407]	[MsgId: MMSG-17999]
Action.c(53): lr_think_time: 4.84 seconds (recorded think time was 5.00 seconds).	[MsgId: MMSG-15947]
Ending action Action.	[MsgId: MMSG-15918]
Ending iteration 8.	[MsgId: MMSG-15965]
Starting iteration 9.	[MsgId: MMSG-15968]
Starting action Action.	[MsgId: MMSG-15919]
Action.c(18): Notify: Transaction "BP5_LoginNew_GetData" started.	[MsgId: MMSG-16999]
Action.c(25): Notify: Transaction "BP5_LoginNew_GetData" ended with "Pass" status (Duration: 0.0049 Wasted Time: 0.0049).	[MsgId: MMSG-16871]
Action.c(47): Mike Torner Loggedin using username [Mike_Torner] and password [4952]	[MsgId: MMSG-17999]
Action.c(53): lr_think_time: 4.02 seconds (recorded think time was 5.00 seconds).	[MsgId: MMSG-15947]
Ending action Action.	[MsgId: MMSG-15918]
Ending iteration 9.	[MsgId: MMSG-15965]
Starting iteration 10.	[MsgId: MMSG-15968]
Starting action Action.	[MsgId: MMSG-15919]
Action.c(18): Notify: Transaction "BP5_LoginNew_GetData" started.	[MsgId: MMSG-16999]
Action.c(25): Notify: Transaction "BP5_LoginNew_GetData" ended with "Pass" status (Duration: 0.0060 Wasted Time: 0.0059).	[MsgId: MMSG-16871]
Action.c(47): Elsa Delisle Loggedin using username [Elsa_Delisle] and password [7550]	[MsgId: MMSG-17999]
Action.c(53): lr_think_time: 5.12 seconds (recorded think time was 5.00 seconds).	[MsgId: MMSG-15947]
Ending action Action.	[MsgId: MMSG-15918]
Ending iteration 10.	[MsgId: MMSG-15965]
Starting iteration 11.	[MsgId: MMSG-15968]
Starting action Action.	[MsgId: MMSG-15919]
Action.c(18): Notify: Transaction "BP5_LoginNew_GetData" started.	[MsgId: MMSG-16999]
Action.c(25): Notify: Transaction "BP5_LoginNew_GetData" ended with "Pass" status (Duration: 0.0013 Wasted Time: 0.0013).	[MsgId: MMSG-16871]
Action.c(59): No data for user login...waiting for 50 seconds.	[MsgId: MMSG-17999]
Action.c(60): lr_think_time: 59.11 seconds (recorded think time was 50.00 seconds).	[MsgId: MMSG-15947]
Ending action Action.	[MsgId: MMSG-15918]
Ending iteration 11.	[MsgId: MMSG-15965]
Starting iteration 12.	[MsgId: MMSG-15968]
Starting action Action.	[MsgId: MMSG-15919]
Action.c(18): Notify: Transaction "BP5_LoginNew_GetData" started.	[MsgId: MMSG-16999]
Action.c(25): Notify: Transaction "BP5_LoginNew_GetData" ended with "Pass" status (Duration: 0.0035 Wasted Time: 0.0035).	[MsgId: MMSG-16871]
Action.c(47): Linwood Rosenlof Loggedin using username [Linwood_Rosenlof] and password [1473]	[MsgId: MMSG-17999]
Action.c(53): lr_think_time: 4.71 seconds (recorded think time was 5.00 seconds).	[MsgId: MMSG-15947]
Ending action Action.	[MsgId: MMSG-15918]
Ending iteration 12.	[MsgId: MMSG-15965]
Starting iteration 13.	[MsgId: MMSG-15968]
Starting action Action.	[MsgId: MMSG-15919]
Action.c(18): Notify: Transaction "BP5_LoginNew_GetData" started.	[MsgId: MMSG-16999]
Action.c(25): Notify: Transaction "BP5_LoginNew_GetData" ended with "Pass" status (Duration: 0.0037 Wasted Time: 0.0037).	[MsgId: MMSG-16871]
Action.c(47): Latosha Alexy Loggedin using username [Latosha_Alexy] and password [5012]	[MsgId: MMSG-17999]
Action.c(53): lr_think_time: 5.84 seconds (recorded think time was 5.00 seconds).	[MsgId: MMSG-15947]
Ending action Action.	[MsgId: MMSG-15918]
Ending iteration 13.	[MsgId: MMSG-15965]
Starting iteration 14.	[MsgId: MMSG-15968]
Starting action Action.	[MsgId: MMSG-15919]
Action.c(18): Notify: Transaction "BP5_LoginNew_GetData" started.	[MsgId: MMSG-16999]
Action.c(25): Notify: Transaction "BP5_LoginNew_GetData" ended with "Pass" status (Duration: 0.0025 Wasted Time: 0.0025).	[MsgId: MMSG-16871]
Action.c(47): Lisbeth Creecy Loggedin using username [Lisbeth_Creecy] and password [5988]	[MsgId: MMSG-17999]
Action.c(53): lr_think_time: 5.47 seconds (recorded think time was 5.00 seconds).	[MsgId: MMSG-15947]
Ending action Action.	[MsgId: MMSG-15918]
Ending iteration 14.	[MsgId: MMSG-15965]
Starting iteration 15.	[MsgId: MMSG-15968]
Starting action Action.	[MsgId: MMSG-15919]
Action.c(18): Notify: Transaction "BP5_LoginNew_GetData" started.	[MsgId: MMSG-16999]
Action.c(25): Notify: Transaction "BP5_LoginNew_GetData" ended with "Pass" status (Duration: 0.0038 Wasted Time: 0.0037).	[MsgId: MMSG-16871]
Action.c(59): No data for user login...waiting for 50 seconds.	[MsgId: MMSG-17999]
Action.c(60): lr_think_time: 58.14 seconds (recorded think time was 50.00 seconds).	[MsgId: MMSG-15947]
Ending action Action.	[MsgId: MMSG-15918]
Ending iteration 15.	[MsgId: MMSG-15965]
Starting iteration 16.	[MsgId: MMSG-15968]
Starting action Action.	[MsgId: MMSG-15919]
Action.c(18): Notify: Transaction "BP5_LoginNew_GetData" started.	[MsgId: MMSG-16999]
Action.c(25): Notify: Transaction "BP5_LoginNew_GetData" ended with "Pass" status (Duration: 0.0202 Wasted Time: 0.0201).	[MsgId: MMSG-16871]
Action.c(47): Val Cellucci Loggedin using username [Val_Cellucci] and password [1331]	[MsgId: MMSG-17999]
Action.c(53): lr_think_time: 5.19 seconds (recorded think time was 5.00 seconds).	[MsgId: MMSG-15947]
Ending action Action.	[MsgId: MMSG-15918]
Ending iteration 16.	[MsgId: MMSG-15965]
Starting iteration 17.	[MsgId: MMSG-15968]
Starting action Action.	[MsgId: MMSG-15919]
Action.c(18): Notify: Transaction "BP5_LoginNew_GetData" started.	[MsgId: MMSG-16999]
Action.c(25): Notify: Transaction "BP5_LoginNew_GetData" ended with "Pass" status (Duration: 0.0060 Wasted Time: 0.0059).	[MsgId: MMSG-16871]
Action.c(47): Horace Knapp Loggedin using username [Horace_Knapp] and password [7586]	[MsgId: MMSG-17999]
Action.c(53): lr_think_time: 4.92 seconds (recorded think time was 5.00 seconds).	[MsgId: MMSG-15947]
Ending action Action.	[MsgId: MMSG-15918]
Ending iteration 17.	[MsgId: MMSG-15965]
Starting iteration 18.	[MsgId: MMSG-15968]
Starting action Action.	[MsgId: MMSG-15919]
Action.c(18): Notify: Transaction "BP5_LoginNew_GetData" started.	[MsgId: MMSG-16999]
Action.c(25): Notify: Transaction "BP5_LoginNew_GetData" ended with "Pass" status (Duration: 0.0021 Wasted Time: 0.0020).	[MsgId: MMSG-16871]
Action.c(47): Joana Reinecke Loggedin using username [Joana_Reinecke] and password [5895]	[MsgId: MMSG-17999]
Action.c(53): lr_think_time: 5.47 seconds (recorded think time was 5.00 seconds).	[MsgId: MMSG-15947]
Ending action Action.	[MsgId: MMSG-15918]
Ending iteration 18.	[MsgId: MMSG-15965]
Starting iteration 19.	[MsgId: MMSG-15968]
Starting action Action.	[MsgId: MMSG-15919]
Action.c(18): Notify: Transaction "BP5_LoginNew_GetData" started.	[MsgId: MMSG-16999]
Action.c(25): Notify: Transaction "BP5_LoginNew_GetData" ended with "Pass" status (Duration: 0.0055 Wasted Time: 0.0054).	[MsgId: MMSG-16871]
Action.c(47): Tiara Schlichter Loggedin using username [Tiara_Schlichter] and password [2022]	[MsgId: MMSG-17999]
Action.c(53): lr_think_time: 5.61 seconds (recorded think time was 5.00 seconds).	[MsgId: MMSG-15947]
Ending action Action.	[MsgId: MMSG-15918]
Ending iteration 19.	[MsgId: MMSG-15965]
Starting iteration 20.	[MsgId: MMSG-15968]
Starting action Action.	[MsgId: MMSG-15919]
Action.c(18): Notify: Transaction "BP5_LoginNew_GetData" started.	[MsgId: MMSG-16999]
Action.c(25): Notify: Transaction "BP5_LoginNew_GetData" ended with "Pass" status (Duration: 0.0051 Wasted Time: 0.0050).	[MsgId: MMSG-16871]
Action.c(47): Dacia Swaisgood Loggedin using username [Dacia_Swaisgood] and password [1684]	[MsgId: MMSG-17999]
Action.c(53): lr_think_time: 4.67 seconds (recorded think time was 5.00 seconds).	[MsgId: MMSG-15947]
Ending action Action.	[MsgId: MMSG-15918]
Ending iteration 20.	[MsgId: MMSG-15965]
Starting iteration 21.	[MsgId: MMSG-15968]
Starting action Action.	[MsgId: MMSG-15919]
Action.c(18): Notify: Transaction "BP5_LoginNew_GetData" started.	[MsgId: MMSG-16999]
Action.c(25): Notify: Transaction "BP5_LoginNew_GetData" ended with "Pass" status (Duration: 0.0032 Wasted Time: 0.0031).	[MsgId: MMSG-16871]
Action.c(47): Myong Babineaux Loggedin using username [Myong_Babineaux] and password [9350]	[MsgId: MMSG-17999]
Action.c(53): lr_think_time: 5.30 seconds (recorded think time was 5.00 seconds).	[MsgId: MMSG-15947]
Ending action Action.	[MsgId: MMSG-15918]
Ending iteration 21.	[MsgId: MMSG-15965]
Starting iteration 22.	[MsgId: MMSG-15968]
Starting action Action.	[MsgId: MMSG-15919]
Action.c(18): Notify: Transaction "BP5_LoginNew_GetData" started.	[MsgId: MMSG-16999]
Action.c(25): Notify: Transaction "BP5_LoginNew_GetData" ended with "Pass" status (Duration: 0.0048 Wasted Time: 0.0047).	[MsgId: MMSG-16871]
Action.c(47): Gene Bleile Loggedin using username [Gene_Bleile] and password [733]	[MsgId: MMSG-17999]
Action.c(53): lr_think_time: 5.30 seconds (recorded think time was 5.00 seconds).	[MsgId: MMSG-15947]
Ending action Action.	[MsgId: MMSG-15918]
Ending iteration 22.	[MsgId: MMSG-15965]
Starting iteration 23.	[MsgId: MMSG-15968]
Starting action Action.	[MsgId: MMSG-15919]
Action.c(18): Notify: Transaction "BP5_LoginNew_GetData" started.	[MsgId: MMSG-16999]
Action.c(25): Notify: Transaction "BP5_LoginNew_GetData" ended with "Pass" status (Duration: 0.0038 Wasted Time: 0.0038).	[MsgId: MMSG-16871]
Action.c(47): Kanisha Difiora Loggedin using username [Kanisha_Difiora] and password [4404]	[MsgId: MMSG-17999]
Action.c(53): lr_think_time: 5.37 seconds (recorded think time was 5.00 seconds).	[MsgId: MMSG-15947]
Ending action Action.	[MsgId: MMSG-15918]
Ending iteration 23.	[MsgId: MMSG-15965]
Starting iteration 24.	[MsgId: MMSG-15968]
Starting action Action.	[MsgId: MMSG-15919]
Action.c(18): Notify: Transaction "BP5_LoginNew_GetData" started.	[MsgId: MMSG-16999]
Action.c(25): Notify: Transaction "BP5_LoginNew_GetData" ended with "Pass" status (Duration: 0.0128 Wasted Time: 0.0127).	[MsgId: MMSG-16871]
Action.c(47): Ayesha Moeder Loggedin using username [Ayesha_Moeder] and password [4888]	[MsgId: MMSG-17999]
Action.c(53): lr_think_time: 4.75 seconds (recorded think time was 5.00 seconds).	[MsgId: MMSG-15947]
Ending action Action.	[MsgId: MMSG-15918]
Ending iteration 24.	[MsgId: MMSG-15965]
Starting iteration 25.	[MsgId: MMSG-15968]
Starting action Action.	[MsgId: MMSG-15919]
Action.c(18): Notify: Transaction "BP5_LoginNew_GetData" started.	[MsgId: MMSG-16999]
Action.c(25): Notify: Transaction "BP5_LoginNew_GetData" ended with "Pass" status (Duration: 0.0021 Wasted Time: 0.0021).	[MsgId: MMSG-16871]
Action.c(47): Lanie Smalarz Loggedin using username [Lanie_Smalarz] and password [4036]	[MsgId: MMSG-17999]
Action.c(53): lr_think_time: 5.83 seconds (recorded think time was 5.00 seconds).	[MsgId: MMSG-15947]
Ending action Action.	[MsgId: MMSG-15918]
Ending iteration 25.	[MsgId: MMSG-15965]
Starting iteration 26.	[MsgId: MMSG-15968]
Starting action Action.	[MsgId: MMSG-15919]
Action.c(18): Notify: Transaction "BP5_LoginNew_GetData" started.	[MsgId: MMSG-16999]
Action.c(25): Notify: Transaction "BP5_LoginNew_GetData" ended with "Pass" status (Duration: 0.0043 Wasted Time: 0.0043).	[MsgId: MMSG-16871]
Action.c(47): Jaleesa Polintan Loggedin using username [Jaleesa_Polintan] and password [2263]	[MsgId: MMSG-17999]
Action.c(53): lr_think_time: 5.43 seconds (recorded think time was 5.00 seconds).	[MsgId: MMSG-15947]
Ending action Action.	[MsgId: MMSG-15918]
Ending iteration 26.	[MsgId: MMSG-15965]
Starting iteration 27.	[MsgId: MMSG-15968]
Starting action Action.	[MsgId: MMSG-15919]
Action.c(18): Notify: Transaction "BP5_LoginNew_GetData" started.	[MsgId: MMSG-16999]
Action.c(25): Notify: Transaction "BP5_LoginNew_GetData" ended with "Pass" status (Duration: 0.0015 Wasted Time: 0.0015).	[MsgId: MMSG-16871]
Action.c(59): No data for user login...waiting for 50 seconds.	[MsgId: MMSG-17999]
Action.c(60): lr_think_time: 40.03 seconds (recorded think time was 50.00 seconds).	[MsgId: MMSG-15947]
Ending action Action.	[MsgId: MMSG-15918]
Ending iteration 27.	[MsgId: MMSG-15965]
Starting iteration 28.	[MsgId: MMSG-15968]
Starting action Action.	[MsgId: MMSG-15919]
Action.c(18): Notify: Transaction "BP5_LoginNew_GetData" started.	[MsgId: MMSG-16999]
Action.c(25): Notify: Transaction "BP5_LoginNew_GetData" ended with "Pass" status (Duration: 0.0063 Wasted Time: 0.0062).	[MsgId: MMSG-16871]
Action.c(47): Tamekia Flotow Loggedin using username [Tamekia_Flotow] and password [1040]	[MsgId: MMSG-17999]
Action.c(53): lr_think_time: 5.76 seconds (recorded think time was 5.00 seconds).	[MsgId: MMSG-15947]
Ending action Action.	[MsgId: MMSG-15918]
Ending iteration 28.	[MsgId: MMSG-15965]
Starting iteration 29.	[MsgId: MMSG-15968]
Starting action Action.	[MsgId: MMSG-15919]
Action.c(18): Notify: Transaction "BP5_LoginNew_GetData" started.	[MsgId: MMSG-16999]
Action.c(25): Notify: Transaction "BP5_LoginNew_GetData" ended with "Pass" status (Duration: 0.0030 Wasted Time: 0.0029).	[MsgId: MMSG-16871]
Action.c(47): Ula Otey Loggedin using username [Ula_Otey] and password [7518]	[MsgId: MMSG-17999]
Action.c(53): lr_think_time: 5.02 seconds (recorded think time was 5.00 seconds).	[MsgId: MMSG-15947]
Ending action Action.	[MsgId: MMSG-15918]
Ending iteration 29.	[MsgId: MMSG-15965]
Starting iteration 30.	[MsgId: MMSG-15968]
Starting action Action.	[MsgId: MMSG-15919]
Action.c(18): Notify: Transaction "BP5_LoginNew_GetData" started.	[MsgId: MMSG-16999]
Action.c(25): Notify: Transaction "BP5_LoginNew_GetData" ended with "Pass" status (Duration: 0.0051 Wasted Time: 0.0051).	[MsgId: MMSG-16871]
Action.c(47): Rosendo Ratel Loggedin using username [Rosendo_Ratel] and password [6236]	[MsgId: MMSG-17999]
Action.c(53): lr_think_time: 5.71 seconds (recorded think time was 5.00 seconds).	[MsgId: MMSG-15947]
Ending action Action.	[MsgId: MMSG-15918]
Ending iteration 30.	[MsgId: MMSG-15965]
Starting iteration 31.	[MsgId: MMSG-15968]
Starting action Action.	[MsgId: MMSG-15919]
Action.c(18): Notify: Transaction "BP5_LoginNew_GetData" started.	[MsgId: MMSG-16999]
Action.c(25): Notify: Transaction "BP5_LoginNew_GetData" ended with "Pass" status (Duration: 0.0028 Wasted Time: 0.0027).	[MsgId: MMSG-16871]
Action.c(47): Timmy Lintner Loggedin using username [Timmy_Lintner] and password [4306]	[MsgId: MMSG-17999]
Action.c(53): lr_think_time: 4.05 seconds (recorded think time was 5.00 seconds).	[MsgId: MMSG-15947]
Ending action Action.	[MsgId: MMSG-15918]
Ending iteration 31.	[MsgId: MMSG-15965]
Starting iteration 32.	[MsgId: MMSG-15968]
Starting action Action.	[MsgId: MMSG-15919]
Action.c(18): Notify: Transaction "BP5_LoginNew_GetData" started.	[MsgId: MMSG-16999]
Action.c(25): Notify: Transaction "BP5_LoginNew_GetData" ended with "Pass" status (Duration: 0.0026 Wasted Time: 0.0026).	[MsgId: MMSG-16871]
Action.c(47): Zita Speltz Loggedin using username [Zita_Speltz] and password [7839]	[MsgId: MMSG-17999]
Action.c(53): lr_think_time: 4.24 seconds (recorded think time was 5.00 seconds).	[MsgId: MMSG-15947]
Ending action Action.	[MsgId: MMSG-15918]
Ending iteration 32.	[MsgId: MMSG-15965]
Starting iteration 33.	[MsgId: MMSG-15968]
Starting action Action.	[MsgId: MMSG-15919]
Action.c(18): Notify: Transaction "BP5_LoginNew_GetData" started.	[MsgId: MMSG-16999]
Action.c(25): Notify: Transaction "BP5_LoginNew_GetData" ended with "Pass" status (Duration: 0.0026 Wasted Time: 0.0025).	[MsgId: MMSG-16871]
Action.c(47): Aleisha Lemm Loggedin using username [Aleisha_Lemm] and password [8690]	[MsgId: MMSG-17999]
Action.c(53): lr_think_time: 5.04 seconds (recorded think time was 5.00 seconds).	[MsgId: MMSG-15947]
Ending action Action.	[MsgId: MMSG-15918]
Ending iteration 33.	[MsgId: MMSG-15965]
Starting iteration 34.	[MsgId: MMSG-15968]
Starting action Action.	[MsgId: MMSG-15919]
Action.c(18): Notify: Transaction "BP5_LoginNew_GetData" started.	[MsgId: MMSG-16999]
Action.c(25): Notify: Transaction "BP5_LoginNew_GetData" ended with "Pass" status (Duration: 0.0075 Wasted Time: 0.0074).	[MsgId: MMSG-16871]
Action.c(47): Naomi Lavezzo Loggedin using username [Naomi_Lavezzo] and password [1936]	[MsgId: MMSG-17999]
Action.c(53): lr_think_time: 5.41 seconds (recorded think time was 5.00 seconds).	[MsgId: MMSG-15947]
Ending action Action.	[MsgId: MMSG-15918]
Ending iteration 34.	[MsgId: MMSG-15965]
Starting iteration 35.	[MsgId: MMSG-15968]
Starting action Action.	[MsgId: MMSG-15919]
Action.c(18): Notify: Transaction "BP5_LoginNew_GetData" started.	[MsgId: MMSG-16999]
Action.c(25): Notify: Transaction "BP5_LoginNew_GetData" ended with "Pass" status (Duration: 0.0047 Wasted Time: 0.0047).	[MsgId: MMSG-16871]
Action.c(47): Aretha Bowling Loggedin using username [Aretha_Bowling] and password [3679]	[MsgId: MMSG-17999]
Action.c(53): lr_think_time: 5.14 seconds (recorded think time was 5.00 seconds).	[MsgId: MMSG-15947]
Ending action Action.	[MsgId: MMSG-15918]
Ending iteration 35.	[MsgId: MMSG-15965]
Starting iteration 36.	[MsgId: MMSG-15968]
Starting action Action.	[MsgId: MMSG-15919]
Action.c(18): Notify: Transaction "BP5_LoginNew_GetData" started.	[MsgId: MMSG-16999]
Action.c(25): Notify: Transaction "BP5_LoginNew_GetData" ended with "Pass" status (Duration: 0.0039 Wasted Time: 0.0038).	[MsgId: MMSG-16871]
Action.c(59): No data for user login...waiting for 50 seconds.	[MsgId: MMSG-17999]
Action.c(60): lr_think_time: 47.37 seconds (recorded think time was 50.00 seconds).	[MsgId: MMSG-15947]
Ending action Action.	[MsgId: MMSG-15918]
Ending Vuser...	[MsgId: MMSG-15966]
Starting action vuser_end.	[MsgId: MMSG-15919]
Ending action vuser_end.	[MsgId: MMSG-15918]
Vuser Terminated.	[MsgId: MMSG-15963]
