Virtual User Script started at : 6/3/2014 4:59:43 PM	[MsgId: MMSG-15967]
Starting action vuser_init.	[MsgId: MMSG-15919]
Web Turbo Replay of LoadRunner 12.0.0 for Windows 8; build 1362 (Feb  2 2014 23:20:03)  	[MsgId: MMSG-27143]
Run mode: HTML  	[MsgId: MMSG-26993]
Run-Time Settings file: "C:\Users\gordona.TRUSTIV\AppData\Local\Temp\lr5tmpdirqzc.236\lrcfgvpi.237\cfgQ6D.251"  	[MsgId: MMSG-27141]
Ending action vuser_init.	[MsgId: MMSG-15918]
Running Vuser...	[MsgId: MMSG-15964]
Starting iteration 1.	[MsgId: MMSG-15968]
Maximum number of concurrent connections per server: 2  	[MsgId: MMSG-26000]
Starting action Action.	[MsgId: MMSG-15919]
Action.c(52): Notify: Saving Parameter "first_name = ".	[MsgId: MMSG-13798]
Action.c(19): Notify: Transaction "BP5_LoginNew_GetData" started.	[MsgId: MMSG-16999]
Action.c(26): Notify: Transaction "BP5_LoginNew_GetData" ended with "Pass" status (Duration: 0.0054 Wasted Time: 0.0054).	[MsgId: MMSG-16871]
Action.c(36): Notify: Saving Parameter "first_name = Eric".	[MsgId: MMSG-13798]
Action.c(36): Notify: Saving Parameter "_VTS_ID = 10_03-Jun-2014 16:49:31.611".	[MsgId: MMSG-13798]
Action.c(36): Notify: Saving Parameter "password = 4458".	[MsgId: MMSG-13798]
Action.c(36): Notify: Saving Parameter "last_name = Rampy".	[MsgId: MMSG-13798]
Action.c(36): Notify: Saving Parameter "username = Eric_Rampy".	[MsgId: MMSG-13798]
Action.c(56): Notify: Parameter Substitution: parameter "first_name" =  "Eric"	[MsgId: MMSG-13992]
Action.c(59): Notify: Parameter Substitution: parameter "first_name" =  "Eric"	[MsgId: MMSG-13992]
Action.c(59): Notify: Parameter Substitution: parameter "last_name" =  "Rampy"	[MsgId: MMSG-13992]
Action.c(59): Notify: Parameter Substitution: parameter "username" =  "Eric_Rampy"	[MsgId: MMSG-13992]
Action.c(59): Notify: Parameter Substitution: parameter "password" =  "4458"	[MsgId: MMSG-13992]
Action.c(59): Eric Rampy Loggedin using username [Eric_Rampy] and password [4458]	[MsgId: MMSG-17999]
Action.c(64): Notify: Parameter Substitution: parameter "first_name" =  "Eric"	[MsgId: MMSG-13992]
Action.c(64): Notify: Parameter Substitution: parameter "last_name" =  "Rampy"	[MsgId: MMSG-13992]
Action.c(64): Notify: Parameter Substitution: parameter "username" =  "Eric_Rampy"	[MsgId: MMSG-13992]
Action.c(64): Notify: Parameter Substitution: parameter "password" =  "4458"	[MsgId: MMSG-13992]
Eric Rampy Loggedin using username [Eric_Rampy] and password [4458]
Action.c(70): lr_think_time: 5.00 seconds.	[MsgId: MMSG-15948]
Ending action Action.	[MsgId: MMSG-15918]
Ending iteration 1.	[MsgId: MMSG-15965]
Starting iteration 2.	[MsgId: MMSG-15968]
Starting action Action.	[MsgId: MMSG-15919]
Action.c(52): Notify: Saving Parameter "first_name = ".	[MsgId: MMSG-13798]
Action.c(19): Notify: Transaction "BP5_LoginNew_GetData" started.	[MsgId: MMSG-16999]
Action.c(26): Notify: Transaction "BP5_LoginNew_GetData" ended with "Pass" status (Duration: 0.0024 Wasted Time: 0.0024).	[MsgId: MMSG-16871]
Action.c(36): Notify: Saving Parameter "first_name = Marg".	[MsgId: MMSG-13798]
Action.c(36): Notify: Saving Parameter "_VTS_ID = 10_03-Jun-2014 16:49:41.636".	[MsgId: MMSG-13798]
Action.c(36): Notify: Saving Parameter "password = 6209".	[MsgId: MMSG-13798]
Action.c(36): Notify: Saving Parameter "last_name = Grasmick".	[MsgId: MMSG-13798]
Action.c(36): Notify: Saving Parameter "username = Marg_Grasmick".	[MsgId: MMSG-13798]
Action.c(56): Notify: Parameter Substitution: parameter "first_name" =  "Marg"	[MsgId: MMSG-13992]
Action.c(59): Notify: Parameter Substitution: parameter "first_name" =  "Marg"	[MsgId: MMSG-13992]
Action.c(59): Notify: Parameter Substitution: parameter "last_name" =  "Grasmick"	[MsgId: MMSG-13992]
Action.c(59): Notify: Parameter Substitution: parameter "username" =  "Marg_Grasmick"	[MsgId: MMSG-13992]
Action.c(59): Notify: Parameter Substitution: parameter "password" =  "6209"	[MsgId: MMSG-13992]
Action.c(59): Marg Grasmick Loggedin using username [Marg_Grasmick] and password [6209]	[MsgId: MMSG-17999]
Action.c(64): Notify: Parameter Substitution: parameter "first_name" =  "Marg"	[MsgId: MMSG-13992]
Action.c(64): Notify: Parameter Substitution: parameter "last_name" =  "Grasmick"	[MsgId: MMSG-13992]
Action.c(64): Notify: Parameter Substitution: parameter "username" =  "Marg_Grasmick"	[MsgId: MMSG-13992]
Action.c(64): Notify: Parameter Substitution: parameter "password" =  "6209"	[MsgId: MMSG-13992]
Marg Grasmick Loggedin using username [Marg_Grasmick] and password [6209]
Action.c(70): lr_think_time: 5.00 seconds.	[MsgId: MMSG-15948]
Ending action Action.	[MsgId: MMSG-15918]
Ending iteration 2.	[MsgId: MMSG-15965]
Starting iteration 3.	[MsgId: MMSG-15968]
Starting action Action.	[MsgId: MMSG-15919]
Action.c(52): Notify: Saving Parameter "first_name = ".	[MsgId: MMSG-13798]
Action.c(19): Notify: Transaction "BP5_LoginNew_GetData" started.	[MsgId: MMSG-16999]
Action.c(26): Notify: Transaction "BP5_LoginNew_GetData" ended with "Pass" status (Duration: 0.0028 Wasted Time: 0.0028).	[MsgId: MMSG-16871]
Action.c(36): Notify: Saving Parameter "first_name = Laquita".	[MsgId: MMSG-13798]
Action.c(36): Notify: Saving Parameter "_VTS_ID = 10_03-Jun-2014 16:49:51.671".	[MsgId: MMSG-13798]
Action.c(36): Notify: Saving Parameter "password = 3326".	[MsgId: MMSG-13798]
Action.c(36): Notify: Saving Parameter "last_name = Hisaw".	[MsgId: MMSG-13798]
Action.c(36): Notify: Saving Parameter "username = Laquita_Hisaw".	[MsgId: MMSG-13798]
Action.c(56): Notify: Parameter Substitution: parameter "first_name" =  "Laquita"	[MsgId: MMSG-13992]
Action.c(59): Notify: Parameter Substitution: parameter "first_name" =  "Laquita"	[MsgId: MMSG-13992]
Action.c(59): Notify: Parameter Substitution: parameter "last_name" =  "Hisaw"	[MsgId: MMSG-13992]
Action.c(59): Notify: Parameter Substitution: parameter "username" =  "Laquita_Hisaw"	[MsgId: MMSG-13992]
Action.c(59): Notify: Parameter Substitution: parameter "password" =  "3326"	[MsgId: MMSG-13992]
Action.c(59): Laquita Hisaw Loggedin using username [Laquita_Hisaw] and password [3326]	[MsgId: MMSG-17999]
Action.c(64): Notify: Parameter Substitution: parameter "first_name" =  "Laquita"	[MsgId: MMSG-13992]
Action.c(64): Notify: Parameter Substitution: parameter "last_name" =  "Hisaw"	[MsgId: MMSG-13992]
Action.c(64): Notify: Parameter Substitution: parameter "username" =  "Laquita_Hisaw"	[MsgId: MMSG-13992]
Action.c(64): Notify: Parameter Substitution: parameter "password" =  "3326"	[MsgId: MMSG-13992]
Laquita Hisaw Loggedin using username [Laquita_Hisaw] and password [3326]
Action.c(70): lr_think_time: 5.00 seconds.	[MsgId: MMSG-15948]
Ending action Action.	[MsgId: MMSG-15918]
Ending iteration 3.	[MsgId: MMSG-15965]
Starting iteration 4.	[MsgId: MMSG-15968]
Starting action Action.	[MsgId: MMSG-15919]
Action.c(52): Notify: Saving Parameter "first_name = ".	[MsgId: MMSG-13798]
Action.c(19): Notify: Transaction "BP5_LoginNew_GetData" started.	[MsgId: MMSG-16999]
Action.c(26): Notify: Transaction "BP5_LoginNew_GetData" ended with "Pass" status (Duration: 0.0028 Wasted Time: 0.0028).	[MsgId: MMSG-16871]
Action.c(36): Notify: Saving Parameter "first_name = Lura".	[MsgId: MMSG-13798]
Action.c(36): Notify: Saving Parameter "_VTS_ID = 10_03-Jun-2014 16:50:01.768".	[MsgId: MMSG-13798]
Action.c(36): Notify: Saving Parameter "password = 6697".	[MsgId: MMSG-13798]
Action.c(36): Notify: Saving Parameter "last_name = Manzella".	[MsgId: MMSG-13798]
Action.c(36): Notify: Saving Parameter "username = Lura_Manzella".	[MsgId: MMSG-13798]
Action.c(56): Notify: Parameter Substitution: parameter "first_name" =  "Lura"	[MsgId: MMSG-13992]
Action.c(59): Notify: Parameter Substitution: parameter "first_name" =  "Lura"	[MsgId: MMSG-13992]
Action.c(59): Notify: Parameter Substitution: parameter "last_name" =  "Manzella"	[MsgId: MMSG-13992]
Action.c(59): Notify: Parameter Substitution: parameter "username" =  "Lura_Manzella"	[MsgId: MMSG-13992]
Action.c(59): Notify: Parameter Substitution: parameter "password" =  "6697"	[MsgId: MMSG-13992]
Action.c(59): Lura Manzella Loggedin using username [Lura_Manzella] and password [6697]	[MsgId: MMSG-17999]
Action.c(64): Notify: Parameter Substitution: parameter "first_name" =  "Lura"	[MsgId: MMSG-13992]
Action.c(64): Notify: Parameter Substitution: parameter "last_name" =  "Manzella"	[MsgId: MMSG-13992]
Action.c(64): Notify: Parameter Substitution: parameter "username" =  "Lura_Manzella"	[MsgId: MMSG-13992]
Action.c(64): Notify: Parameter Substitution: parameter "password" =  "6697"	[MsgId: MMSG-13992]
Lura Manzella Loggedin using username [Lura_Manzella] and password [6697]
Action.c(70): lr_think_time: 5.00 seconds.	[MsgId: MMSG-15948]
Ending action Action.	[MsgId: MMSG-15918]
Ending iteration 4.	[MsgId: MMSG-15965]
Starting iteration 5.	[MsgId: MMSG-15968]
Starting action Action.	[MsgId: MMSG-15919]
Action.c(52): Notify: Saving Parameter "first_name = ".	[MsgId: MMSG-13798]
Action.c(19): Notify: Transaction "BP5_LoginNew_GetData" started.	[MsgId: MMSG-16999]
Action.c(26): Notify: Transaction "BP5_LoginNew_GetData" ended with "Pass" status (Duration: 0.0038 Wasted Time: 0.0038).	[MsgId: MMSG-16871]
Action.c(36): Notify: Saving Parameter "first_name = Yuette".	[MsgId: MMSG-13798]
Action.c(36): Notify: Saving Parameter "_VTS_ID = 10_03-Jun-2014 16:50:11.797".	[MsgId: MMSG-13798]
Action.c(36): Notify: Saving Parameter "password = 6823".	[MsgId: MMSG-13798]
Action.c(36): Notify: Saving Parameter "last_name = Klapec".	[MsgId: MMSG-13798]
Action.c(36): Notify: Saving Parameter "username = Yuette_Klapec".	[MsgId: MMSG-13798]
Action.c(56): Notify: Parameter Substitution: parameter "first_name" =  "Yuette"	[MsgId: MMSG-13992]
Action.c(59): Notify: Parameter Substitution: parameter "first_name" =  "Yuette"	[MsgId: MMSG-13992]
Action.c(59): Notify: Parameter Substitution: parameter "last_name" =  "Klapec"	[MsgId: MMSG-13992]
Action.c(59): Notify: Parameter Substitution: parameter "username" =  "Yuette_Klapec"	[MsgId: MMSG-13992]
Action.c(59): Notify: Parameter Substitution: parameter "password" =  "6823"	[MsgId: MMSG-13992]
Action.c(59): Yuette Klapec Loggedin using username [Yuette_Klapec] and password [6823]	[MsgId: MMSG-17999]
Action.c(64): Notify: Parameter Substitution: parameter "first_name" =  "Yuette"	[MsgId: MMSG-13992]
Action.c(64): Notify: Parameter Substitution: parameter "last_name" =  "Klapec"	[MsgId: MMSG-13992]
Action.c(64): Notify: Parameter Substitution: parameter "username" =  "Yuette_Klapec"	[MsgId: MMSG-13992]
Action.c(64): Notify: Parameter Substitution: parameter "password" =  "6823"	[MsgId: MMSG-13992]
Yuette Klapec Loggedin using username [Yuette_Klapec] and password [6823]
Action.c(70): lr_think_time: 5.00 seconds.	[MsgId: MMSG-15948]
Ending action Action.	[MsgId: MMSG-15918]
Ending iteration 5.	[MsgId: MMSG-15965]
Starting iteration 6.	[MsgId: MMSG-15968]
Starting action Action.	[MsgId: MMSG-15919]
Action.c(52): Notify: Saving Parameter "first_name = ".	[MsgId: MMSG-13798]
Action.c(19): Notify: Transaction "BP5_LoginNew_GetData" started.	[MsgId: MMSG-16999]
Action.c(26): Notify: Transaction "BP5_LoginNew_GetData" ended with "Pass" status (Duration: 0.0022 Wasted Time: 0.0022).	[MsgId: MMSG-16871]
Action.c(36): Notify: Saving Parameter "first_name = ".	[MsgId: MMSG-13798]
Action.c(36): Notify: Saving Parameter "_VTS_ID = ".	[MsgId: MMSG-13798]
Action.c(36): Notify: Saving Parameter "password = ".	[MsgId: MMSG-13798]
Action.c(36): Notify: Saving Parameter "last_name = ".	[MsgId: MMSG-13798]
Action.c(36): Notify: Saving Parameter "username = ".	[MsgId: MMSG-13798]
Action.c(56): Notify: Parameter Substitution: parameter "first_name" =  ""	[MsgId: MMSG-13992]
Action.c(76): No data for user login...waiting for 50 seconds.	[MsgId: MMSG-17999]
No data for user login...waiting for 50 seconds.
Action.c(79): lr_think_time: 50.00 seconds.	[MsgId: MMSG-15948]
Ending action Action.	[MsgId: MMSG-15918]
Ending iteration 6.	[MsgId: MMSG-15965]
Starting iteration 7.	[MsgId: MMSG-15968]
Starting action Action.	[MsgId: MMSG-15919]
Action.c(52): Notify: Saving Parameter "first_name = ".	[MsgId: MMSG-13798]
Action.c(19): Notify: Transaction "BP5_LoginNew_GetData" started.	[MsgId: MMSG-16999]
Action.c(26): Notify: Transaction "BP5_LoginNew_GetData" ended with "Pass" status (Duration: 0.0063 Wasted Time: 0.0062).	[MsgId: MMSG-16871]
Action.c(36): Notify: Saving Parameter "first_name = Charlesetta".	[MsgId: MMSG-13798]
Action.c(36): Notify: Saving Parameter "_VTS_ID = 10_03-Jun-2014 16:59:48.582".	[MsgId: MMSG-13798]
Action.c(36): Notify: Saving Parameter "password = 2061".	[MsgId: MMSG-13798]
Action.c(36): Notify: Saving Parameter "last_name = Erm".	[MsgId: MMSG-13798]
Action.c(36): Notify: Saving Parameter "username = Charlesetta_Erm".	[MsgId: MMSG-13798]
Action.c(56): Notify: Parameter Substitution: parameter "first_name" =  "Charlesetta"	[MsgId: MMSG-13992]
Action.c(59): Notify: Parameter Substitution: parameter "first_name" =  "Charlesetta"	[MsgId: MMSG-13992]
Action.c(59): Notify: Parameter Substitution: parameter "last_name" =  "Erm"	[MsgId: MMSG-13992]
Action.c(59): Notify: Parameter Substitution: parameter "username" =  "Charlesetta_Erm"	[MsgId: MMSG-13992]
Action.c(59): Notify: Parameter Substitution: parameter "password" =  "2061"	[MsgId: MMSG-13992]
Action.c(59): Charlesetta Erm Loggedin using username [Charlesetta_Erm] and password [2061]	[MsgId: MMSG-17999]
Action.c(64): Notify: Parameter Substitution: parameter "first_name" =  "Charlesetta"	[MsgId: MMSG-13992]
Action.c(64): Notify: Parameter Substitution: parameter "last_name" =  "Erm"	[MsgId: MMSG-13992]
Action.c(64): Notify: Parameter Substitution: parameter "username" =  "Charlesetta_Erm"	[MsgId: MMSG-13992]
Action.c(64): Notify: Parameter Substitution: parameter "password" =  "2061"	[MsgId: MMSG-13992]
Charlesetta Erm Loggedin using username [Charlesetta_Erm] and password [2061]
Action.c(70): lr_think_time: 5.00 seconds.	[MsgId: MMSG-15948]
Ending action Action.	[MsgId: MMSG-15918]
Ending iteration 7.	[MsgId: MMSG-15965]
Starting iteration 8.	[MsgId: MMSG-15968]
Starting action Action.	[MsgId: MMSG-15919]
Action.c(52): Notify: Saving Parameter "first_name = ".	[MsgId: MMSG-13798]
Action.c(19): Notify: Transaction "BP5_LoginNew_GetData" started.	[MsgId: MMSG-16999]
Action.c(26): Notify: Transaction "BP5_LoginNew_GetData" ended with "Pass" status (Duration: 0.0090 Wasted Time: 0.0089).	[MsgId: MMSG-16871]
Action.c(36): Notify: Saving Parameter "first_name = Corrinne".	[MsgId: MMSG-13798]
Action.c(36): Notify: Saving Parameter "_VTS_ID = 10_03-Jun-2014 16:59:58.611".	[MsgId: MMSG-13798]
Action.c(36): Notify: Saving Parameter "password = 9917".	[MsgId: MMSG-13798]
Action.c(36): Notify: Saving Parameter "last_name = Jaret".	[MsgId: MMSG-13798]
Action.c(36): Notify: Saving Parameter "username = Corrinne_Jaret".	[MsgId: MMSG-13798]
Action.c(56): Notify: Parameter Substitution: parameter "first_name" =  "Corrinne"	[MsgId: MMSG-13992]
Action.c(59): Notify: Parameter Substitution: parameter "first_name" =  "Corrinne"	[MsgId: MMSG-13992]
Action.c(59): Notify: Parameter Substitution: parameter "last_name" =  "Jaret"	[MsgId: MMSG-13992]
Action.c(59): Notify: Parameter Substitution: parameter "username" =  "Corrinne_Jaret"	[MsgId: MMSG-13992]
Action.c(59): Notify: Parameter Substitution: parameter "password" =  "9917"	[MsgId: MMSG-13992]
Action.c(59): Corrinne Jaret Loggedin using username [Corrinne_Jaret] and password [9917]	[MsgId: MMSG-17999]
Action.c(64): Notify: Parameter Substitution: parameter "first_name" =  "Corrinne"	[MsgId: MMSG-13992]
Action.c(64): Notify: Parameter Substitution: parameter "last_name" =  "Jaret"	[MsgId: MMSG-13992]
Action.c(64): Notify: Parameter Substitution: parameter "username" =  "Corrinne_Jaret"	[MsgId: MMSG-13992]
Action.c(64): Notify: Parameter Substitution: parameter "password" =  "9917"	[MsgId: MMSG-13992]
Corrinne Jaret Loggedin using username [Corrinne_Jaret] and password [9917]
Action.c(70): lr_think_time: 5.00 seconds.	[MsgId: MMSG-15948]
Ending action Action.	[MsgId: MMSG-15918]
Ending iteration 8.	[MsgId: MMSG-15965]
Starting iteration 9.	[MsgId: MMSG-15968]
Starting action Action.	[MsgId: MMSG-15919]
Action.c(52): Notify: Saving Parameter "first_name = ".	[MsgId: MMSG-13798]
Action.c(19): Notify: Transaction "BP5_LoginNew_GetData" started.	[MsgId: MMSG-16999]
Action.c(26): Notify: Transaction "BP5_LoginNew_GetData" ended with "Pass" status (Duration: 0.0071 Wasted Time: 0.0070).	[MsgId: MMSG-16871]
Action.c(36): Notify: Saving Parameter "first_name = Niesha".	[MsgId: MMSG-13798]
Action.c(36): Notify: Saving Parameter "_VTS_ID = 10_03-Jun-2014 17:00:08.641".	[MsgId: MMSG-13798]
Action.c(36): Notify: Saving Parameter "password = 3599".	[MsgId: MMSG-13798]
Action.c(36): Notify: Saving Parameter "last_name = Bruch".	[MsgId: MMSG-13798]
Action.c(36): Notify: Saving Parameter "username = Niesha_Bruch".	[MsgId: MMSG-13798]
Action.c(56): Notify: Parameter Substitution: parameter "first_name" =  "Niesha"	[MsgId: MMSG-13992]
Action.c(59): Notify: Parameter Substitution: parameter "first_name" =  "Niesha"	[MsgId: MMSG-13992]
Action.c(59): Notify: Parameter Substitution: parameter "last_name" =  "Bruch"	[MsgId: MMSG-13992]
Action.c(59): Notify: Parameter Substitution: parameter "username" =  "Niesha_Bruch"	[MsgId: MMSG-13992]
Action.c(59): Notify: Parameter Substitution: parameter "password" =  "3599"	[MsgId: MMSG-13992]
Action.c(59): Niesha Bruch Loggedin using username [Niesha_Bruch] and password [3599]	[MsgId: MMSG-17999]
Action.c(64): Notify: Parameter Substitution: parameter "first_name" =  "Niesha"	[MsgId: MMSG-13992]
Action.c(64): Notify: Parameter Substitution: parameter "last_name" =  "Bruch"	[MsgId: MMSG-13992]
Action.c(64): Notify: Parameter Substitution: parameter "username" =  "Niesha_Bruch"	[MsgId: MMSG-13992]
Action.c(64): Notify: Parameter Substitution: parameter "password" =  "3599"	[MsgId: MMSG-13992]
Niesha Bruch Loggedin using username [Niesha_Bruch] and password [3599]
Action.c(70): lr_think_time: 5.00 seconds.	[MsgId: MMSG-15948]
Ending action Action.	[MsgId: MMSG-15918]
Ending iteration 9.	[MsgId: MMSG-15965]
Starting iteration 10.	[MsgId: MMSG-15968]
Starting action Action.	[MsgId: MMSG-15919]
Action.c(52): Notify: Saving Parameter "first_name = ".	[MsgId: MMSG-13798]
Action.c(19): Notify: Transaction "BP5_LoginNew_GetData" started.	[MsgId: MMSG-16999]
Action.c(26): Notify: Transaction "BP5_LoginNew_GetData" ended with "Pass" status (Duration: 0.0062 Wasted Time: 0.0061).	[MsgId: MMSG-16871]
Action.c(36): Notify: Saving Parameter "first_name = Rueben".	[MsgId: MMSG-13798]
Action.c(36): Notify: Saving Parameter "_VTS_ID = 10_03-Jun-2014 17:00:18.664".	[MsgId: MMSG-13798]
Action.c(36): Notify: Saving Parameter "password = 3713".	[MsgId: MMSG-13798]
Action.c(36): Notify: Saving Parameter "last_name = Gastellum".	[MsgId: MMSG-13798]
Action.c(36): Notify: Saving Parameter "username = Rueben_Gastellum".	[MsgId: MMSG-13798]
Action.c(56): Notify: Parameter Substitution: parameter "first_name" =  "Rueben"	[MsgId: MMSG-13992]
Action.c(59): Notify: Parameter Substitution: parameter "first_name" =  "Rueben"	[MsgId: MMSG-13992]
Action.c(59): Notify: Parameter Substitution: parameter "last_name" =  "Gastellum"	[MsgId: MMSG-13992]
Action.c(59): Notify: Parameter Substitution: parameter "username" =  "Rueben_Gastellum"	[MsgId: MMSG-13992]
Action.c(59): Notify: Parameter Substitution: parameter "password" =  "3713"	[MsgId: MMSG-13992]
Action.c(59): Rueben Gastellum Loggedin using username [Rueben_Gastellum] and password [3713]	[MsgId: MMSG-17999]
Action.c(64): Notify: Parameter Substitution: parameter "first_name" =  "Rueben"	[MsgId: MMSG-13992]
Action.c(64): Notify: Parameter Substitution: parameter "last_name" =  "Gastellum"	[MsgId: MMSG-13992]
Action.c(64): Notify: Parameter Substitution: parameter "username" =  "Rueben_Gastellum"	[MsgId: MMSG-13992]
Action.c(64): Notify: Parameter Substitution: parameter "password" =  "3713"	[MsgId: MMSG-13992]
Rueben Gastellum Loggedin using username [Rueben_Gastellum] and password [3713]
Action.c(70): lr_think_time: 5.00 seconds.	[MsgId: MMSG-15948]
Ending action Action.	[MsgId: MMSG-15918]
Ending iteration 10.	[MsgId: MMSG-15965]
Starting iteration 11.	[MsgId: MMSG-15968]
Starting action Action.	[MsgId: MMSG-15919]
Action.c(52): Notify: Saving Parameter "first_name = ".	[MsgId: MMSG-13798]
Action.c(19): Notify: Transaction "BP5_LoginNew_GetData" started.	[MsgId: MMSG-16999]
Action.c(26): Notify: Transaction "BP5_LoginNew_GetData" ended with "Pass" status (Duration: 0.0099 Wasted Time: 0.0099).	[MsgId: MMSG-16871]
Action.c(36): Notify: Saving Parameter "first_name = Michell".	[MsgId: MMSG-13798]
Action.c(36): Notify: Saving Parameter "_VTS_ID = 10_03-Jun-2014 17:00:28.696".	[MsgId: MMSG-13798]
Action.c(36): Notify: Saving Parameter "password = 1704".	[MsgId: MMSG-13798]
Action.c(36): Notify: Saving Parameter "last_name = Throssell".	[MsgId: MMSG-13798]
Action.c(36): Notify: Saving Parameter "username = Michell_Throssell".	[MsgId: MMSG-13798]
Action.c(56): Notify: Parameter Substitution: parameter "first_name" =  "Michell"	[MsgId: MMSG-13992]
Action.c(59): Notify: Parameter Substitution: parameter "first_name" =  "Michell"	[MsgId: MMSG-13992]
Action.c(59): Notify: Parameter Substitution: parameter "last_name" =  "Throssell"	[MsgId: MMSG-13992]
Action.c(59): Notify: Parameter Substitution: parameter "username" =  "Michell_Throssell"	[MsgId: MMSG-13992]
Action.c(59): Notify: Parameter Substitution: parameter "password" =  "1704"	[MsgId: MMSG-13992]
Action.c(59): Michell Throssell Loggedin using username [Michell_Throssell] and password [1704]	[MsgId: MMSG-17999]
Action.c(64): Notify: Parameter Substitution: parameter "first_name" =  "Michell"	[MsgId: MMSG-13992]
Action.c(64): Notify: Parameter Substitution: parameter "last_name" =  "Throssell"	[MsgId: MMSG-13992]
Action.c(64): Notify: Parameter Substitution: parameter "username" =  "Michell_Throssell"	[MsgId: MMSG-13992]
Action.c(64): Notify: Parameter Substitution: parameter "password" =  "1704"	[MsgId: MMSG-13992]
Michell Throssell Loggedin using username [Michell_Throssell] and password [1704]
Action.c(70): lr_think_time: 5.00 seconds.	[MsgId: MMSG-15948]
Ending action Action.	[MsgId: MMSG-15918]
Ending iteration 11.	[MsgId: MMSG-15965]
Starting iteration 12.	[MsgId: MMSG-15968]
Starting action Action.	[MsgId: MMSG-15919]
Action.c(52): Notify: Saving Parameter "first_name = ".	[MsgId: MMSG-13798]
Action.c(19): Notify: Transaction "BP5_LoginNew_GetData" started.	[MsgId: MMSG-16999]
Action.c(26): Notify: Transaction "BP5_LoginNew_GetData" ended with "Pass" status (Duration: 0.0015 Wasted Time: 0.0015).	[MsgId: MMSG-16871]
Action.c(36): Notify: Saving Parameter "first_name = ".	[MsgId: MMSG-13798]
Action.c(36): Notify: Saving Parameter "_VTS_ID = ".	[MsgId: MMSG-13798]
Action.c(36): Notify: Saving Parameter "password = ".	[MsgId: MMSG-13798]
Action.c(36): Notify: Saving Parameter "last_name = ".	[MsgId: MMSG-13798]
Action.c(36): Notify: Saving Parameter "username = ".	[MsgId: MMSG-13798]
Action.c(56): Notify: Parameter Substitution: parameter "first_name" =  ""	[MsgId: MMSG-13992]
Action.c(76): No data for user login...waiting for 50 seconds.	[MsgId: MMSG-17999]
No data for user login...waiting for 50 seconds.
Action.c(79): lr_think_time: 50.00 seconds.	[MsgId: MMSG-15948]
Ending action Action.	[MsgId: MMSG-15918]
Action was aborted.	[MsgId: MMSG-10694]
Ending Vuser...	[MsgId: MMSG-15966]
Starting action vuser_end.	[MsgId: MMSG-15919]
Ending action vuser_end.	[MsgId: MMSG-15918]
Vuser Terminated.	[MsgId: MMSG-15963]
Vuser 0 (thread 1828), ended OK."	[MsgId: MMSG-10695]
