Virtual User Script started at : 6/3/2014 3:41:40 PM	[MsgId: MMSG-15967]
Starting action vuser_init.	[MsgId: MMSG-15919]
Web Turbo Replay of LoadRunner 12.0.0 for Windows 8; build 1362 (Feb  2 2014 23:20:03)  	[MsgId: MMSG-27143]
Run mode: HTML  	[MsgId: MMSG-26993]
Run-Time Settings file: "C:\Users\gordona.TRUSTIV\AppData\Local\Temp\lr5tmpdirqzc.236\lrcfgvpi.237\cfgzl7.242"  	[MsgId: MMSG-27141]
Vuser directory: "C:\Data\LoadRunnerScripts\VTS3_Demo\VTS3_Demo3_LoginAsNewCustomer"  	[MsgId: MMSG-27052]
Vuser output directory: "C:\Data\LoadRunnerScripts\VTS3_Demo\VTS3_Demo3_LoginAsNewCustomer"  	[MsgId: MMSG-27050]
Operating system's current working directory: "C:\Data\LoadRunnerScripts\VTS3_Demo\VTS3_Demo3_LoginAsNewCustomer"  	[MsgId: MMSG-27048]
UTC (GMT) start date/time   : 2014-06-03 14:41:40  	[MsgId: MMSG-26992]
LOCAL start date/time       : 2014-06-03 15:41:40  	[MsgId: MMSG-26991]
Local daylight-Savings-Time : Yes  	[MsgId: MMSG-26990]
Some of the Run-Time Settings:  	[MsgId: MMSG-27142]
    Download non-HTML resources: Yes  	[MsgId: MMSG-27018]
    Verification checks: No  	[MsgId: MMSG-27017]
    Convert from/to UTF-8: No  	[MsgId: MMSG-27016]
    Simulate a new user each iteration: Yes  	[MsgId: MMSG-27009]
    Non-critical item errors as warnings: Yes  	[MsgId: MMSG-27008]
    HTTP errors as warnings: No  	[MsgId: MMSG-27007]
    WinInet replay instead of Sockets: No  	[MsgId: MMSG-27006]
    HTTP version: 1.1  	[MsgId: MMSG-27005]
    Keep-Alive HTTP connections: Yes  	[MsgId: MMSG-27004]
    Max self Meta refresh updates: 2  	[MsgId: MMSG-27003]
    No proxy is used (direct connection to the Internet)  	[MsgId: MMSG-27171]
    DNS caching: Yes  	[MsgId: MMSG-27035]
    Simulate browser cache: Yes  	[MsgId: MMSG-27034]
        Cache URLs requiring content (e.g., HTMLs): Yes  	[MsgId: MMSG-27033]
            Additional URLs requiring content: text/xml;text/plain  	[MsgId: MMSG-27032]
        Check for newer versions every visit to the page: No  	[MsgId: MMSG-27031]
    Page download timeout (sec): 120  	[MsgId: MMSG-27030]
    Resource Page Timeout is a Warning: No  	[MsgId: MMSG-27029]
    ContentCheck enabled: Yes  	[MsgId: MMSG-27028]
    ContentCheck script-level file: "C:\Users\gordona.TRUSTIV\AppData\Local\Temp\lr5tmpdirqzc.236\lrcfgvpi.237\LrwiAedScript.xml"  	[MsgId: MMSG-27027]
    Enable Web Page Breakdown: Yes  	[MsgId: MMSG-27026]
    Enable connection data points: Yes  	[MsgId: MMSG-27023]
    Process socket after reschedule: Yes  	[MsgId: MMSG-27022]
    Snapshot on error: No  	[MsgId: MMSG-27021]
    Define each step as a transaction: No  	[MsgId: MMSG-27020]
    Read beyond Content-Length: No  	[MsgId: MMSG-26994]
    Parse HTML Content-Type: TEXT  	[MsgId: MMSG-26999]
    Graph hits per second and HTTP status codes: Yes  	[MsgId: MMSG-26998]
    Graph response bytes per second: Yes  	[MsgId: MMSG-26997]
    Graph pages per second: No  	[MsgId: MMSG-26996]
    Web recorder version ID: 8  	[MsgId: MMSG-26995]
Ending action vuser_init.	[MsgId: MMSG-15918]
Running Vuser...	[MsgId: MMSG-15964]
Starting iteration 1.	[MsgId: MMSG-15968]
Maximum number of concurrent connections per server: 2  	[MsgId: MMSG-26000]
Starting action Action.	[MsgId: MMSG-15919]
Action.c(40): Notify: Saving Parameter "first_name = ".	[MsgId: MMSG-13798]
Action.c(18): Notify: Transaction "BP5_LoginNew_GetData" started.	[MsgId: MMSG-16999]
Action.c(25): Notify: Transaction "BP5_LoginNew_GetData" ended with "Pass" status (Duration: 0.0144 Wasted Time: 0.0144).	[MsgId: MMSG-16871]
Action.c(44): Notify: Parameter Substitution: parameter "first_name" =  ""	[MsgId: MMSG-13992]
Action.c(59): No data for user login...waiting for 50 seconds.	[MsgId: MMSG-17999]
Action.c(60): lr_think_time: 50.00 seconds.	[MsgId: MMSG-15948]
Ending action Action.	[MsgId: MMSG-15918]
Ending iteration 1.	[MsgId: MMSG-15965]
Starting iteration 2.	[MsgId: MMSG-15968]
Action.c(62): Resetting all proxy auto-configuration information  	[MsgId: MMSG-26000]
Starting action Action.	[MsgId: MMSG-15919]
Action.c(40): Notify: Saving Parameter "first_name = ".	[MsgId: MMSG-13798]
Action.c(18): Notify: Transaction "BP5_LoginNew_GetData" started.	[MsgId: MMSG-16999]
Action.c(25): Notify: Transaction "BP5_LoginNew_GetData" ended with "Pass" status (Duration: 0.0021 Wasted Time: 0.0021).	[MsgId: MMSG-16871]
Action.c(44): Notify: Parameter Substitution: parameter "first_name" =  ""	[MsgId: MMSG-13992]
Action.c(59): No data for user login...waiting for 50 seconds.	[MsgId: MMSG-17999]
Action.c(60): lr_think_time: 50.00 seconds.	[MsgId: MMSG-15948]
Ending action Action.	[MsgId: MMSG-15918]
Action was aborted.	[MsgId: MMSG-10694]
Ending Vuser...	[MsgId: MMSG-15966]
Starting action vuser_end.	[MsgId: MMSG-15919]
Ending action vuser_end.	[MsgId: MMSG-15918]
Vuser Terminated.	[MsgId: MMSG-15963]
HTML-Mode memory management statistics: Reusable=0, NonReusable=0, CsMemBlockSize=4096, checks disabled  	[MsgId: MMSG-26000]
Vuser 0 (thread 4068), ended OK."	[MsgId: MMSG-10695]
